
Gurobi 7.5.2 (linux64, C++) logging started Sat Mar 10 07:30:46 2018

Academic license - for non-commercial use only
Optimize a model with 3834 rows, 1969 columns and 13228 nonzeros
Variable types: 0 continuous, 1969 integer (1969 binary)
Coefficient statistics:
  Matrix range     [1e+00, 1e+00]
  Objective range  [2e+00, 2e+02]
  Bounds range     [1e+00, 1e+00]
  RHS range        [1e+00, 1e+00]

Loaded MIP start with objective 285

Presolve time: 0.01s
Presolved: 3834 rows, 1969 columns, 13228 nonzeros
Variable types: 0 continuous, 1969 integer (1969 binary)

Root relaxation: objective 1.592500e+02, 363 iterations, 0.01 seconds

    Nodes    |    Current Node    |     Objective Bounds      |     Work
 Expl Unexpl |  Obj  Depth IntInf | Incumbent    BestBd   Gap | It/Node Time

     0     0  159.25000    0   23  285.00000  159.25000  44.1%     -    0s
     0     0  170.00000    0   53  285.00000  170.00000  40.4%     -    0s
     0     0  175.87755    0   79  285.00000  175.87755  38.3%     -    0s
     0     0  177.28571    0   76  285.00000  177.28571  37.8%     -    0s
     0     0  177.32632    0   78  285.00000  177.32632  37.8%     -    0s
     0     0  177.45173    0   87  285.00000  177.45173  37.7%     -    0s
     0     0  179.41176    0   79  285.00000  179.41176  37.0%     -    0s
     0     0  179.46667    0   76  285.00000  179.46667  37.0%     -    0s
     0     0  180.04972    0  109  285.00000  180.04972  36.8%     -    0s
     0     0  180.34328    0   99  285.00000  180.34328  36.7%     -    0s
     0     0  180.35593    0  101  285.00000  180.35593  36.7%     -    0s
     0     0  180.42918    0  110  285.00000  180.42918  36.7%     -    0s
     0     0  180.48534    0  141  285.00000  180.48534  36.7%     -    0s
     0     0  180.52542    0   95  285.00000  180.52542  36.7%     -    0s
     0     0  180.52656    0  145  285.00000  180.52656  36.7%     -    0s
     0     0  180.55313    0  150  285.00000  180.55313  36.6%     -    0s
     0     0  180.55320    0  150  285.00000  180.55320  36.6%     -    0s
     0     0  180.63636    0  109  285.00000  180.63636  36.6%     -    0s
     0     0  180.64516    0  107  285.00000  180.64516  36.6%     -    0s
     0     0  180.64516    0  107  285.00000  180.64516  36.6%     -    1s
     0     2  180.66839    0  107  285.00000  180.66839  36.6%     -    1s
*  382   278             104     259.0000000  183.41176  29.2%  15.0    2s
   530   390  243.88889   67  100  259.00000  185.82408  28.3%  15.5    5s
* 1328   633             116     249.0000000  195.74359  21.4%  23.3    9s
  1619   729  200.42308   18   37  249.00000  198.48840  20.3%  23.7   10s
  2975  1721  235.47023   62  234  249.00000  203.50000  18.3%  24.6   15s
H 3000  1285                     237.0000000  203.50000  14.1%  24.5   15s
* 3070  1293              78     236.0000000  203.62500  13.7%  24.5   15s
* 3878  1764              86     235.0000000  205.22879  12.7%  24.5   18s
  4244  1983  210.54667   19   68  235.00000  206.00000  12.3%  24.5   20s
  5671  2867  228.42105   35   46  235.00000  208.33333  11.3%  24.2   25s
  6856  3493  219.87162   37  118  235.00000  209.52083  10.8%  24.4   30s
  8008  4099  211.68000   33   93  235.00000  210.56345  10.4%  24.3   35s
H 8051  4017                     234.0000000  210.56345  10.0%  24.3   35s
  9034  4503  219.25211   32  163  234.00000  211.33333  9.69%  24.5   40s
 10107  4939  225.16096   31  193  234.00000  212.09091  9.36%  24.8   45s
 11231  5423     cutoff   36       234.00000  213.20000  8.89%  25.0   50s
 12417  5903  218.40791   27  211  234.00000  213.88235  8.60%  25.2   55s
 13641  6345     cutoff   41       234.00000  214.50000  8.33%  25.2   60s
 14710  6751  231.66667   29   36  234.00000  215.00000  8.12%  25.3   65s
 15929  7126     cutoff   27       234.00000  215.83333  7.76%  25.3   70s
 17157  7572  230.82629   32  183  234.00000  216.42857  7.51%  25.3   75s
 18173  7830  223.77778   41   17  234.00000  216.81579  7.34%  25.4   80s
 19373  8211  231.87395   38  212  234.00000  217.31707  7.13%  25.4   85s
 20419  8520  223.50000   30    6  234.00000  217.79592  6.92%  25.5   90s
 21479  8866  223.10000   32   52  234.00000  218.11250  6.79%  25.5   95s
 22588  9073  227.22965   51  239  234.00000  218.58824  6.59%  25.5  100s
 23679  9268  229.52941   26   39  234.00000  219.00000  6.41%  25.5  105s
 24799  9623  229.50000   41   18  234.00000  219.30952  6.28%  25.6  110s
 25861  9828  232.75000   30   13  234.00000  219.70833  6.11%  25.6  115s
 27044 10118  230.03822   48  205  234.00000  220.00000  5.98%  25.6  120s
 28149 10322  231.10000   29   45  234.00000  220.50000  5.77%  25.6  125s
 29260 10580     cutoff   33       234.00000  220.80000  5.64%  25.7  130s
 30424 10755     cutoff   80       234.00000  221.20833  5.47%  25.7  135s
 31534 10923  224.03219   33  131  234.00000  221.60000  5.30%  25.7  140s
 32526 10991  223.46875   31  186  234.00000  221.92458  5.16%  25.7  145s
 33712 11217  224.73864   27   77  234.00000  222.16438  5.06%  25.6  150s
 34874 11251  230.37857   31  177  234.00000  222.50000  4.91%  25.6  155s
 35995 11313  226.03905   35  252  234.00000  222.83071  4.77%  25.6  160s
 37064 11481  229.14634   44   78  234.00000  223.09091  4.66%  25.6  165s
 38226 11485  224.50000   29   16  234.00000  223.50000  4.49%  25.5  170s
 39337 11508  229.29512   28  180  234.00000  223.78000  4.37%  25.5  175s
 40372 11423     cutoff   53       234.00000  224.01562  4.27%  25.5  180s
 41447 11283  231.16176   27   52  234.00000  224.42857  4.09%  25.5  185s
 42618 11143  230.69355   29   65  234.00000  224.83333  3.92%  25.5  190s
 43778 11173  232.75000   29   28  234.00000  225.00000  3.85%  25.5  195s
 44953 10979  231.60000   41   79  234.00000  225.42466  3.66%  25.4  200s
 46120 10793  232.16456   26   74  234.00000  225.75000  3.53%  25.3  205s
 47258 10606  228.78415   43   90  234.00000  226.00000  3.42%  25.3  210s
 48519 10349  229.80000   28   11  234.00000  226.41263  3.24%  25.2  215s
 49773 10011  231.99371   34  141  234.00000  226.77778  3.09%  25.1  220s
 51147  9680  231.84091   34  126  234.00000  227.11111  2.94%  25.0  225s
 52499  9186  231.00000   29   12  234.00000  227.50000  2.78%  24.8  230s
 53934  8563  231.50000   36    6  234.00000  228.00000  2.56%  24.7  235s
 55189  8002     cutoff   29       234.00000  228.33333  2.42%  24.5  240s
 56774  7098  232.41379   42   75  234.00000  228.86667  2.19%  24.3  245s
 58384  6155     cutoff   40       234.00000  229.33333  1.99%  24.1  250s
 60131  4927     cutoff   33       234.00000  229.97826  1.72%  23.8  255s
 62176  3377  231.27778   42   23  234.00000  230.66667  1.42%  23.4  260s
 64727  1221     cutoff   35       234.00000  231.79739  0.94%  22.8  265s

Cutting planes:
  Gomory: 4
  MIR: 4
  Flow cover: 12
  Zero half: 5
  Lazy constraints: 4152

Explored 66008 nodes (1481635 simplex iterations) in 266.85 seconds
Thread count was 1 (of 16 available processors)

Solution count 7: 234 235 236 ... 285

Optimal solution found (tolerance 1.00e-04)
Best objective 2.340000000000e+02, best bound 2.340000000000e+02, gap 0.0000%
