
Gurobi 7.5.2 (linux64, C++) logging started Sat Mar 10 09:31:08 2018

Academic license - for non-commercial use only
Optimize a model with 2372 rows, 1254 columns and 8070 nonzeros
Variable types: 0 continuous, 1254 integer (1254 binary)
Coefficient statistics:
  Matrix range     [1e+00, 1e+00]
  Objective range  [2e+00, 2e+02]
  Bounds range     [1e+00, 1e+00]
  RHS range        [1e+00, 1e+00]

Loaded MIP start with objective 579

Presolve time: 0.01s
Presolved: 2372 rows, 1254 columns, 8070 nonzeros
Variable types: 0 continuous, 1254 integer (1254 binary)

Root relaxation: objective 3.810312e+02, 523 iterations, 0.01 seconds

    Nodes    |    Current Node    |     Objective Bounds      |     Work
 Expl Unexpl |  Obj  Depth IntInf | Incumbent    BestBd   Gap | It/Node Time

     0     0  381.03125    0  133  579.00000  381.03125  34.2%     -    0s
H    0     0                     461.0000000  381.03125  17.3%     -    0s
     0     0  392.77778    0  152  461.00000  392.77778  14.8%     -    0s
     0     0  392.77778    0  160  461.00000  392.77778  14.8%     -    0s
     0     0  395.45588    0  158  461.00000  395.45588  14.2%     -    0s
     0     0  395.88182    0  158  461.00000  395.88182  14.1%     -    0s
     0     0  397.40720    0  152  461.00000  397.40720  13.8%     -    0s
     0     0  397.71249    0  119  461.00000  397.71249  13.7%     -    0s
     0     0  400.03918    0  155  461.00000  400.03918  13.2%     -    0s
     0     0  401.14386    0  153  461.00000  401.14386  13.0%     -    0s
     0     0  401.14510    0  155  461.00000  401.14510  13.0%     -    0s
     0     0  403.34584    0  164  461.00000  403.34584  12.5%     -    0s
     0     0  403.40741    0  165  461.00000  403.40741  12.5%     -    0s
     0     0  403.41249    0  166  461.00000  403.41249  12.5%     -    0s
     0     0  403.92816    0  160  461.00000  403.92816  12.4%     -    0s
     0     0  404.49835    0  161  461.00000  404.49835  12.3%     -    0s
     0     0  404.60351    0  167  461.00000  404.60351  12.2%     -    0s
     0     0  405.25000    0  124  461.00000  405.25000  12.1%     -    0s
     0     0  405.68293    0  163  461.00000  405.68293  12.0%     -    0s
     0     0  405.69697    0  162  461.00000  405.69697  12.0%     -    0s
     0     0  405.95556    0  164  461.00000  405.95556  11.9%     -    0s
     0     0  405.96296    0  165  461.00000  405.96296  11.9%     -    0s
     0     0  406.43190    0  161  461.00000  406.43190  11.8%     -    0s
     0     0  406.43608    0  162  461.00000  406.43608  11.8%     -    0s
     0     0  406.49057    0  162  461.00000  406.49057  11.8%     -    0s
     0     0  406.52338    0  163  461.00000  406.52338  11.8%     -    0s
     0     0  406.65568    0  160  461.00000  406.65568  11.8%     -    0s
     0     0  406.66297    0  163  461.00000  406.66297  11.8%     -    0s
     0     0  407.17536    0  176  461.00000  407.17536  11.7%     -    0s
     0     0  407.23762    0  168  461.00000  407.23762  11.7%     -    0s
     0     0  407.29243    0  171  461.00000  407.29243  11.7%     -    0s
     0     0  407.29243    0   74  461.00000  407.29243  11.7%     -    1s
     0     0  407.29243    0  144  461.00000  407.29243  11.7%     -    1s
     0     0  409.72727    0  158  461.00000  409.72727  11.1%     -    1s
     0     0  409.80000    0  160  461.00000  409.80000  11.1%     -    1s
     0     0  409.80000    0  158  461.00000  409.80000  11.1%     -    1s
     0     0  410.49279    0  175  461.00000  410.49279  11.0%     -    1s
     0     0  410.56472    0  176  461.00000  410.56472  10.9%     -    1s
     0     0  410.56472    0  176  461.00000  410.56472  10.9%     -    1s
     0     2  410.63869    0  176  461.00000  410.63869  10.9%     -    1s
*   50    48              44     460.0000000  413.80645  10.0%  22.2    1s
H  242   193                     451.0000000  414.88889  8.01%  14.4    1s
*  416   196              29     445.0000000  423.00000  4.94%  17.0    2s
*  589   198              41     442.0000000  427.68293  3.24%  20.6    3s

Cutting planes:
  Gomory: 3
  Flow cover: 1
  Zero half: 23
  Lazy constraints: 82

Explored 817 nodes (17246 simplex iterations) in 4.21 seconds
Thread count was 1 (of 16 available processors)

Solution count 6: 442 445 451 ... 579

Optimal solution found (tolerance 1.00e-04)
Best objective 4.420000000000e+02, best bound 4.420000000000e+02, gap 0.0000%
