
Gurobi 7.5.2 (linux64, C++) logging started Sat Mar 10 18:10:16 2018

Academic license - for non-commercial use only
Optimize a model with 11309 rows, 5747 columns and 39383 nonzeros
Variable types: 0 continuous, 5747 integer (5747 binary)
Coefficient statistics:
  Matrix range     [1e+00, 1e+00]
  Objective range  [1e+00, 1e+02]
  Bounds range     [1e+00, 1e+00]
  RHS range        [1e+00, 1e+00]

Loaded MIP start with objective 102

Presolve time: 0.04s
Presolved: 11309 rows, 5747 columns, 39383 nonzeros
Variable types: 0 continuous, 5747 integer (5747 binary)

Root relaxation: objective 4.480220e+01, 591 iterations, 0.04 seconds

    Nodes    |    Current Node    |     Objective Bounds      |     Work
 Expl Unexpl |  Obj  Depth IntInf | Incumbent    BestBd   Gap | It/Node Time

     0     0   44.80220    0   85  102.00000   44.80220  56.1%     -    0s
     0     0   48.92857    0   67  102.00000   48.92857  52.0%     -    1s
     0     0   48.92857    0   84  102.00000   48.92857  52.0%     -    1s
     0     0   51.25573    0   99  102.00000   51.25573  49.7%     -    1s
     0     0   52.34770    0   99  102.00000   52.34770  48.7%     -    2s
     0     0   52.60991    0  114  102.00000   52.60991  48.4%     -    2s
     0     0   52.84093    0   99  102.00000   52.84093  48.2%     -    2s
     0     0   52.85945    0  101  102.00000   52.85945  48.2%     -    2s
     0     0   52.86430    0  103  102.00000   52.86430  48.2%     -    2s
     0     0   53.13310    0  128  102.00000   53.13310  47.9%     -    2s
     0     0   53.22161    0  130  102.00000   53.22161  47.8%     -    3s
     0     0   53.22204    0  130  102.00000   53.22204  47.8%     -    3s
     0     0   53.30647    0  131  102.00000   53.30647  47.7%     -    3s
     0     0   53.48669    0  123  102.00000   53.48669  47.6%     -    4s
     0     0   53.53984    0  126  102.00000   53.53984  47.5%     -    4s
     0     0   53.54200    0  128  102.00000   53.54200  47.5%     -    4s
     0     0   54.09729    0  127  102.00000   54.09729  47.0%     -    4s
     0     0   54.21379    0  126  102.00000   54.21379  46.8%     -    4s
     0     0   54.25961    0  136  102.00000   54.25961  46.8%     -    4s
     0     0   54.85079    0  140  102.00000   54.85079  46.2%     -    4s
     0     0   54.85079    0  140  102.00000   54.85079  46.2%     -    5s
     0     0   54.89995    0  127  102.00000   54.89995  46.2%     -    6s
     0     0   54.89995    0   95  102.00000   54.89995  46.2%     -    9s
     0     0   54.89995    0  136  102.00000   54.89995  46.2%     -   10s
     0     0   54.89995    0   96  102.00000   54.89995  46.2%     -   11s
     0     0   55.01724    0  108  102.00000   55.01724  46.1%     -   11s
     0     0   55.28392    0  145  102.00000   55.28392  45.8%     -   11s
     0     0   55.29430    0  116  102.00000   55.29430  45.8%     -   11s
     0     0   55.43451    0  149  102.00000   55.43451  45.7%     -   11s
     0     0   55.44525    0  132  102.00000   55.44525  45.6%     -   11s
     0     0   55.46808    0  131  102.00000   55.46808  45.6%     -   11s
     0     0   55.46839    0  117  102.00000   55.46839  45.6%     -   11s
     0     0   55.48772    0  132  102.00000   55.48772  45.6%     -   11s
     0     0   55.54614    0  124  102.00000   55.54614  45.5%     -   12s
     0     0   55.54614    0  124  102.00000   55.54614  45.5%     -   15s
     0     0   55.64502    0  156  102.00000   55.64502  45.4%     -   16s
     0     0   55.67768    0  164  102.00000   55.67768  45.4%     -   19s
     0     0   55.69274    0  166  102.00000   55.69274  45.4%     -   19s
     0     0   55.77078    0  159  102.00000   55.77078  45.3%     -   19s
     0     0   55.77363    0  159  102.00000   55.77363  45.3%     -   19s
     0     0   55.77418    0  161  102.00000   55.77418  45.3%     -   19s
     0     0   55.88638    0  150  102.00000   55.88638  45.2%     -   19s
     0     0   55.88638    0  150  102.00000   55.88638  45.2%     -   20s
     0     0   55.92206    0  152  102.00000   55.92206  45.2%     -   21s
     0     0   56.05385    0  158  102.00000   56.05385  45.0%     -   21s
     0     2   56.05901    0  158  102.00000   56.05901  45.0%     -   22s
   303   282   86.19424   66  309  102.00000   57.23459  43.9%  28.6   25s
   514   476   70.37037   46  131  102.00000   58.00000  43.1%  24.5   37s
   516   477   88.50000   99  142  102.00000   58.00000  43.1%  24.5   40s
   554   505   65.63015   19  327  102.00000   58.00000  43.1%  31.0   45s
  1105   617   99.50000   47    9  102.00000   60.27202  40.9%  45.5   50s
  1825   918   91.09220   44  167  102.00000   63.37500  37.9%  47.1   55s
* 2393   875             184      92.0000000   64.56479  29.8%  45.2   58s
  2711  1117   80.20000   26   13   92.00000   65.50413  28.8%  45.8   60s
  3622  1689   81.67665   41  201   92.00000   67.00000  27.2%  46.4   65s
  4402  2255   85.15673   30  246   92.00000   67.78571  26.3%  45.8   70s
  5183  2818   80.81818   28   57   92.00000   68.45833  25.6%  46.7   75s
  6076  3457   89.47222   46   76   92.00000   69.42105  24.5%  47.3   80s
  6763  3904   82.63577   28  252   92.00000   69.74055  24.2%  48.0   85s
  7379  4330   89.46795   48  117   92.00000   70.16667  23.7%  48.3   90s
  8142  4832   87.46154   36   72   92.00000   70.50000  23.4%  48.4   95s
  8853  5276   89.61765   25   38   92.00000   70.78571  23.1%  48.7  100s
  9511  5639   76.66055   46  233   92.00000   71.08333  22.7%  49.4  105s
  9972  5886     cutoff   54        92.00000   71.43333  22.4%  50.2  110s
 10602  6154   77.08046   24   51   92.00000   71.75439  22.0%  50.6  115s
 11316  6533   85.62698   23   50   92.00000   72.11572  21.6%  50.8  120s
 11944  6905   85.20000   54   15   92.00000   72.37071  21.3%  51.7  125s
 12466  7162   77.57389   30  297   92.00000   72.55556  21.1%  52.3  130s
 13098  7546   85.75000   31  293   92.00000   72.72917  20.9%  52.6  135s
 13753  7840   83.56364  102   71   92.00000   73.00000  20.7%  52.8  140s
 14258  8054   87.89396   28  286   92.00000   73.09091  20.6%  53.4  145s
 14755  8285   74.68750   25   15   92.00000   73.37778  20.2%  53.9  150s
*14978  7742              32      90.0000000   73.45283  18.4%  54.1  152s
 15157  7827   78.60388   52  388   90.00000   73.50000  18.3%  54.4  155s
*15432  7481             108      89.0000000   73.52381  17.4%  54.4  157s
 15816  7629   87.48609   29  329   89.00000   73.73854  17.1%  54.5  160s
 16411  7865   85.09249   26  353   89.00000   74.00000  16.9%  55.1  165s
 16975  8148   81.74663   18   99   89.00000   74.16667  16.7%  55.2  170s
 17594  8439     cutoff   25        89.00000   74.44391  16.4%  55.4  175s
*17943  5482              31      85.0000000   74.52703  12.3%  55.5  178s
*18000  3795              38      83.0000000   74.59191  10.1%  55.6  178s
 18179  3786   81.33333   25   69   83.00000   74.83962  9.83%  55.5  180s
 18798  3791   79.39437   21   67   83.00000   75.25883  9.33%  55.5  185s
 19553  3700     cutoff   29        83.00000   76.00000  8.43%  55.5  190s
 20297  3644   80.39645   25  128   83.00000   76.50000  7.83%  55.3  195s
 21082  3449     cutoff   56        83.00000   77.30000  6.87%  55.2  200s
 21884  3225     cutoff   46        83.00000   78.00000  6.02%  54.8  205s
 22551  2949   80.80000   26   35   83.00000   78.54545  5.37%  54.6  210s
 23435  2509     cutoff   26        83.00000   79.27660  4.49%  54.1  215s
 24618  1696   81.10714   19   60   83.00000   80.25962  3.30%  52.8  220s

Cutting planes:
  Gomory: 2
  MIR: 1
  Flow cover: 10
  Zero half: 18
  Mod-K: 1
  Lazy constraints: 2324

Explored 26476 nodes (1326149 simplex iterations) in 224.35 seconds
Thread count was 1 (of 16 available processors)

Solution count 6: 83 85 89 ... 102

Optimal solution found (tolerance 1.00e-04)
Best objective 8.300000000000e+01, best bound 8.300000000000e+01, gap 0.0000%

Gurobi 7.5.2 (linux64, C++) logging started Sat Mar 10 19:20:03 2018

Academic license - for non-commercial use only
Optimize a model with 11309 rows, 5747 columns and 39383 nonzeros
Variable types: 0 continuous, 5747 integer (5747 binary)
Coefficient statistics:
  Matrix range     [1e+00, 1e+00]
  Objective range  [1e+00, 1e+02]
  Bounds range     [1e+00, 1e+00]
  RHS range        [1e+00, 1e+00]

Loaded MIP start with objective 102

Presolve time: 0.05s
Presolved: 11309 rows, 5747 columns, 39383 nonzeros
Variable types: 0 continuous, 5747 integer (5747 binary)

Root relaxation: objective 4.480220e+01, 591 iterations, 0.05 seconds

    Nodes    |    Current Node    |     Objective Bounds      |     Work
 Expl Unexpl |  Obj  Depth IntInf | Incumbent    BestBd   Gap | It/Node Time

     0     0   44.80220    0   85  102.00000   44.80220  56.1%     -    0s
     0     0   48.92857    0   67  102.00000   48.92857  52.0%     -    1s
     0     0   48.92857    0   84  102.00000   48.92857  52.0%     -    1s
     0     0   51.25573    0   99  102.00000   51.25573  49.7%     -    2s
     0     0   52.34770    0   99  102.00000   52.34770  48.7%     -    2s
     0     0   52.60991    0  114  102.00000   52.60991  48.4%     -    2s
     0     0   52.84093    0   99  102.00000   52.84093  48.2%     -    3s
     0     0   52.85945    0  101  102.00000   52.85945  48.2%     -    3s
     0     0   52.86430    0  103  102.00000   52.86430  48.2%     -    3s
     0     0   53.13310    0  128  102.00000   53.13310  47.9%     -    3s
     0     0   53.22161    0  130  102.00000   53.22161  47.8%     -    4s
     0     0   53.22204    0  130  102.00000   53.22204  47.8%     -    4s
     0     0   53.30647    0  131  102.00000   53.30647  47.7%     -    4s
     0     0   53.48669    0  123  102.00000   53.48669  47.6%     -    4s
     0     0   53.53984    0  126  102.00000   53.53984  47.5%     -    5s
     0     0   53.54200    0  128  102.00000   53.54200  47.5%     -    5s
     0     0   54.09729    0  127  102.00000   54.09729  47.0%     -    5s
     0     0   54.21379    0  126  102.00000   54.21379  46.8%     -    5s
     0     0   54.25961    0  136  102.00000   54.25961  46.8%     -    5s
     0     0   54.85079    0  140  102.00000   54.85079  46.2%     -    5s
     0     0   54.89995    0  127  102.00000   54.89995  46.2%     -    7s
     0     0   54.89995    0  127  102.00000   54.89995  46.2%     -   10s
     0     0   54.89995    0   95  102.00000   54.89995  46.2%     -   10s

Gurobi 7.5.2 (linux64, C++) logging started Sat Mar 10 19:20:35 2018

Academic license - for non-commercial use only
Optimize a model with 11309 rows, 5747 columns and 39383 nonzeros
Variable types: 0 continuous, 5747 integer (5747 binary)
Coefficient statistics:
  Matrix range     [1e+00, 1e+00]
  Objective range  [1e+00, 1e+02]
  Bounds range     [1e+00, 1e+00]
  RHS range        [1e+00, 1e+00]

Loaded MIP start with objective 102

Presolve time: 0.05s
Presolved: 11309 rows, 5747 columns, 39383 nonzeros
Variable types: 0 continuous, 5747 integer (5747 binary)

Root relaxation: objective 4.480220e+01, 591 iterations, 0.05 seconds

    Nodes    |    Current Node    |     Objective Bounds      |     Work
 Expl Unexpl |  Obj  Depth IntInf | Incumbent    BestBd   Gap | It/Node Time

     0     0   44.80220    0   85  102.00000   44.80220  56.1%     -    0s
     0     0   48.92857    0   67  102.00000   48.92857  52.0%     -    1s
     0     0   48.92857    0   84  102.00000   48.92857  52.0%     -    1s
     0     0   51.25573    0   99  102.00000   51.25573  49.7%     -    2s
     0     0   52.34770    0   99  102.00000   52.34770  48.7%     -    2s
     0     0   52.60991    0  114  102.00000   52.60991  48.4%     -    2s
     0     0   52.84093    0   99  102.00000   52.84093  48.2%     -    3s
     0     0   52.85945    0  101  102.00000   52.85945  48.2%     -    3s
     0     0   52.86430    0  103  102.00000   52.86430  48.2%     -    3s
     0     0   53.13310    0  128  102.00000   53.13310  47.9%     -    3s
     0     0   53.22161    0  130  102.00000   53.22161  47.8%     -    3s
     0     0   53.22204    0  130  102.00000   53.22204  47.8%     -    3s
     0     0   53.30647    0  131  102.00000   53.30647  47.7%     -    3s
     0     0   53.48669    0  123  102.00000   53.48669  47.6%     -    4s
     0     0   53.53984    0  126  102.00000   53.53984  47.5%     -    4s
     0     0   53.54200    0  128  102.00000   53.54200  47.5%     -    4s
     0     0   54.09729    0  127  102.00000   54.09729  47.0%     -    4s
     0     0   54.09729    0  127  102.00000   54.09729  47.0%     -    5s
     0     0   54.21379    0  126  102.00000   54.21379  46.8%     -    5s
     0     0   54.25961    0  136  102.00000   54.25961  46.8%     -    5s
     0     0   54.85079    0  140  102.00000   54.85079  46.2%     -    5s
     0     0   54.89995    0  127  102.00000   54.89995  46.2%     -    6s
     0     0   54.89995    0   95  102.00000   54.89995  46.2%     -   10s
     0     0   54.89995    0  136  102.00000   54.89995  46.2%     -   11s
     0     0   54.89995    0   96  102.00000   54.89995  46.2%     -   12s
     0     0   55.01724    0  108  102.00000   55.01724  46.1%     -   12s
     0     0   55.28392    0  145  102.00000   55.28392  45.8%     -   12s
     0     0   55.29430    0  116  102.00000   55.29430  45.8%     -   12s
     0     0   55.43451    0  149  102.00000   55.43451  45.7%     -   12s
     0     0   55.44525    0  132  102.00000   55.44525  45.6%     -   12s
     0     0   55.46808    0  131  102.00000   55.46808  45.6%     -   12s
     0     0   55.46839    0  117  102.00000   55.46839  45.6%     -   12s
     0     0   55.48772    0  132  102.00000   55.48772  45.6%     -   13s
     0     0   55.54614    0  124  102.00000   55.54614  45.5%     -   14s
     0     0   55.54614    0  124  102.00000   55.54614  45.5%     -   15s
     0     0   55.64502    0  156  102.00000   55.64502  45.4%     -   18s
     0     0   55.64502    0  156  102.00000   55.64502  45.4%     -   20s
     0     0   55.67768    0  164  102.00000   55.67768  45.4%     -   21s
     0     0   55.69274    0  166  102.00000   55.69274  45.4%     -   21s
     0     0   55.77078    0  159  102.00000   55.77078  45.3%     -   21s
     0     0   55.77363    0  159  102.00000   55.77363  45.3%     -   21s
     0     0   55.77418    0  161  102.00000   55.77418  45.3%     -   21s
     0     0   55.88638    0  150  102.00000   55.88638  45.2%     -   21s
     0     0   55.92206    0  152  102.00000   55.92206  45.2%     -   24s
     0     0   56.05385    0  158  102.00000   56.05385  45.0%     -   24s
     0     2   56.05901    0  158  102.00000   56.05901  45.0%     -   24s
     4     6   57.88410    3  133  102.00000   56.56069  44.5%   127   25s
   511   474   66.11250   29   67  102.00000   58.00000  43.1%  24.7   30s
   514   476   70.37037   46  131  102.00000   58.00000  43.1%  24.5   40s
   520   480   93.84615  193  131  102.00000   58.00000  43.1%  24.3   45s
   569   515   82.18182   26   49  102.00000   58.00000  43.1%  32.8   50s
  1157   635   93.12500   31   17  102.00000   61.72656  39.5%  46.6   55s
  1803   903   79.95455   22   46  102.00000   63.37500  37.9%  47.2   60s
* 2393   875             184      92.0000000   64.56479  29.8%  45.2   63s
  2599  1027   81.40000   27   41   92.00000   65.16667  29.2%  45.8   65s
  3485  1605   73.94440   24   99   92.00000   66.69231  27.5%  45.9   70s
  4166  2050   70.13633   16  180   92.00000   67.61538  26.5%  46.4   75s
  4846  2580   68.32143   20   47   92.00000   68.22727  25.8%  46.4   80s
  5696  3229   83.31250   28   71   92.00000   69.00000  25.0%  46.4   85s
  6454  3747     cutoff   32        92.00000   69.52885  24.4%  47.2   90s
  6992  4040   90.19565   42  144   92.00000   69.98980  23.9%  48.2   95s
  7599  4506   80.10526   22   73   92.00000   70.19943  23.7%  48.1  100s
  8213  4881   77.75000   24   12   92.00000   70.50000  23.4%  48.3  105s
  8895  5291   79.00000   20  129   92.00000   70.81250  23.0%  48.7  110s
  9470  5608   81.00000   44   19   92.00000   71.02857  22.8%  49.3  115s
  9865  5860   89.00000   29   17   92.00000   71.41667  22.4%  49.8  120s
 10384  6041   83.00812   50  145   92.00000   71.55385  22.2%  50.3  125s
 10955  6339   83.71038   32   88   92.00000   72.00000  21.7%  50.9  130s
 11556  6695   85.28571   48   77   92.00000   72.15306  21.6%  51.2  135s
 12105  6988   83.52692   21  278   92.00000   72.45426  21.2%  51.9  140s
 12559  7249     cutoff  123        92.00000   72.55556  21.1%  52.1  145s
 13098  7546   85.75000   31  293   92.00000   72.72917  20.9%  52.6  150s
 13632  7764   81.70000   22   33   92.00000   72.95313  20.7%  52.9  155s
 14104  8033   88.49412   31  135   92.00000   73.00000  20.7%  53.3  160s
 14571  8181     cutoff   30        92.00000   73.27462  20.4%  53.8  165s
 14910  8367   87.68000   28   43   92.00000   73.43184  20.2%  54.1  170s
*14978  7742              32      90.0000000   73.45283  18.4%  54.1  170s
 15322  7914   83.41667   27   54   90.00000   73.51750  18.3%  54.4  175s
*15432  7481             108      89.0000000   73.52381  17.4%  54.4  175s
 15889  7659   86.81538   29  160   89.00000   73.77500  17.1%  54.6  180s
 16404  7864   77.48789   22  165   89.00000   74.00000  16.9%  55.0  185s
 16877  8079   81.76923   27   29   89.00000   74.16031  16.7%  55.2  190s
 17387  8382   86.45455   41   38   89.00000   74.33029  16.5%  55.4  195s
 17900  8545   80.12353   20  199   89.00000   74.51645  16.3%  55.5  200s
*17943  5482              31      85.0000000   74.52703  12.3%  55.5  200s
*18000  3795              38      83.0000000   74.59191  10.1%  55.6  201s
 18427  3793     cutoff   26        83.00000   75.00000  9.64%  55.5  205s
 18987  3759   81.81892   24   71   83.00000   75.47826  9.06%  55.5  210s
 19651  3688   77.07317   36  242   83.00000   76.02083  8.41%  55.4  215s
 20276  3645   80.50000   26   38   83.00000   76.50000  7.83%  55.3  220s
 20915  3479   81.13529   26  196   83.00000   77.16667  7.03%  55.2  225s
 21629  3307   80.62262   32  373   83.00000   77.76511  6.31%  54.9  230s
 22145  3175   81.55556   40   44   83.00000   78.15000  5.84%  54.8  235s
 22862  2823     cutoff   35        83.00000   78.79888  5.06%  54.5  240s
 23676  2351     cutoff   57        83.00000   79.48276  4.24%  53.9  245s
 24678  1663   81.49102   26  205   83.00000   80.28933  3.27%  52.8  250s
 26461    14     cutoff   31        83.00000   82.00000  1.20%  50.0  255s

Cutting planes:
  Gomory: 2
  MIR: 1
  Flow cover: 10
  Zero half: 18
  Mod-K: 1
  Lazy constraints: 2324

Explored 26476 nodes (1326149 simplex iterations) in 255.04 seconds
Thread count was 1 (of 16 available processors)

Solution count 6: 83 85 89 ... 102

Optimal solution found (tolerance 1.00e-04)
Best objective 8.300000000000e+01, best bound 8.300000000000e+01, gap 0.0000%
