
Gurobi 7.5.2 (linux64, C++) logging started Fri Mar  9 21:08:47 2018

Academic license - for non-commercial use only
Optimize a model with 1327 rows, 697 columns and 4515 nonzeros
Variable types: 0 continuous, 697 integer (697 binary)
Coefficient statistics:
  Matrix range     [1e+00, 1e+00]
  Objective range  [4e+00, 1e+02]
  Bounds range     [1e+00, 1e+00]
  RHS range        [1e+00, 1e+00]

Loaded MIP start with objective 270

Presolve time: 0.00s
Presolved: 1327 rows, 697 columns, 4515 nonzeros
Variable types: 0 continuous, 697 integer (697 binary)

Root relaxation: objective 1.765000e+02, 199 iterations, 0.00 seconds

    Nodes    |    Current Node    |     Objective Bounds      |     Work
 Expl Unexpl |  Obj  Depth IntInf | Incumbent    BestBd   Gap | It/Node Time

     0     0  176.50000    0   22  270.00000  176.50000  34.6%     -    0s
     0     0  183.00000    0   26  270.00000  183.00000  32.2%     -    0s
     0     0  184.00000    0   17  270.00000  184.00000  31.9%     -    0s
     0     0  190.25806    0   57  270.00000  190.25806  29.5%     -    0s
     0     0  190.65000    0   55  270.00000  190.65000  29.4%     -    0s
     0     0  190.75000    0   41  270.00000  190.75000  29.4%     -    0s
     0     0  193.48485    0   72  270.00000  193.48485  28.3%     -    0s
H    0     0                     265.0000000  193.48485  27.0%     -    0s
     0     0  194.06383    0   67  265.00000  194.06383  26.8%     -    0s
     0     0  194.06383    0   67  265.00000  194.06383  26.8%     -    0s
H    0     0                     231.0000000  194.06383  16.0%     -    0s
     0     0  194.06383    0   33  231.00000  194.06383  16.0%     -    0s
     0     0  194.06383    0   62  231.00000  194.06383  16.0%     -    0s
     0     0  195.10526    0   60  231.00000  195.10526  15.5%     -    0s
     0     0  196.00000    0   77  231.00000  196.00000  15.2%     -    0s
     0     0  196.04444    0   81  231.00000  196.04444  15.1%     -    0s
     0     0  196.38356    0  123  231.00000  196.38356  15.0%     -    0s
     0     0  196.38356    0  123  231.00000  196.38356  15.0%     -    0s
     0     2  196.72222    0  122  231.00000  196.72222  14.8%     -    0s

Cutting planes:
  Gomory: 3
  MIR: 2
  Zero half: 2
  Mod-K: 1
  Lazy constraints: 476

Explored 1306 nodes (15390 simplex iterations) in 1.10 seconds
Thread count was 1 (of 16 available processors)

Solution count 3: 231 265 270 

Optimal solution found (tolerance 1.00e-04)
Best objective 2.310000000000e+02, best bound 2.310000000000e+02, gap 0.0000%
