
Gurobi 7.5.2 (linux64, C++) logging started Fri Mar  9 21:08:42 2018

Academic license - for non-commercial use only
Optimize a model with 2202 rows, 1131 columns and 7594 nonzeros
Variable types: 0 continuous, 1131 integer (1131 binary)
Coefficient statistics:
  Matrix range     [1e+00, 1e+00]
  Objective range  [2e+00, 2e+02]
  Bounds range     [1e+00, 1e+00]
  RHS range        [1e+00, 1e+00]

Loaded MIP start with objective 203

Presolve time: 0.01s
Presolved: 2202 rows, 1131 columns, 7594 nonzeros
Variable types: 0 continuous, 1131 integer (1131 binary)

Root relaxation: objective 1.062500e+02, 180 iterations, 0.00 seconds

    Nodes    |    Current Node    |     Objective Bounds      |     Work
 Expl Unexpl |  Obj  Depth IntInf | Incumbent    BestBd   Gap | It/Node Time

     0     0  106.25000    0   14  203.00000  106.25000  47.7%     -    0s
     0     0  122.75000    0    8  203.00000  122.75000  39.5%     -    0s
     0     0  138.31579    0   77  203.00000  138.31579  31.9%     -    0s
     0     0  138.31579    0   77  203.00000  138.31579  31.9%     -    0s
     0     0  141.78947    0   72  203.00000  141.78947  30.2%     -    0s
     0     0  142.28571    0   98  203.00000  142.28571  29.9%     -    0s
     0     0  143.37500    0   62  203.00000  143.37500  29.4%     -    0s
     0     0  143.75260    0   85  203.00000  143.75260  29.2%     -    0s
     0     0  144.18530    0   85  203.00000  144.18530  29.0%     -    0s
     0     0  144.21538    0   82  203.00000  144.21538  29.0%     -    0s
     0     0  144.24602    0   83  203.00000  144.24602  28.9%     -    0s
     0     0  144.27400    0   93  203.00000  144.27400  28.9%     -    0s
     0     0  144.32119    0  120  203.00000  144.32119  28.9%     -    0s
     0     0  144.46264    0  117  203.00000  144.46264  28.8%     -    0s
     0     0  144.48990    0   85  203.00000  144.48990  28.8%     -    0s
     0     0  144.49735    0   97  203.00000  144.49735  28.8%     -    0s
     0     0  144.49735    0   96  203.00000  144.49735  28.8%     -    0s
     0     0  144.49735    0   77  203.00000  144.49735  28.8%     -    1s
     0     0  144.49735    0  121  203.00000  144.49735  28.8%     -    1s
     0     0  144.97199    0  110  203.00000  144.97199  28.6%     -    1s
     0     0  145.05770    0  103  203.00000  145.05770  28.5%     -    1s
     0     0  145.08115    0  122  203.00000  145.08115  28.5%     -    1s
     0     0  145.08207    0  123  203.00000  145.08207  28.5%     -    1s
     0     0  145.17960    0  100  203.00000  145.17960  28.5%     -    1s
     0     0  145.23614    0   87  203.00000  145.23614  28.5%     -    1s
     0     0  145.24118    0   98  203.00000  145.24118  28.5%     -    1s
     0     0  145.25398    0  136  203.00000  145.25398  28.4%     -    1s
     0     2  145.27219    0  136  203.00000  145.27219  28.4%     -    1s
*  254   119              46     182.0000000  150.00000  17.6%  16.0    1s
* 1075   246              53     181.0000000  163.33333  9.76%  19.4    3s
* 1293   253              48     180.0000000  166.75000  7.36%  19.0    4s
* 1520   260              50     179.0000000  169.00000  5.59%  18.3    4s
H 1856   144                     178.0000000  173.19231  2.70%  17.3    4s
  1889   116     cutoff   37       178.00000  174.11111  2.18%  17.2    5s

Cutting planes:
  Gomory: 7
  Flow cover: 5
  Zero half: 4
  Lazy constraints: 393

Explored 2028 nodes (34575 simplex iterations) in 5.07 seconds
Thread count was 1 (of 16 available processors)

Solution count 6: 178 179 180 ... 203

Optimal solution found (tolerance 1.00e-04)
Best objective 1.780000000000e+02, best bound 1.780000000000e+02, gap 0.0000%
