
Gurobi 7.5.2 (linux64, C++) logging started Fri Mar  9 21:08:41 2018

Academic license - for non-commercial use only
Optimize a model with 1440 rows, 745 columns and 4942 nonzeros
Variable types: 0 continuous, 745 integer (745 binary)
Coefficient statistics:
  Matrix range     [1e+00, 1e+00]
  Objective range  [1e+00, 2e+02]
  Bounds range     [1e+00, 1e+00]
  RHS range        [1e+00, 1e+00]

Loaded MIP start with objective 142

Presolve time: 0.00s
Presolved: 1440 rows, 745 columns, 4942 nonzeros
Variable types: 0 continuous, 745 integer (745 binary)

Root relaxation: objective 9.650000e+01, 109 iterations, 0.00 seconds

    Nodes    |    Current Node    |     Objective Bounds      |     Work
 Expl Unexpl |  Obj  Depth IntInf | Incumbent    BestBd   Gap | It/Node Time

     0     0   96.50000    0   24  142.00000   96.50000  32.0%     -    0s
     0     0  100.00000    0   36  142.00000  100.00000  29.6%     -    0s
     0     0  100.00000    0   36  142.00000  100.00000  29.6%     -    0s
     0     0  101.62500    0   31  142.00000  101.62500  28.4%     -    0s
     0     0  103.00000    0   33  142.00000  103.00000  27.5%     -    0s
     0     0  103.66667    0   35  142.00000  103.66667  27.0%     -    0s
     0     0  104.33333    0   38  142.00000  104.33333  26.5%     -    0s
     0     0  105.66667    0   45  142.00000  105.66667  25.6%     -    0s
     0     0  105.80000    0   45  142.00000  105.80000  25.5%     -    0s
     0     0  106.00000    0   44  142.00000  106.00000  25.4%     -    0s
     0     0  106.00000    0   44  142.00000  106.00000  25.4%     -    0s
     0     0  106.00000    0   29  142.00000  106.00000  25.4%     -    0s
     0     0  106.00000    0   36  142.00000  106.00000  25.4%     -    0s
     0     0  106.00000    0   44  142.00000  106.00000  25.4%     -    0s
     0     0  106.00000    0   46  142.00000  106.00000  25.4%     -    0s
     0     0  106.14286    0   39  142.00000  106.14286  25.3%     -    0s
     0     0  106.16667    0   45  142.00000  106.16667  25.2%     -    0s
     0     0  106.19048    0   47  142.00000  106.19048  25.2%     -    0s
     0     0  106.29412    0   46  142.00000  106.29412  25.1%     -    0s
     0     0  106.63889    0   48  142.00000  106.63889  24.9%     -    0s
     0     0  106.68750    0   49  142.00000  106.68750  24.9%     -    0s
     0     0  107.14286    0   41  142.00000  107.14286  24.5%     -    0s
     0     0  107.19565    0   47  142.00000  107.19565  24.5%     -    0s
     0     0  107.25000    0   49  142.00000  107.25000  24.5%     -    0s
     0     0  107.27778    0   51  142.00000  107.27778  24.5%     -    0s
     0     0  107.27778    0   50  142.00000  107.27778  24.5%     -    0s
     0     2  107.28571    0   51  142.00000  107.28571  24.4%     -    0s
*  120    35              16     131.0000000  117.00000  10.7%   9.5    0s

Cutting planes:
  Gomory: 4
  MIR: 4
  Zero half: 11
  Lazy constraints: 154

Explored 353 nodes (3480 simplex iterations) in 0.58 seconds
Thread count was 1 (of 16 available processors)

Solution count 2: 131 142 

Optimal solution found (tolerance 1.00e-04)
Best objective 1.310000000000e+02, best bound 1.310000000000e+02, gap 0.0000%
