
Gurobi 7.5.2 (linux64, C++) logging started Fri Mar  9 21:29:30 2018

Academic license - for non-commercial use only
Optimize a model with 3580 rows, 1834 columns and 12393 nonzeros
Variable types: 0 continuous, 1834 integer (1834 binary)
Coefficient statistics:
  Matrix range     [1e+00, 1e+00]
  Objective range  [1e+00, 1e+02]
  Bounds range     [1e+00, 1e+00]
  RHS range        [1e+00, 1e+00]

Loaded MIP start with objective 42

Presolve time: 0.01s
Presolved: 3580 rows, 1834 columns, 12393 nonzeros
Variable types: 0 continuous, 1834 integer (1834 binary)

Root relaxation: objective 2.700000e+01, 266 iterations, 0.01 seconds

    Nodes    |    Current Node    |     Objective Bounds      |     Work
 Expl Unexpl |  Obj  Depth IntInf | Incumbent    BestBd   Gap | It/Node Time

     0     0   27.00000    0   49   42.00000   27.00000  35.7%     -    0s
H    0     0                      31.0000000   27.00000  12.9%     -    0s
     0     0   27.87500    0   46   31.00000   27.87500  10.1%     -    0s
     0     0   27.87500    0   31   31.00000   27.87500  10.1%     -    0s
     0     0   30.00000    0   44   31.00000   30.00000  3.23%     -    0s
     0     0   30.00000    0   16   31.00000   30.00000  3.23%     -    0s
     0     0     cutoff    0        31.00000   31.00000  0.00%     -    0s

Cutting planes:
  Gomory: 1
  Zero half: 1

Explored 1 nodes (447 simplex iterations) in 0.08 seconds
Thread count was 1 (of 16 available processors)

Solution count 2: 31 42 

Optimal solution found (tolerance 1.00e-04)
Best objective 3.100000000000e+01, best bound 3.100000000000e+01, gap 0.0000%

Gurobi 7.5.2 (linux64, C++) logging started Sat Mar 10 07:24:03 2018

Academic license - for non-commercial use only
Optimize a model with 3580 rows, 1834 columns and 12393 nonzeros
Variable types: 0 continuous, 1834 integer (1834 binary)
Coefficient statistics:
  Matrix range     [1e+00, 1e+00]
  Objective range  [1e+00, 1e+02]
  Bounds range     [1e+00, 1e+00]
  RHS range        [1e+00, 1e+00]

Loaded MIP start with objective 42

Presolve time: 0.01s
Presolved: 3580 rows, 1834 columns, 12393 nonzeros
Variable types: 0 continuous, 1834 integer (1834 binary)

Root relaxation: objective 2.700000e+01, 266 iterations, 0.01 seconds

    Nodes    |    Current Node    |     Objective Bounds      |     Work
 Expl Unexpl |  Obj  Depth IntInf | Incumbent    BestBd   Gap | It/Node Time

     0     0   27.00000    0   49   42.00000   27.00000  35.7%     -    0s
H    0     0                      31.0000000   27.00000  12.9%     -    0s
     0     0   27.87500    0   46   31.00000   27.87500  10.1%     -    0s
     0     0   27.87500    0   31   31.00000   27.87500  10.1%     -    0s
     0     0   30.00000    0   44   31.00000   30.00000  3.23%     -    0s
     0     0   30.00000    0   16   31.00000   30.00000  3.23%     -    0s
     0     0     cutoff    0        31.00000   31.00000  0.00%     -    0s

Cutting planes:
  Gomory: 1
  Zero half: 1

Explored 1 nodes (447 simplex iterations) in 0.08 seconds
Thread count was 1 (of 16 available processors)

Solution count 2: 31 42 

Optimal solution found (tolerance 1.00e-04)
Best objective 3.100000000000e+01, best bound 3.100000000000e+01, gap 0.0000%
