
Gurobi 7.5.2 (linux64, C++) logging started Sat Mar 10 13:16:54 2018

Academic license - for non-commercial use only
Optimize a model with 4340 rows, 2257 columns and 14924 nonzeros
Variable types: 0 continuous, 2257 integer (2257 binary)
Coefficient statistics:
  Matrix range     [1e+00, 1e+00]
  Objective range  [1e+00, 2e+02]
  Bounds range     [1e+00, 1e+00]
  RHS range        [1e+00, 1e+00]

Loaded MIP start with objective 243

Presolve time: 0.01s
Presolved: 4340 rows, 2257 columns, 14924 nonzeros
Variable types: 0 continuous, 2257 integer (2257 binary)

Root relaxation: objective 1.745455e+02, 692 iterations, 0.02 seconds

    Nodes    |    Current Node    |     Objective Bounds      |     Work
 Expl Unexpl |  Obj  Depth IntInf | Incumbent    BestBd   Gap | It/Node Time

     0     0  174.54545    0   65  243.00000  174.54545  28.2%     -    0s
     0     0  185.38889    0  120  243.00000  185.38889  23.7%     -    0s
     0     0  185.38889    0  126  243.00000  185.38889  23.7%     -    0s
     0     0  189.40845    0  148  243.00000  189.40845  22.1%     -    0s
     0     0  189.45347    0  165  243.00000  189.45347  22.0%     -    0s
     0     0  189.47107    0  166  243.00000  189.47107  22.0%     -    0s
     0     0  189.95531    0  176  243.00000  189.95531  21.8%     -    0s
     0     0  189.97509    0  171  243.00000  189.97509  21.8%     -    0s
     0     0  189.97651    0  176  243.00000  189.97651  21.8%     -    0s
     0     0  190.24697    0  175  243.00000  190.24697  21.7%     -    0s
     0     0  190.29907    0  152  243.00000  190.29907  21.7%     -    0s
     0     0  190.36419    0  169  243.00000  190.36419  21.7%     -    0s
     0     0  190.37566    0  185  243.00000  190.37566  21.7%     -    0s
     0     0  191.71361    0  173  243.00000  191.71361  21.1%     -    0s
     0     0  191.73852    0  177  243.00000  191.73852  21.1%     -    0s
     0     0  191.95350    0  171  243.00000  191.95350  21.0%     -    0s
     0     0  191.95437    0  171  243.00000  191.95437  21.0%     -    0s
     0     0  192.01776    0  182  243.00000  192.01776  21.0%     -    0s
     0     0  192.02123    0  186  243.00000  192.02123  21.0%     -    0s
     0     0  192.10342    0  171  243.00000  192.10342  20.9%     -    0s
     0     0  192.10478    0  168  243.00000  192.10478  20.9%     -    0s
     0     0  192.10478    0  168  243.00000  192.10478  20.9%     -    0s
     0     0  192.10478    0  127  243.00000  192.10478  20.9%     -    0s
H    0     0                     236.0000000  192.10478  18.6%     -    1s
     0     0  192.10478    0  139  236.00000  192.10478  18.6%     -    1s
     0     0  192.12718    0  172  236.00000  192.12718  18.6%     -    1s
     0     0  192.13725    0  178  236.00000  192.13725  18.6%     -    1s
     0     0  192.68338    0  173  236.00000  192.68338  18.4%     -    1s
     0     0  193.04250    0  143  236.00000  193.04250  18.2%     -    1s
     0     0  193.04258    0  150  236.00000  193.04258  18.2%     -    1s
     0     0  193.45842    0  159  236.00000  193.45842  18.0%     -    1s
     0     0  193.45871    0  159  236.00000  193.45871  18.0%     -    1s
     0     0  193.58124    0  166  236.00000  193.58124  18.0%     -    1s
     0     0  193.58583    0  170  236.00000  193.58583  18.0%     -    1s
     0     0  193.61834    0  180  236.00000  193.61834  18.0%     -    1s
     0     0  193.61834    0  180  236.00000  193.61834  18.0%     -    1s
     0     0  193.61834    0  122  236.00000  193.61834  18.0%     -    1s
     0     0  193.61834    0  138  236.00000  193.61834  18.0%     -    1s
     0     0  193.61834    0  153  236.00000  193.61834  18.0%     -    1s
     0     0  193.61834    0  163  236.00000  193.61834  18.0%     -    1s
     0     0  193.61834    0  164  236.00000  193.61834  18.0%     -    1s
     0     0  193.61834    0  193  236.00000  193.61834  18.0%     -    1s
     0     0  193.62024    0  182  236.00000  193.62024  18.0%     -    1s
     0     0  193.62024    0  182  236.00000  193.62024  18.0%     -    1s
     0     2  193.63217    0  182  236.00000  193.63217  18.0%     -    1s

Cutting planes:
  Gomory: 5
  Zero half: 10
  Lazy constraints: 94

Explored 873 nodes (23781 simplex iterations) in 3.52 seconds
Thread count was 1 (of 16 available processors)

Solution count 2: 236 243 

Optimal solution found (tolerance 1.00e-04)
Best objective 2.360000000000e+02, best bound 2.360000000000e+02, gap 0.0000%
