
Gurobi 7.5.2 (linux64, C++) logging started Fri Mar  9 21:08:41 2018

Academic license - for non-commercial use only
Optimize a model with 996 rows, 522 columns and 3387 nonzeros
Variable types: 0 continuous, 522 integer (522 binary)
Coefficient statistics:
  Matrix range     [1e+00, 1e+00]
  Objective range  [1e+00, 1e+02]
  Bounds range     [1e+00, 1e+00]
  RHS range        [1e+00, 1e+00]

Loaded MIP start with objective 84

Presolve time: 0.00s
Presolved: 996 rows, 522 columns, 3387 nonzeros
Variable types: 0 continuous, 522 integer (522 binary)

Root relaxation: objective 7.300000e+01, 140 iterations, 0.00 seconds

    Nodes    |    Current Node    |     Objective Bounds      |     Work
 Expl Unexpl |  Obj  Depth IntInf | Incumbent    BestBd   Gap | It/Node Time

     0     0   73.00000    0   40   84.00000   73.00000  13.1%     -    0s
     0     0   75.50000    0   20   84.00000   75.50000  10.1%     -    0s
     0     0   75.50000    0   37   84.00000   75.50000  10.1%     -    0s
     0     0   75.50000    0   17   84.00000   75.50000  10.1%     -    0s
H    0     0                      77.0000000   75.50000  1.95%     -    0s
     0     0     cutoff    0        77.00000   77.00000  0.00%     -    0s

Cutting planes:
  Gomory: 1
  Zero half: 8

Explored 1 nodes (262 simplex iterations) in 0.02 seconds
Thread count was 1 (of 16 available processors)

Solution count 2: 77 84 

Optimal solution found (tolerance 1.00e-04)
Best objective 7.700000000000e+01, best bound 7.700000000000e+01, gap 0.0000%
