
Gurobi 7.5.2 (linux64, C++) logging started Sat Mar 10 07:35:13 2018

Academic license - for non-commercial use only
Optimize a model with 5865 rows, 2983 columns and 20259 nonzeros
Variable types: 0 continuous, 2983 integer (2983 binary)
Coefficient statistics:
  Matrix range     [1e+00, 1e+00]
  Objective range  [1e+00, 1e+02]
  Bounds range     [1e+00, 1e+00]
  RHS range        [1e+00, 1e+00]

Loaded MIP start with objective 476

Presolve removed 1241 rows and 28 columns
Presolve time: 0.02s
Presolved: 4624 rows, 2955 columns, 17749 nonzeros
Variable types: 0 continuous, 2955 integer (2955 binary)

Root relaxation: objective 3.925000e+02, 261 iterations, 0.01 seconds

    Nodes    |    Current Node    |     Objective Bounds      |     Work
 Expl Unexpl |  Obj  Depth IntInf | Incumbent    BestBd   Gap | It/Node Time

     0     0  392.50000    0    8  476.00000  392.50000  17.5%     -    0s
     0     0  430.16667    0   41  476.00000  430.16667  9.63%     -    0s
     0     0  433.60000    0   17  476.00000  433.60000  8.91%     -    0s
     0     0  433.60000    0   35  476.00000  433.60000  8.91%     -    0s
     0     0  436.00000    0   38  476.00000  436.00000  8.40%     -    0s
     0     0  438.50000    0   31  476.00000  438.50000  7.88%     -    0s
     0     0  438.50000    0   32  476.00000  438.50000  7.88%     -    0s
     0     0  438.50000    0   38  476.00000  438.50000  7.88%     -    0s
     0     0  438.50000    0   32  476.00000  438.50000  7.88%     -    0s
     0     0  438.50000    0   32  476.00000  438.50000  7.88%     -    0s
     0     0  438.50000    0   34  476.00000  438.50000  7.88%     -    0s
     0     0  438.50000    0   34  476.00000  438.50000  7.88%     -    0s
     0     0  438.50000    0   28  476.00000  438.50000  7.88%     -    0s
     0     0  441.50000    0   26  476.00000  441.50000  7.25%     -    0s
     0     0  446.06061    0   54  476.00000  446.06061  6.29%     -    0s
     0     0  446.41856    0   55  476.00000  446.41856  6.21%     -    0s
     0     0  448.50505    0   57  476.00000  448.50505  5.78%     -    0s
     0     0  448.91162    0   59  476.00000  448.91162  5.69%     -    0s
     0     0  448.91162    0   32  476.00000  448.91162  5.69%     -    0s
     0     0  448.91162    0   20  476.00000  448.91162  5.69%     -    0s
     0     0  448.91162    0   56  476.00000  448.91162  5.69%     -    0s
     0     0  448.99495    0   55  476.00000  448.99495  5.67%     -    0s
     0     0  449.46970    0   59  476.00000  449.46970  5.57%     -    0s
     0     0  449.46970    0   59  476.00000  449.46970  5.57%     -    0s
     0     0  449.74459    0   60  476.00000  449.74459  5.52%     -    0s
     0     0  449.85606    0  104  476.00000  449.85606  5.49%     -    0s
     0     0  450.19080    0  106  476.00000  450.19080  5.42%     -    0s
     0     0  450.25758    0  104  476.00000  450.25758  5.41%     -    0s
     0     0  450.26136    0  106  476.00000  450.26136  5.41%     -    0s
     0     0  450.32576    0  102  476.00000  450.32576  5.39%     -    0s
     0     0  450.32576    0  100  476.00000  450.32576  5.39%     -    0s
     0     0  450.57143    0   74  476.00000  450.57143  5.34%     -    0s
     0     0  450.62500    0   74  476.00000  450.62500  5.33%     -    0s
     0     0  450.63636    0   74  476.00000  450.63636  5.33%     -    0s
     0     0  450.86869    0   61  476.00000  450.86869  5.28%     -    0s
     0     0  451.12121    0   54  476.00000  451.12121  5.23%     -    0s
     0     0  451.36970    0   61  476.00000  451.36970  5.17%     -    0s
     0     0  451.36970    0   61  476.00000  451.36970  5.17%     -    0s
     0     0  451.36970    0   36  476.00000  451.36970  5.17%     -    0s
     0     0  451.36970    0   55  476.00000  451.36970  5.17%     -    0s
     0     0  451.36970    0   54  476.00000  451.36970  5.17%     -    0s
     0     0  451.36970    0   56  476.00000  451.36970  5.17%     -    0s
     0     0  451.36970    0   52  476.00000  451.36970  5.17%     -    0s
     0     0  451.36970    0   61  476.00000  451.36970  5.17%     -    0s
     0     0  453.14545    0   56  476.00000  453.14545  4.80%     -    0s
     0     0  453.18182    0   60  476.00000  453.18182  4.79%     -    0s
     0     0  453.18182    0   60  476.00000  453.18182  4.79%     -    1s
     0     2  453.18182    0   60  476.00000  453.18182  4.79%     -    1s
*  317   144              42     473.0000000  457.51562  3.27%  10.1    1s
*  377   162              36     472.0000000  458.00000  2.97%  10.2    1s
*  503    77              39     466.0000000  459.00000  1.50%  10.4    1s

Cutting planes:
  Gomory: 8
  MIR: 5
  Flow cover: 6
  Zero half: 6
  Lazy constraints: 9

Explored 750 nodes (10852 simplex iterations) in 2.53 seconds
Thread count was 1 (of 16 available processors)

Solution count 4: 466 472 473 476 

Optimal solution found (tolerance 1.00e-04)
Best objective 4.660000000000e+02, best bound 4.660000000000e+02, gap 0.0000%
