
Gurobi 7.5.2 (linux64, C++) logging started Sat Mar 10 18:58:47 2018

Academic license - for non-commercial use only
Optimize a model with 17446 rows, 8821 columns and 60879 nonzeros
Variable types: 0 continuous, 8821 integer (8821 binary)
Coefficient statistics:
  Matrix range     [1e+00, 1e+00]
  Objective range  [1e+00, 1e+02]
  Bounds range     [1e+00, 1e+00]
  RHS range        [1e+00, 1e+00]

Loaded MIP start with objective 58

Presolve time: 0.08s
Presolved: 17446 rows, 8821 columns, 60879 nonzeros
Variable types: 0 continuous, 8821 integer (8821 binary)

Root relaxation: objective 3.061765e+01, 662 iterations, 0.06 seconds

    Nodes    |    Current Node    |     Objective Bounds      |     Work
 Expl Unexpl |  Obj  Depth IntInf | Incumbent    BestBd   Gap | It/Node Time

     0     0   30.61765    0   52   58.00000   30.61765  47.2%     -    0s
     0     0   35.65047    0   81   58.00000   35.65047  38.5%     -    0s
     0     0   35.65047    0   69   58.00000   35.65047  38.5%     -    0s
H    0     0                      57.0000000   35.65047  37.5%     -    1s
     0     0   36.37322    0   89   57.00000   36.37322  36.2%     -    1s
     0     0   36.37322    0   84   57.00000   36.37322  36.2%     -    1s
     0     0   37.18301    0  102   57.00000   37.18301  34.8%     -    1s
     0     0   38.06022    0  109   57.00000   38.06022  33.2%     -    1s
     0     0   38.11163    0   92   57.00000   38.11163  33.1%     -    1s
     0     0   38.12684    0   77   57.00000   38.12684  33.1%     -    1s
     0     0   38.13940    0  108   57.00000   38.13940  33.1%     -    1s
     0     0   38.14186    0  112   57.00000   38.14186  33.1%     -    1s
     0     0   38.17315    0  117   57.00000   38.17315  33.0%     -    1s
     0     0   38.18156    0  108   57.00000   38.18156  33.0%     -    1s
     0     0   38.50508    0  117   57.00000   38.50508  32.4%     -    1s
     0     0   38.51627    0  134   57.00000   38.51627  32.4%     -    1s
     0     0   38.65481    0   98   57.00000   38.65481  32.2%     -    1s
     0     0   38.67009    0  100   57.00000   38.67009  32.2%     -    1s
     0     0   38.69036    0   99   57.00000   38.69036  32.1%     -    1s
     0     0   38.75814    0  111   57.00000   38.75814  32.0%     -    1s
     0     0   38.76286    0  114   57.00000   38.76286  32.0%     -    1s
     0     0   38.76301    0  117   57.00000   38.76301  32.0%     -    1s
     0     0   38.78955    0  121   57.00000   38.78955  31.9%     -    1s
     0     0   38.80219    0  116   57.00000   38.80219  31.9%     -    1s
     0     0   38.80252    0  113   57.00000   38.80252  31.9%     -    1s
     0     0   38.81733    0  119   57.00000   38.81733  31.9%     -    1s
     0     0   38.83634    0  117   57.00000   38.83634  31.9%     -    1s
     0     0   38.83707    0  117   57.00000   38.83707  31.9%     -    1s
     0     0   38.86762    0  144   57.00000   38.86762  31.8%     -    1s
     0     0   38.86786    0  144   57.00000   38.86786  31.8%     -    1s
     0     0   38.88159    0  125   57.00000   38.88159  31.8%     -    1s
     0     0   38.88249    0  125   57.00000   38.88249  31.8%     -    1s
     0     0   38.88249    0   80   57.00000   38.88249  31.8%     -    2s
     0     0   38.88249    0  122   57.00000   38.88249  31.8%     -    2s
     0     0   38.88249    0  146   57.00000   38.88249  31.8%     -    2s
     0     0   38.88249    0  149   57.00000   38.88249  31.8%     -    2s
     0     0   38.88249    0  137   57.00000   38.88249  31.8%     -    2s
     0     0   38.88249    0  141   57.00000   38.88249  31.8%     -    2s
     0     0   38.88249    0  142   57.00000   38.88249  31.8%     -    2s
     0     0   38.88249    0  117   57.00000   38.88249  31.8%     -    2s
     0     0   38.88249    0  125   57.00000   38.88249  31.8%     -    2s
     0     0   38.88249    0  131   57.00000   38.88249  31.8%     -    2s
     0     0   38.88249    0  143   57.00000   38.88249  31.8%     -    2s
     0     0   38.88249    0  122   57.00000   38.88249  31.8%     -    2s
     0     0   38.89981    0  140   57.00000   38.89981  31.8%     -    2s
     0     0   38.90488    0  143   57.00000   38.90488  31.7%     -    2s
     0     0   38.93884    0  131   57.00000   38.93884  31.7%     -    2s
     0     0   38.94923    0  135   57.00000   38.94923  31.7%     -    2s
     0     0   38.98444    0  151   57.00000   38.98444  31.6%     -    2s
     0     0   38.99120    0  143   57.00000   38.99120  31.6%     -    2s
     0     0   38.99167    0  154   57.00000   38.99167  31.6%     -    2s
     0     0   38.99175    0  161   57.00000   38.99175  31.6%     -    2s
     0     0   38.99175    0  159   57.00000   38.99175  31.6%     -    2s
     0     2   38.99205    0  159   57.00000   38.99205  31.6%     -    2s
*  410    31              11      48.0000000   43.83333  8.68%  28.3    3s

Cutting planes:
  Gomory: 7
  Zero half: 16
  Lazy constraints: 184

Explored 459 nodes (16841 simplex iterations) in 3.88 seconds
Thread count was 1 (of 16 available processors)

Solution count 3: 48 57 58 

Optimal solution found (tolerance 1.00e-04)
Best objective 4.800000000000e+01, best bound 4.800000000000e+01, gap 0.0000%

Gurobi 7.5.2 (linux64, C++) logging started Sat Mar 10 19:20:57 2018

Academic license - for non-commercial use only
Optimize a model with 17446 rows, 8821 columns and 60879 nonzeros
Variable types: 0 continuous, 8821 integer (8821 binary)
Coefficient statistics:
  Matrix range     [1e+00, 1e+00]
  Objective range  [1e+00, 1e+02]
  Bounds range     [1e+00, 1e+00]
  RHS range        [1e+00, 1e+00]

Loaded MIP start with objective 58

Presolve time: 0.09s
Presolved: 17446 rows, 8821 columns, 60879 nonzeros
Variable types: 0 continuous, 8821 integer (8821 binary)

Root relaxation: objective 3.061765e+01, 662 iterations, 0.06 seconds

    Nodes    |    Current Node    |     Objective Bounds      |     Work
 Expl Unexpl |  Obj  Depth IntInf | Incumbent    BestBd   Gap | It/Node Time

     0     0   30.61765    0   52   58.00000   30.61765  47.2%     -    0s
     0     0   35.65047    0   81   58.00000   35.65047  38.5%     -    0s
     0     0   35.65047    0   69   58.00000   35.65047  38.5%     -    0s
H    0     0                      57.0000000   35.65047  37.5%     -    1s
     0     0   36.37322    0   89   57.00000   36.37322  36.2%     -    1s
     0     0   36.37322    0   84   57.00000   36.37322  36.2%     -    1s
     0     0   37.18301    0  102   57.00000   37.18301  34.8%     -    1s
     0     0   38.06022    0  109   57.00000   38.06022  33.2%     -    1s
     0     0   38.11163    0   92   57.00000   38.11163  33.1%     -    1s
     0     0   38.12684    0   77   57.00000   38.12684  33.1%     -    1s
     0     0   38.13940    0  108   57.00000   38.13940  33.1%     -    1s
     0     0   38.14186    0  112   57.00000   38.14186  33.1%     -    1s
     0     0   38.17315    0  117   57.00000   38.17315  33.0%     -    1s
     0     0   38.18156    0  108   57.00000   38.18156  33.0%     -    1s
     0     0   38.50508    0  117   57.00000   38.50508  32.4%     -    1s
     0     0   38.51627    0  134   57.00000   38.51627  32.4%     -    1s
     0     0   38.65481    0   98   57.00000   38.65481  32.2%     -    1s
     0     0   38.67009    0  100   57.00000   38.67009  32.2%     -    1s
     0     0   38.69036    0   99   57.00000   38.69036  32.1%     -    1s
     0     0   38.75814    0  111   57.00000   38.75814  32.0%     -    1s
     0     0   38.76286    0  114   57.00000   38.76286  32.0%     -    1s
     0     0   38.76301    0  117   57.00000   38.76301  32.0%     -    1s
     0     0   38.78955    0  121   57.00000   38.78955  31.9%     -    1s
     0     0   38.80219    0  116   57.00000   38.80219  31.9%     -    1s
     0     0   38.80252    0  113   57.00000   38.80252  31.9%     -    1s
     0     0   38.81733    0  119   57.00000   38.81733  31.9%     -    1s
     0     0   38.83634    0  117   57.00000   38.83634  31.9%     -    1s
     0     0   38.83707    0  117   57.00000   38.83707  31.9%     -    1s
     0     0   38.86762    0  144   57.00000   38.86762  31.8%     -    1s
     0     0   38.86786    0  144   57.00000   38.86786  31.8%     -    1s
     0     0   38.88159    0  125   57.00000   38.88159  31.8%     -    1s
     0     0   38.88249    0  125   57.00000   38.88249  31.8%     -    1s
     0     0   38.88249    0   80   57.00000   38.88249  31.8%     -    2s
     0     0   38.88249    0  122   57.00000   38.88249  31.8%     -    2s
     0     0   38.88249    0  146   57.00000   38.88249  31.8%     -    2s
     0     0   38.88249    0  149   57.00000   38.88249  31.8%     -    2s
     0     0   38.88249    0  137   57.00000   38.88249  31.8%     -    2s
     0     0   38.88249    0  141   57.00000   38.88249  31.8%     -    2s
     0     0   38.88249    0  142   57.00000   38.88249  31.8%     -    2s
     0     0   38.88249    0  117   57.00000   38.88249  31.8%     -    2s
     0     0   38.88249    0  125   57.00000   38.88249  31.8%     -    2s
     0     0   38.88249    0  131   57.00000   38.88249  31.8%     -    2s
     0     0   38.88249    0  143   57.00000   38.88249  31.8%     -    2s
     0     0   38.88249    0  122   57.00000   38.88249  31.8%     -    2s
     0     0   38.89981    0  140   57.00000   38.89981  31.8%     -    2s
     0     0   38.90488    0  143   57.00000   38.90488  31.7%     -    2s
     0     0   38.93884    0  131   57.00000   38.93884  31.7%     -    2s
     0     0   38.94923    0  135   57.00000   38.94923  31.7%     -    2s
     0     0   38.98444    0  151   57.00000   38.98444  31.6%     -    2s
     0     0   38.99120    0  143   57.00000   38.99120  31.6%     -    2s
     0     0   38.99167    0  154   57.00000   38.99167  31.6%     -    2s
     0     0   38.99175    0  161   57.00000   38.99175  31.6%     -    2s
     0     0   38.99175    0  159   57.00000   38.99175  31.6%     -    2s
     0     2   38.99205    0  159   57.00000   38.99205  31.6%     -    3s
*  410    31              11      48.0000000   43.83333  8.68%  28.3    4s

Cutting planes:
  Gomory: 7
  Zero half: 16
  Lazy constraints: 184

Explored 459 nodes (16841 simplex iterations) in 4.17 seconds
Thread count was 1 (of 16 available processors)

Solution count 3: 48 57 58 

Optimal solution found (tolerance 1.00e-04)
Best objective 4.800000000000e+01, best bound 4.800000000000e+01, gap 0.0000%

Gurobi 7.5.2 (linux64, C++) logging started Sat Mar 10 20:42:07 2018

Academic license - for non-commercial use only
Optimize a model with 17446 rows, 8821 columns and 60879 nonzeros
Variable types: 0 continuous, 8821 integer (8821 binary)
Coefficient statistics:
  Matrix range     [1e+00, 1e+00]
  Objective range  [1e+00, 1e+02]
  Bounds range     [1e+00, 1e+00]
  RHS range        [1e+00, 1e+00]

Loaded MIP start with objective 58

Presolve time: 0.08s
Presolved: 17446 rows, 8821 columns, 60879 nonzeros
Variable types: 0 continuous, 8821 integer (8821 binary)

Root relaxation: objective 3.061765e+01, 662 iterations, 0.07 seconds

    Nodes    |    Current Node    |     Objective Bounds      |     Work
 Expl Unexpl |  Obj  Depth IntInf | Incumbent    BestBd   Gap | It/Node Time

     0     0   30.61765    0   52   58.00000   30.61765  47.2%     -    0s
     0     0   35.65047    0   81   58.00000   35.65047  38.5%     -    0s
     0     0   35.65047    0   69   58.00000   35.65047  38.5%     -    0s
H    0     0                      57.0000000   35.65047  37.5%     -    1s
     0     0   36.37322    0   89   57.00000   36.37322  36.2%     -    1s
     0     0   36.37322    0   84   57.00000   36.37322  36.2%     -    1s
     0     0   37.18301    0  102   57.00000   37.18301  34.8%     -    1s
     0     0   38.06022    0  109   57.00000   38.06022  33.2%     -    1s
     0     0   38.11163    0   92   57.00000   38.11163  33.1%     -    1s
     0     0   38.12684    0   77   57.00000   38.12684  33.1%     -    1s
     0     0   38.13940    0  108   57.00000   38.13940  33.1%     -    1s
     0     0   38.14186    0  112   57.00000   38.14186  33.1%     -    1s
     0     0   38.17315    0  117   57.00000   38.17315  33.0%     -    1s
     0     0   38.18156    0  108   57.00000   38.18156  33.0%     -    1s
     0     0   38.50508    0  117   57.00000   38.50508  32.4%     -    1s
     0     0   38.51627    0  134   57.00000   38.51627  32.4%     -    1s
     0     0   38.65481    0   98   57.00000   38.65481  32.2%     -    1s
     0     0   38.67009    0  100   57.00000   38.67009  32.2%     -    1s
     0     0   38.69036    0   99   57.00000   38.69036  32.1%     -    1s
     0     0   38.75814    0  111   57.00000   38.75814  32.0%     -    1s
     0     0   38.76286    0  114   57.00000   38.76286  32.0%     -    1s
     0     0   38.76301    0  117   57.00000   38.76301  32.0%     -    1s
     0     0   38.78955    0  121   57.00000   38.78955  31.9%     -    1s
     0     0   38.80219    0  116   57.00000   38.80219  31.9%     -    1s
     0     0   38.80252    0  113   57.00000   38.80252  31.9%     -    1s
     0     0   38.81733    0  119   57.00000   38.81733  31.9%     -    1s
     0     0   38.83634    0  117   57.00000   38.83634  31.9%     -    1s
     0     0   38.83707    0  117   57.00000   38.83707  31.9%     -    1s
     0     0   38.86762    0  144   57.00000   38.86762  31.8%     -    1s
     0     0   38.86786    0  144   57.00000   38.86786  31.8%     -    1s
     0     0   38.88159    0  125   57.00000   38.88159  31.8%     -    1s
     0     0   38.88249    0  125   57.00000   38.88249  31.8%     -    1s
     0     0   38.88249    0   80   57.00000   38.88249  31.8%     -    2s
     0     0   38.88249    0  122   57.00000   38.88249  31.8%     -    2s
     0     0   38.88249    0  146   57.00000   38.88249  31.8%     -    2s
     0     0   38.88249    0  149   57.00000   38.88249  31.8%     -    2s
     0     0   38.88249    0  137   57.00000   38.88249  31.8%     -    2s
     0     0   38.88249    0  141   57.00000   38.88249  31.8%     -    2s
     0     0   38.88249    0  142   57.00000   38.88249  31.8%     -    2s
     0     0   38.88249    0  117   57.00000   38.88249  31.8%     -    2s
     0     0   38.88249    0  125   57.00000   38.88249  31.8%     -    2s
     0     0   38.88249    0  131   57.00000   38.88249  31.8%     -    2s
     0     0   38.88249    0  143   57.00000   38.88249  31.8%     -    2s
     0     0   38.88249    0  122   57.00000   38.88249  31.8%     -    2s
     0     0   38.89981    0  140   57.00000   38.89981  31.8%     -    2s
     0     0   38.90488    0  143   57.00000   38.90488  31.7%     -    2s
     0     0   38.93884    0  131   57.00000   38.93884  31.7%     -    2s
     0     0   38.94923    0  135   57.00000   38.94923  31.7%     -    2s
     0     0   38.98444    0  151   57.00000   38.98444  31.6%     -    2s
     0     0   38.99120    0  143   57.00000   38.99120  31.6%     -    2s
     0     0   38.99167    0  154   57.00000   38.99167  31.6%     -    2s
     0     0   38.99175    0  161   57.00000   38.99175  31.6%     -    2s
     0     0   38.99175    0  159   57.00000   38.99175  31.6%     -    3s
     0     2   38.99205    0  159   57.00000   38.99205  31.6%     -    3s
*  410    31              11      48.0000000   43.83333  8.68%  28.3    4s

Cutting planes:
  Gomory: 7
  Zero half: 16
  Lazy constraints: 184

Explored 459 nodes (16841 simplex iterations) in 4.37 seconds
Thread count was 1 (of 16 available processors)

Solution count 3: 48 57 58 

Optimal solution found (tolerance 1.00e-04)
Best objective 4.800000000000e+01, best bound 4.800000000000e+01, gap 0.0000%
