
Gurobi 7.5.2 (linux64, C++) logging started Fri Mar  9 21:08:49 2018

Academic license - for non-commercial use only
Optimize a model with 991 rows, 529 columns and 3363 nonzeros
Variable types: 0 continuous, 529 integer (529 binary)
Coefficient statistics:
  Matrix range     [1e+00, 1e+00]
  Objective range  [1e+00, 1e+02]
  Bounds range     [1e+00, 1e+00]
  RHS range        [1e+00, 1e+00]

Loaded MIP start with objective 66

Presolve time: 0.00s
Presolved: 991 rows, 529 columns, 3363 nonzeros
Variable types: 0 continuous, 529 integer (529 binary)

Root relaxation: objective 4.500000e+01, 164 iterations, 0.00 seconds

    Nodes    |    Current Node    |     Objective Bounds      |     Work
 Expl Unexpl |  Obj  Depth IntInf | Incumbent    BestBd   Gap | It/Node Time

     0     0   45.00000    0   36   66.00000   45.00000  31.8%     -    0s
H    0     0                      61.0000000   45.00000  26.2%     -    0s
H    0     0                      53.0000000   45.00000  15.1%     -    0s
     0     0   49.07143    0   40   53.00000   49.07143  7.41%     -    0s
     0     0   49.07143    0   26   53.00000   49.07143  7.41%     -    0s
     0     0     cutoff    0        53.00000   53.00000  0.00%     -    0s

Cutting planes:
  Gomory: 2
  Zero half: 3

Explored 1 nodes (254 simplex iterations) in 0.02 seconds
Thread count was 1 (of 16 available processors)

Solution count 3: 53 61 66 

Optimal solution found (tolerance 1.00e-04)
Best objective 5.300000000000e+01, best bound 5.300000000000e+01, gap 0.0000%
