
Gurobi 7.5.2 (linux64, C++) logging started Sat Mar 10 09:31:12 2018

Academic license - for non-commercial use only
Optimize a model with 2779 rows, 1469 columns and 9513 nonzeros
Variable types: 0 continuous, 1469 integer (1469 binary)
Coefficient statistics:
  Matrix range     [1e+00, 1e+00]
  Objective range  [3e+00, 1e+02]
  Bounds range     [1e+00, 1e+00]
  RHS range        [1e+00, 1e+00]

Loaded MIP start with objective 138

Presolve time: 0.01s
Presolved: 2779 rows, 1469 columns, 9513 nonzeros
Variable types: 0 continuous, 1469 integer (1469 binary)

Root relaxation: objective 7.511111e+01, 425 iterations, 0.01 seconds

    Nodes    |    Current Node    |     Objective Bounds      |     Work
 Expl Unexpl |  Obj  Depth IntInf | Incumbent    BestBd   Gap | It/Node Time

     0     0   75.11111    0   39  138.00000   75.11111  45.6%     -    0s
H    0     0                     125.0000000   75.11111  39.9%     -    0s
     0     0   85.06736    0  103  125.00000   85.06736  31.9%     -    0s
     0     0   85.06736    0  119  125.00000   85.06736  31.9%     -    0s
     0     0   86.58915    0   75  125.00000   86.58915  30.7%     -    0s
     0     0   86.60105    0   79  125.00000   86.60105  30.7%     -    0s
     0     0   90.69444    0   81  125.00000   90.69444  27.4%     -    0s
     0     0   90.71094    0   78  125.00000   90.71094  27.4%     -    0s
     0     0   91.00980    0  147  125.00000   91.00980  27.2%     -    0s
     0     0   91.06241    0  145  125.00000   91.06241  27.2%     -    0s
     0     0   91.52647    0  133  125.00000   91.52647  26.8%     -    0s
     0     0   91.79469    0  136  125.00000   91.79469  26.6%     -    0s
     0     0   91.85594    0  140  125.00000   91.85594  26.5%     -    0s
     0     0   92.31226    0  131  125.00000   92.31226  26.2%     -    0s
     0     0   92.38327    0  126  125.00000   92.38327  26.1%     -    0s
     0     0   92.40074    0  133  125.00000   92.40074  26.1%     -    0s
     0     0   92.67087    0  144  125.00000   92.67087  25.9%     -    0s
     0     0   92.67670    0  144  125.00000   92.67670  25.9%     -    0s
     0     0   92.93787    0  141  125.00000   92.93787  25.6%     -    0s
     0     0   92.94999    0  144  125.00000   92.94999  25.6%     -    0s
     0     0   92.95407    0  144  125.00000   92.95407  25.6%     -    0s
     0     0   92.95407    0  118  125.00000   92.95407  25.6%     -    0s
     0     0   92.95407    0  140  125.00000   92.95407  25.6%     -    0s
     0     0   92.95407    0  145  125.00000   92.95407  25.6%     -    0s
     0     0   92.95407    0  146  125.00000   92.95407  25.6%     -    0s
     0     0   92.96453    0  146  125.00000   92.96453  25.6%     -    0s
     0     0   92.96454    0  150  125.00000   92.96454  25.6%     -    0s
     0     0   93.11082    0  145  125.00000   93.11082  25.5%     -    0s
     0     0   93.11107    0  145  125.00000   93.11107  25.5%     -    0s
     0     0   93.25970    0  172  125.00000   93.25970  25.4%     -    0s
     0     0   93.27132    0  167  125.00000   93.27132  25.4%     -    0s
     0     0   93.46934    0  145  125.00000   93.46934  25.2%     -    0s
     0     0   93.52408    0  163  125.00000   93.52408  25.2%     -    0s
     0     0   93.53706    0  156  125.00000   93.53706  25.2%     -    0s
     0     0   93.70169    0  147  125.00000   93.70169  25.0%     -    0s
     0     0   93.71885    0  151  125.00000   93.71885  25.0%     -    0s
     0     0   93.71925    0  153  125.00000   93.71925  25.0%     -    0s
     0     0   93.78225    0  126  125.00000   93.78225  25.0%     -    0s
     0     0   93.78245    0  139  125.00000   93.78245  25.0%     -    0s
     0     0   94.04053    0  140  125.00000   94.04053  24.8%     -    0s
     0     2   94.07040    0  140  125.00000   94.07040  24.7%     -    0s
*  131   107              93     122.0000000  100.87808  17.3%  19.0    1s

Cutting planes:
  Gomory: 3
  MIR: 2
  Zero half: 20
  Lazy constraints: 28

Explored 867 nodes (14957 simplex iterations) in 1.58 seconds
Thread count was 1 (of 16 available processors)

Solution count 3: 122 125 138 

Optimal solution found (tolerance 1.00e-04)
Best objective 1.220000000000e+02, best bound 1.220000000000e+02, gap 0.0000%
