
Gurobi 7.5.2 (linux64, C++) logging started Sat Mar 10 08:17:28 2018

Academic license - for non-commercial use only
Optimize a model with 7619 rows, 3871 columns and 26425 nonzeros
Variable types: 0 continuous, 3871 integer (3871 binary)
Coefficient statistics:
  Matrix range     [1e+00, 1e+00]
  Objective range  [1e+00, 1e+02]
  Bounds range     [1e+00, 1e+00]
  RHS range        [1e+00, 1e+00]

Loaded MIP start with objective 308

Presolve time: 0.03s
Presolved: 7619 rows, 3871 columns, 26425 nonzeros
Variable types: 0 continuous, 3871 integer (3871 binary)

Root relaxation: objective 1.766250e+02, 392 iterations, 0.02 seconds

    Nodes    |    Current Node    |     Objective Bounds      |     Work
 Expl Unexpl |  Obj  Depth IntInf | Incumbent    BestBd   Gap | It/Node Time

     0     0  176.62500    0   34  308.00000  176.62500  42.7%     -    0s
     0     0  195.56863    0  105  308.00000  195.56863  36.5%     -    0s
     0     0  200.14286    0   60  308.00000  200.14286  35.0%     -    0s
     0     0  201.46875    0  110  308.00000  201.46875  34.6%     -    0s
     0     0  201.48077    0  110  308.00000  201.48077  34.6%     -    0s
     0     0  201.62500    0  112  308.00000  201.62500  34.5%     -    0s
     0     0  201.63536    0  112  308.00000  201.63536  34.5%     -    0s
     0     0  201.69266    0  122  308.00000  201.69266  34.5%     -    0s
     0     0  201.95133    0   83  308.00000  201.95133  34.4%     -    1s
     0     0  202.36471    0  109  308.00000  202.36471  34.3%     -    1s
     0     0  202.50882    0  109  308.00000  202.50882  34.3%     -    1s
     0     0  202.54000    0  109  308.00000  202.54000  34.2%     -    1s
     0     0  203.08000    0  116  308.00000  203.08000  34.1%     -    1s
     0     0  203.35376    0  134  308.00000  203.35376  34.0%     -    1s
     0     2  203.45614    0  133  308.00000  203.45614  33.9%     -    3s
*   74    70              60     261.0000000  205.50000  21.3%  16.2    3s
   362   312  240.77778   37   19  261.00000  208.63333  20.1%  20.3    5s
   517   438  241.00000   34  108  261.00000  210.25758  19.4%  20.7   10s
   528   445  249.75000   35  123  261.00000  212.13940  18.7%  20.3   15s
   544   456  235.00000   20  117  261.00000  213.55977  18.2%  19.7   22s
   734   535  230.55446   40  180  261.00000  214.88926  17.7%  24.7   25s
  1689   959  220.31049   25   93  261.00000  217.98599  16.5%  24.2   30s
H 2094  1105                     255.0000000  218.62110  14.3%  23.6   31s
* 2098  1036             117     253.0000000  218.62110  13.6%  23.6   31s
  2691  1519  235.27723   85  289  253.00000  219.93375  13.1%  23.4   35s
* 3386  1830              99     250.0000000  220.80000  11.7%  22.8   38s
  3759  2125  226.43312   23   73  250.00000  221.23473  11.5%  23.1   40s
* 3847  1973              93     248.0000000  221.25000  10.8%  23.1   40s
  4552  2433  239.08444   63  252  248.00000  222.04819  10.5%  23.3   45s
  5544  3139  242.97967   29  105  248.00000  222.84202  10.1%  22.9   50s
* 6245  3489              61     247.0000000  223.04762  9.70%  23.2   54s
H 6275  3119                     245.0000000  223.10714  8.94%  23.2   54s
  6405  3211  233.52174   29   50  245.00000  223.20238  8.90%  23.2   55s
  7119  3672  226.12500   25   27  245.00000  223.66279  8.71%  23.1   60s
  7846  4121  229.25263   24   55  245.00000  224.17442  8.50%  23.1   65s
  8690  4643  231.26667   27   63  245.00000  224.71429  8.28%  23.1   70s
H 9115  4232                     243.0000000  225.00781  7.40%  23.1   72s
  9352  4365  239.07614   41  277  243.00000  225.16667  7.34%  23.2   75s
 10052  4737  238.23077   42   55  243.00000  225.64407  7.14%  23.3   80s
 10793  5118  240.36920   38  151  243.00000  226.05319  6.97%  23.2   85s
 11651  5506  240.50000   37    8  243.00000  226.50000  6.79%  23.2   90s
 12477  5887     cutoff   31       243.00000  226.85714  6.64%  23.2   95s
 13211  6175  238.35714   30   29  243.00000  227.17610  6.51%  23.1  100s
 13976  6470  238.29167   35   37  243.00000  227.45465  6.40%  23.0  105s
 14761  6822  241.25373   35   94  243.00000  227.75000  6.28%  22.9  110s
 15474  7129  233.26923   29   43  243.00000  227.98958  6.18%  23.0  115s
 16262  7470  229.69274   27   89  243.00000  228.22727  6.08%  22.9  120s
 16983  7786  238.55000   39  123  243.00000  228.44444  5.99%  23.0  125s
 17483  7982  240.11828   31   56  243.00000  228.56383  5.94%  23.0  130s
 18284  8313  240.91748   36  129  243.00000  228.75862  5.86%  22.9  135s
 19108  8623  242.00000   34   12  243.00000  229.00000  5.76%  22.8  140s
 19830  8927  234.66667   35   26  243.00000  229.20000  5.68%  22.8  145s
 20565  9231  236.82143   31   39  243.00000  229.43750  5.58%  22.8  150s
 21329  9505  238.55556   55   18  243.00000  229.60440  5.51%  22.8  155s
 21862  9724  241.43636   34   70  243.00000  229.75000  5.45%  22.8  160s
 22653  9976  238.90000   34   43  243.00000  230.00000  5.35%  22.7  165s
 23408 10287  237.66667   36   22  243.00000  230.09524  5.31%  22.7  170s
 24140 10510  232.49296   33   76  243.00000  230.25000  5.25%  22.6  175s
 24784 10765  241.33529   45  217  243.00000  230.36207  5.20%  22.6  180s
 25581 11033  240.88844   41  199  243.00000  230.52154  5.14%  22.6  185s
 26391 11255  242.00000   36   12  243.00000  230.69672  5.06%  22.5  190s
 27131 11507  241.04545   41   57  243.00000  230.86842  4.99%  22.5  195s
 27850 11724  241.62766   34   62  243.00000  231.00000  4.94%  22.5  200s
 28531 11940  239.42308   41   32  243.00000  231.00000  4.94%  22.4  205s
 29271 12165  239.24593   37  194  243.00000  231.20000  4.86%  22.4  210s
 29983 12398  234.41667   29   73  243.00000  231.32081  4.81%  22.4  215s
 30734 12622  237.12000   37  150  243.00000  231.50000  4.73%  22.4  220s
 31445 12855  239.92289   39  160  243.00000  231.58654  4.70%  22.3  225s
 32168 13045  241.48485   48  127  243.00000  231.72632  4.64%  22.3  230s
 32877 13236  235.82143   29   34  243.00000  231.86607  4.58%  22.3  235s
 33539 13428  240.93421   37   45  243.00000  232.00000  4.53%  22.3  240s
 34212 13641  240.84305   34  189  243.00000  232.00000  4.53%  22.3  245s
 34890 13791  241.00000   35    8  243.00000  232.15833  4.46%  22.3  250s
 35543 13947  237.27083   32   80  243.00000  232.25000  4.42%  22.2  255s
 36258 14121  241.16080   53  144  243.00000  232.35714  4.38%  22.2  260s
 36923 14286  238.50000   31   49  243.00000  232.50000  4.32%  22.2  265s
 37653 14453  241.25000   38   14  243.00000  232.54839  4.30%  22.1  270s
 38227 14588  238.07955   29   46  243.00000  232.63614  4.26%  22.2  275s
 38898 14756  233.62667   30   66  243.00000  232.74138  4.22%  22.1  280s
 39558 14932     cutoff   44       243.00000  232.84127  4.18%  22.2  285s
 40198 15071  241.00000   39    8  243.00000  232.93056  4.14%  22.1  290s
 40863 15280  241.16667   30   59  243.00000  233.00000  4.12%  22.1  295s
 41548 15420  241.50000   34   22  243.00000  233.00000  4.12%  22.0  300s
 42251 15540     cutoff   36       243.00000  233.12500  4.06%  22.0  305s
 42888 15645     cutoff   35       243.00000  233.20755  4.03%  22.0  310s
 43563 15781  237.33333   23   86  243.00000  233.27778  4.00%  22.0  315s
 44173 15912  241.50000   34    8  243.00000  233.34963  3.97%  22.0  320s
 44783 16044  238.93671   31   59  243.00000  233.42308  3.94%  22.0  325s
 45451 16212  234.50000   40    8  243.00000  233.50000  3.91%  22.0  330s
 46163 16351  239.50000   31   32  243.00000  233.53226  3.90%  21.9  335s
 46792 16466  236.06019   30   55  243.00000  233.62230  3.86%  21.9  340s
 47475 16666  240.50000   45    9  243.00000  233.68293  3.83%  21.9  345s
 48142 16778  241.28571   36   44  243.00000  233.75000  3.81%  21.8  350s
 48774 16864  237.70370   24   76  243.00000  233.82661  3.78%  21.8  355s
 49445 16995     cutoff   39       243.00000  233.91667  3.74%  21.8  360s
 50046 17137  238.77778   36   18  243.00000  233.98529  3.71%  21.8  365s
 50659 17281     cutoff   39       243.00000  234.00000  3.70%  21.8  370s
 51364 17430  240.25000   37   13  243.00000  234.00000  3.70%  21.7  375s
 52017 17476  241.68750   45  171  243.00000  234.08333  3.67%  21.7  380s
 52686 17565  239.05556   36   30  243.00000  234.18421  3.63%  21.7  385s
 53377 17703  241.95455   36   30  243.00000  234.25000  3.60%  21.6  390s
 53955 17788     cutoff   52       243.00000  234.32480  3.57%  21.6  395s
 54621 17830     cutoff   28       243.00000  234.40323  3.54%  21.6  400s
 55259 17937  236.76190   31   47  243.00000  234.47872  3.51%  21.6  405s
 55978 18079  240.00000   60    4  243.00000  234.50000  3.50%  21.6  410s
 56610 18172  240.00000   54   42  243.00000  234.55263  3.48%  21.6  415s
 57182 18261  239.30000   29   90  243.00000  234.62500  3.45%  21.6  420s
 57852 18385  239.50000   35    6  243.00000  234.68182  3.42%  21.5  425s
 58491 18498  238.75000   33    9  243.00000  234.74444  3.40%  21.5  430s
 59236 18612  241.50000   32   25  243.00000  234.80000  3.37%  21.5  435s
 59889 18669  240.11894   46  131  243.00000  234.85849  3.35%  21.4  440s
 60501 18744  241.16197   33  101  243.00000  234.93681  3.32%  21.4  445s
 61142 18851  241.75000   36   21  243.00000  235.00000  3.29%  21.4  450s
 61905 18950  235.25000   33    8  243.00000  235.00000  3.29%  21.4  455s
 62451 18995  237.16760   53  116  243.00000  235.00000  3.29%  21.4  460s
 63147 19096  238.66667   33   60  243.00000  235.08333  3.26%  21.3  465s
 63805 19223  242.00000   49    6  243.00000  235.14286  3.23%  21.3  470s
 64434 19223  241.87994   31  206  243.00000  235.22222  3.20%  21.3  475s
 65095 19285  238.50000   36   10  243.00000  235.27925  3.18%  21.3  480s
 65732 19374     cutoff   33       243.00000  235.33333  3.16%  21.3  485s
 66389 19428  239.00000   40   25  243.00000  235.40984  3.12%  21.3  490s
 67017 19501  237.50000   38   17  243.00000  235.47573  3.10%  21.3  495s
 67765 19657  239.07692   58   25  243.00000  235.50000  3.09%  21.2  500s
 68382 19745  238.00000   24   48  243.00000  235.50000  3.09%  21.2  505s
 69031 19799  239.73333   53   44  243.00000  235.57143  3.06%  21.2  510s
 69647 19816  239.60664   29  100  243.00000  235.65000  3.02%  21.2  515s
 70332 19843     cutoff   28       243.00000  235.71067  3.00%  21.1  520s
 71035 19883  241.27119   40   62  243.00000  235.75000  2.98%  21.1  525s
 71674 19928  240.66667   39    8  243.00000  235.81818  2.96%  21.1  530s
 72282 19990  238.13889   35   49  243.00000  235.86232  2.94%  21.0  535s
 72914 19996  238.50000   34   45  243.00000  235.92857  2.91%  21.0  540s
 73552 20030  237.43709   60  164  243.00000  236.00000  2.88%  21.0  545s
 74278 20127     cutoff   36       243.00000  236.00000  2.88%  21.0  550s
 75063 20172  236.75000   31   19  243.00000  236.00000  2.88%  20.9  555s
 75662 20194  241.50000   49   17  243.00000  236.01087  2.88%  20.9  560s
 76272 20220  239.07143   30   34  243.00000  236.08571  2.85%  20.9  565s
 76866 20222  241.90395   35  172  243.00000  236.13333  2.83%  20.9  570s
 77535 20211  241.80000   32   31  243.00000  236.20000  2.80%  20.9  575s
 78206 20260  239.95238   41  125  243.00000  236.25000  2.78%  20.9  580s
 78826 20294  241.66667   42    7  243.00000  236.27778  2.77%  20.9  585s
 79464 20372  240.50000   39   31  243.00000  236.33333  2.74%  20.8  590s
 80083 20391     cutoff   35       243.00000  236.37500  2.73%  20.8  595s
 80642 20376     cutoff   49       243.00000  236.42949  2.70%  20.8  600s
 81174 20346  240.91245   31  217  243.00000  236.50000  2.67%  20.8  605s
 81921 20408  241.75000   32   23  243.00000  236.50000  2.67%  20.8  610s
 82633 20373     cutoff   40       243.00000  236.51515  2.67%  20.7  615s
 83309 20396     cutoff   32       243.00000  236.59375  2.64%  20.7  620s
 83962 20359  240.00000   36   12  243.00000  236.66667  2.61%  20.7  625s
 84453 20345  240.20000   37  130  243.00000  236.70588  2.59%  20.7  630s
 85145 20277     cutoff   27       243.00000  236.77083  2.56%  20.7  635s
 85790 20223  238.26923   35   55  243.00000  236.83333  2.54%  20.6  640s
 86508 20217     cutoff   32       243.00000  236.90033  2.51%  20.6  645s
 87187 20153  241.50565   31   78  243.00000  236.99526  2.47%  20.6  650s
 87872 20193  239.06818   35   37  243.00000  237.00000  2.47%  20.6  655s
 88624 20195  240.56604   36   41  243.00000  237.00000  2.47%  20.5  660s
 89339 20130  240.53571   33   39  243.00000  237.01329  2.46%  20.5  665s
 89959 20121  240.36364   36   31  243.00000  237.08333  2.43%  20.5  670s
 90623 20083     cutoff   34       243.00000  237.14286  2.41%  20.5  675s
 91325 20029     cutoff   55       243.00000  237.20625  2.38%  20.5  680s
 91956 19980  241.50000   34   32  243.00000  237.25000  2.37%  20.4  685s
 92657 19917  241.55556   40   71  243.00000  237.29412  2.35%  20.4  690s
 93265 19882  242.00000   53    6  243.00000  237.33333  2.33%  20.4  695s
 93962 19778  241.91304   32   34  243.00000  237.40000  2.30%  20.4  700s
 94600 19643  240.18868   31   56  243.00000  237.48276  2.27%  20.4  705s
 95275 19652  240.50000   35   26  243.00000  237.50000  2.26%  20.4  710s
 96030 19557  240.08000   36   66  243.00000  237.50000  2.26%  20.3  715s
 96589 19492  238.04072   41  116  243.00000  237.56667  2.24%  20.3  720s
 97232 19458  241.26923   38   32  243.00000  237.62500  2.21%  20.3  725s
 97970 19321  240.60000   38   56  243.00000  237.70312  2.18%  20.3  730s
 98700 19206  240.50000   34   17  243.00000  237.76531  2.15%  20.2  735s
 99359 19063     cutoff   31       243.00000  237.83333  2.13%  20.2  740s
 100052 18913  241.06250   38   25  243.00000  237.91304  2.09%  20.2  745s
 100730 18768  242.00000   48    8  243.00000  238.00000  2.06%  20.2  750s
 101438 18694  241.70968   51  119  243.00000  238.00000  2.06%  20.2  755s
 102227 18614  240.90000   35   32  243.00000  238.00000  2.06%  20.1  760s
 102914 18470     cutoff   41       243.00000  238.02941  2.05%  20.1  765s
 103481 18369     cutoff   34       243.00000  238.09491  2.02%  20.1  770s
 104112 18261     cutoff   42       243.00000  238.15714  1.99%  20.1  775s
 104801 18123     cutoff   33       243.00000  238.21429  1.97%  20.0  780s
 105480 18032  239.00000   36    6  243.00000  238.25000  1.95%  20.0  785s
 106184 17842     cutoff   36       243.00000  238.33333  1.92%  20.0  790s
 106859 17626  241.08333   37   75  243.00000  238.39428  1.90%  20.0  795s
 107491 17499  240.17549   41  202  243.00000  238.44586  1.87%  20.0  800s
 108208 17371  241.41667   32   45  243.00000  238.50000  1.85%  20.0  805s
 108994 17218  241.25806   43   30  243.00000  238.50000  1.85%  19.9  810s
 109705 17055  240.70588   32   41  243.00000  238.57143  1.82%  19.9  815s
 110316 16932  241.50000   34   21  243.00000  238.62500  1.80%  19.9  820s
 111020 16690  239.28755   31   65  243.00000  238.68293  1.78%  19.9  825s
 111819 16388     cutoff   37       243.00000  238.75182  1.75%  19.8  830s
 112522 16152  241.90979   34   49  243.00000  238.83333  1.71%  19.8  835s
 113277 15833  239.42209   37  204  243.00000  238.93750  1.67%  19.8  840s
 113881 15629     cutoff   40       243.00000  239.00000  1.65%  19.8  845s
 114717 15432  240.66667   40    5  243.00000  239.00000  1.65%  19.7  850s
 115502 15175     cutoff   39       243.00000  239.00000  1.65%  19.7  855s
 116232 14872  240.06897   32   27  243.00000  239.10000  1.60%  19.7  860s
 116935 14621  240.87500   42   20  243.00000  239.17500  1.57%  19.6  865s
 117657 14344     cutoff   44       243.00000  239.25000  1.54%  19.6  870s
 118437 14040  240.75000   43   18  243.00000  239.31915  1.51%  19.6  875s
 119209 13669  241.50000   38   32  243.00000  239.39683  1.48%  19.6  880s
 120001 13267     cutoff   55       243.00000  239.49842  1.44%  19.5  885s
 120878 12858     cutoff   57       243.00000  239.51316  1.43%  19.5  890s
 121647 12416  241.51989   50  102  243.00000  239.61572  1.39%  19.5  895s
 122434 12014     cutoff   50       243.00000  239.70000  1.36%  19.4  900s
 123281 11471     cutoff   42       243.00000  239.80435  1.32%  19.4  905s
 124050 10973  241.50000   38   30  243.00000  239.90909  1.27%  19.3  910s
 124919 10534  241.00000   39    8  243.00000  240.00000  1.23%  19.3  915s
 125807 10139     cutoff   40       243.00000  240.00000  1.23%  19.2  920s
 126754  9563  241.81633   47   48  243.00000  240.09437  1.20%  19.2  925s
 127644  9040     cutoff   53       243.00000  240.20000  1.15%  19.1  930s
 128460  8554     cutoff   33       243.00000  240.29167  1.11%  19.1  935s
 129333  7869     cutoff   52       243.00000  240.41176  1.07%  19.0  940s
 130404  7109  242.00000   30   35  243.00000  240.50000  1.03%  19.0  945s
 131527  6220     cutoff   53       243.00000  240.66667  0.96%  18.9  950s
 132638  5328  241.20000   39    7  243.00000  240.81818  0.90%  18.8  955s
 133802  4384     cutoff   37       243.00000  241.00000  0.82%  18.7  960s
 134931  3522  241.50000   36   19  243.00000  241.10000  0.78%  18.6  965s
 136227  2400     cutoff   40       243.00000  241.33333  0.69%  18.5  970s
 137595  1166     cutoff   31       243.00000  241.63235  0.56%  18.4  975s

Cutting planes:
  Gomory: 2
  MIR: 1
  Flow cover: 29
  Zero half: 51
  Lazy constraints: 10357

Explored 138807 nodes (2531148 simplex iterations) in 978.90 seconds
Thread count was 1 (of 16 available processors)

Solution count 9: 243 245 247 ... 308

Optimal solution found (tolerance 1.00e-04)
Best objective 2.430000000000e+02, best bound 2.430000000000e+02, gap 0.0000%
