
Gurobi 7.5.2 (linux64, C++) logging started Fri Mar  9 21:10:50 2018

Academic license - for non-commercial use only
Optimize a model with 4497 rows, 2287 columns and 15553 nonzeros
Variable types: 0 continuous, 2287 integer (2287 binary)
Coefficient statistics:
  Matrix range     [1e+00, 1e+00]
  Objective range  [1e+00, 1e+02]
  Bounds range     [1e+00, 1e+00]
  RHS range        [1e+00, 1e+00]

Loaded MIP start with objective 284

Presolve removed 14 rows and 0 columns
Presolve time: 0.02s
Presolved: 4483 rows, 2287 columns, 15532 nonzeros
Variable types: 0 continuous, 2287 integer (2287 binary)

Root relaxation: objective 1.880000e+02, 249 iterations, 0.01 seconds

    Nodes    |    Current Node    |     Objective Bounds      |     Work
 Expl Unexpl |  Obj  Depth IntInf | Incumbent    BestBd   Gap | It/Node Time

     0     0  188.00000    0   41  284.00000  188.00000  33.8%     -    0s
     0     0  204.00000    0   23  284.00000  204.00000  28.2%     -    0s
     0     0  207.82143    0   67  284.00000  207.82143  26.8%     -    0s
     0     0  208.30000    0   69  284.00000  208.30000  26.7%     -    0s
     0     0  210.78571    0   60  284.00000  210.78571  25.8%     -    0s
     0     0  211.07143    0   62  284.00000  211.07143  25.7%     -    0s
     0     0  211.33333    0   58  284.00000  211.33333  25.6%     -    0s
     0     0  211.36364    0   63  284.00000  211.36364  25.6%     -    0s
     0     0  211.45455    0   23  284.00000  211.45455  25.5%     -    0s
     0     0  211.50000    0   58  284.00000  211.50000  25.5%     -    0s
     0     0  212.00000    0    4  284.00000  212.00000  25.4%     -    0s
     0     0  212.00000    0    4  284.00000  212.00000  25.4%     -    0s
     0     0  212.00000    0   76  284.00000  212.00000  25.4%     -    0s
     0     0  212.00000    0   80  284.00000  212.00000  25.4%     -    1s
     0     0  212.65000    0   99  284.00000  212.65000  25.1%     -    1s
     0     0  212.66667    0   54  284.00000  212.66667  25.1%     -    1s
     0     0  213.21238    0   66  284.00000  213.21238  24.9%     -    1s
     0     0  213.21863    0   66  284.00000  213.21863  24.9%     -    1s
     0     0  213.22701    0   79  284.00000  213.22701  24.9%     -    1s
     0     0  214.65862    0  135  284.00000  214.65862  24.4%     -    1s
     0     0  214.65862    0  135  284.00000  214.65862  24.4%     -    1s
     0     0  214.90180    0  130  284.00000  214.90180  24.3%     -    1s
     0     0  214.95803    0  133  284.00000  214.95803  24.3%     -    1s
     0     0  214.95857    0  129  284.00000  214.95857  24.3%     -    1s
     0     0  214.97804    0  121  284.00000  214.97804  24.3%     -    1s
     0     0  215.09171    0  124  284.00000  215.09171  24.3%     -    1s
     0     0  215.09171    0  124  284.00000  215.09171  24.3%     -    1s
     0     0  215.09171    0  124  284.00000  215.09171  24.3%     -    1s
     0     2  215.09171    0  124  284.00000  215.09171  24.3%     -    1s
*  148   135             127     257.0000000  215.26094  16.2%   8.4    2s
   541   464  222.00000   13   97  257.00000  218.50840  15.0%   9.2    5s
  1590   972  230.30000   22   22  257.00000  220.12500  14.3%  13.3   10s
* 2518  1277             158     250.0000000  220.50000  11.8%  12.7   12s
* 2804  1413             138     248.0000000  220.54259  11.1%  12.5   13s
* 3455  1882             127     247.0000000  221.33333  10.4%  12.1   14s
  3477  1904  234.78947   29   90  247.00000  221.35484  10.4%  12.2   15s
  4988  3128  238.30000   43  112  247.00000  222.52083  9.91%  12.1   20s
  6236  4114  225.54054   27   99  247.00000  223.00000  9.72%  12.2   25s
  7407  5002  244.80000   39    9  247.00000  223.61765  9.47%  12.3   30s
  8437  5802  238.20000   41  123  247.00000  224.00000  9.31%  12.4   35s
  9359  6553  229.94505   44   95  247.00000  224.22449  9.22%  12.4   40s
 10442  7421  236.29167   32   26  247.00000  224.66667  9.04%  12.4   45s
 11316  8091  226.83333   18   12  247.00000  225.00000  8.91%  12.5   50s
 12226  8789  234.25926   35   53  247.00000  225.15116  8.85%  12.5   55s
 13102  9485  229.51786   21  135  247.00000  225.33333  8.77%  12.6   60s
 13918 10116  237.46667   63   35  247.00000  225.55172  8.68%  12.6   65s
 14821 10803  235.67097   48  101  247.00000  225.66667  8.64%  12.6   70s
 15626 11445  241.50000   27   37  247.00000  225.84389  8.57%  12.6   75s
 16311 11946  238.18269   65   85  247.00000  225.99138  8.51%  12.6   80s
 17102 12511  230.39130   25   36  247.00000  226.14362  8.44%  12.7   85s
 17816 13032  244.04000   33   39  247.00000  226.30734  8.38%  12.7   90s
 18510 13475  236.10526   32   38  247.00000  226.47802  8.31%  12.8   95s
 19194 13952  232.50000   21   14  247.00000  226.54225  8.28%  12.9  100s
 19848 14388  244.38710   46  114  247.00000  226.66667  8.23%  12.9  105s
 20507 14870  242.00000   34   10  247.00000  226.75397  8.20%  13.0  110s
 21198 15366  229.25000   29   16  247.00000  226.83333  8.16%  13.0  115s
 21880 15854  237.66019   40   37  247.00000  226.96667  8.11%  13.0  120s
 22547 16375  241.66667   47    7  247.00000  227.00000  8.10%  13.0  125s
 23214 16931  242.33333   56    9  247.00000  227.00000  8.10%  13.0  130s
 23775 17296  230.87500   27   26  247.00000  227.06250  8.07%  13.1  135s
 24369 17743  244.50000   80   10  247.00000  227.15385  8.03%  13.1  140s
 24954 18143  233.37500   31   19  247.00000  227.25000  8.00%  13.2  145s
 25590 18618  245.02273   59   38  247.00000  227.28571  7.98%  13.2  150s
 26129 18959  231.50000   28    6  247.00000  227.34483  7.96%  13.2  155s
 26691 19328  231.40000   41    9  247.00000  227.44444  7.92%  13.2  160s
 27205 19689  231.33333   30   11  247.00000  227.50000  7.89%  13.3  165s
 27767 20116  235.00000   21    6  247.00000  227.50000  7.89%  13.3  170s
 28238 20403  235.50000   32    4  247.00000  227.55556  7.87%  13.4  175s
 28795 20842  242.94706   45  125  247.00000  227.60526  7.85%  13.4  180s
 29239 21096  245.48276   39   90  247.00000  227.66667  7.83%  13.4  185s
 29759 21434  240.37775   49  140  247.00000  227.75000  7.79%  13.4  190s
 30298 21859  243.36667   56   45  247.00000  227.83333  7.76%  13.5  195s
 30821 22223  239.64557   50   59  247.00000  227.87500  7.74%  13.5  200s
 31281 22548  241.17647   42   30  247.00000  227.94444  7.71%  13.5  205s
*31591 21996              64     246.0000000  228.00000  7.32%  13.5  207s
 31737 22088  241.09091   38   88  246.00000  228.00000  7.32%  13.5  210s
H31818 10924                     239.0000000  228.00000  4.60%  13.5  211s
 32111 11042  233.50000   26    8  239.00000  228.00000  4.60%  13.5  215s
 32492 11147  232.45113   26   74  239.00000  228.00000  4.60%  13.5  220s
 32901 11364  236.45957   50  111  239.00000  228.03846  4.59%  13.6  225s
 33199 11519  232.11429   31   34  239.00000  228.12500  4.55%  13.6  230s
 33610 11680  232.66500   26  108  239.00000  228.25000  4.50%  13.7  235s
 34068 11872  233.87097   42  147  239.00000  228.37177  4.45%  13.7  240s
 34541 12094  237.00000   54   10  239.00000  228.50000  4.39%  13.7  245s
 35012 12307  237.81818   32   31  239.00000  228.50000  4.39%  13.7  250s
 35463 12509  232.00000   29    6  239.00000  228.58442  4.36%  13.8  255s
 35906 12732  235.50000   27   10  239.00000  228.68627  4.32%  13.8  260s
 36405 12910  237.41961   48  125  239.00000  228.80892  4.26%  13.8  265s
 36826 13062  237.75000   27   25  239.00000  228.91369  4.22%  13.9  270s
 37286 13220  230.89474   26   89  239.00000  229.00000  4.18%  13.9  275s
 37757 13392  236.80000   33   31  239.00000  229.00000  4.18%  13.9  280s
 38246 13582  235.63295   44   56  239.00000  229.00000  4.18%  13.9  285s
 38720 13725  237.60000   50   35  239.00000  229.14286  4.12%  14.0  290s
 39206 13835  234.51825   35  152  239.00000  229.22222  4.09%  14.0  295s
 39688 13981  235.69325   39  147  239.00000  229.33333  4.04%  14.0  300s
 40128 14165  237.33333   29   20  239.00000  229.39165  4.02%  14.0  305s
 40612 14337  236.15000   28   41  239.00000  229.50000  3.97%  14.1  310s
 41104 14446  233.47059   30   33  239.00000  229.53125  3.96%  14.1  315s
 41552 14606  236.00000   35   12  239.00000  229.62500  3.92%  14.1  320s
 42067 14760  236.02941   32   36  239.00000  229.75000  3.87%  14.1  325s
 42576 14947  236.75000   47   11  239.00000  229.80000  3.85%  14.2  330s
 43108 15072  235.50000   29    6  239.00000  229.91667  3.80%  14.2  335s
 43622 15269  234.00000   35    6  239.00000  230.00000  3.77%  14.2  340s
 44142 15473  236.15681   49  121  239.00000  230.00000  3.77%  14.2  345s
 44585 15654  234.46774   26   42  239.00000  230.00000  3.77%  14.2  350s
 45075 15854     cutoff   36       239.00000  230.00000  3.77%  14.3  355s
 45585 16023  238.00000   43   25  239.00000  230.10983  3.72%  14.3  360s
 46109 16203     cutoff   34       239.00000  230.20588  3.68%  14.3  365s
 46625 16314  237.44304   45   44  239.00000  230.31818  3.63%  14.3  370s
 47150 16433  234.81818   31   27  239.00000  230.40000  3.60%  14.3  375s
 47670 16611  236.50604   35  146  239.00000  230.46939  3.57%  14.3  380s
 48204 16726  235.33333   35   15  239.00000  230.50000  3.56%  14.4  385s
 48741 16887  237.83333   41   14  239.00000  230.52381  3.55%  14.4  390s
 49226 17060  236.50000   38    8  239.00000  230.59016  3.52%  14.4  395s
 49758 17210  238.00000   34   15  239.00000  230.66667  3.49%  14.4  400s
 50306 17325     cutoff   38       239.00000  230.75000  3.45%  14.4  405s
 50851 17486     cutoff   30       239.00000  230.82979  3.42%  14.4  410s
 51383 17628  234.00000   21    8  239.00000  230.92308  3.38%  14.5  415s
 51917 17697  236.33333   44   11  239.00000  231.00000  3.35%  14.5  420s
 52480 17908  235.00000   38    8  239.00000  231.00000  3.35%  14.5  425s
 53024 18002     cutoff   27       239.00000  231.00000  3.35%  14.5  430s
 53517 18140     cutoff   33       239.00000  231.06250  3.32%  14.5  435s
 54012 18217  237.58537   33   78  239.00000  231.14286  3.29%  14.5  440s
 54522 18331  236.00000   29    8  239.00000  231.19118  3.27%  14.6  445s
 55027 18446  233.64286   28   25  239.00000  231.25000  3.24%  14.6  450s
 55532 18588     cutoff   31       239.00000  231.31944  3.21%  14.6  455s
 55999 18678     cutoff   42       239.00000  231.37500  3.19%  14.6  460s
 56504 18809  235.00000   25   27  239.00000  231.43750  3.16%  14.6  465s
 56990 18904  235.50000   24    6  239.00000  231.50000  3.14%  14.6  470s
 57482 19052  237.50000   30   10  239.00000  231.50000  3.14%  14.6  475s
 57965 19172  236.09091   36   34  239.00000  231.50000  3.14%  14.6  480s
 58439 19243  233.29927   33  130  239.00000  231.53846  3.12%  14.6  485s
 58977 19342  238.00000   46   21  239.00000  231.59459  3.10%  14.6  490s
 59486 19417  237.58621   43   47  239.00000  231.66667  3.07%  14.6  495s
 59995 19532  235.05211   44  178  239.00000  231.73750  3.04%  14.6  500s
 60503 19615  237.88235   30   29  239.00000  231.80000  3.01%  14.6  505s
 60988 19707  237.50000   34   33  239.00000  231.85714  2.99%  14.7  510s
 61471 19807  234.00000   32   12  239.00000  231.92754  2.96%  14.7  515s
 61963 19934  234.20759   46  120  239.00000  232.00000  2.93%  14.7  520s
 62475 20068  235.05556   24   96  239.00000  232.00000  2.93%  14.7  525s
 63017 20192  237.16667   40   13  239.00000  232.00000  2.93%  14.7  530s
 63524 20268  237.66667   28   26  239.00000  232.00000  2.93%  14.7  535s
 64029 20326  237.79212   40  126  239.00000  232.01064  2.92%  14.7  540s
 64563 20374  234.50000   34   10  239.00000  232.10417  2.89%  14.7  545s
 65052 20411  236.25000   34   10  239.00000  232.16667  2.86%  14.7  550s
 65541 20498  235.04412   29   37  239.00000  232.20513  2.84%  14.7  555s
 66083 20651  232.50000   31   10  239.00000  232.25000  2.82%  14.7  560s
 66564 20757  235.66667   23   17  239.00000  232.29167  2.81%  14.7  565s
 67088 20835  236.80083   34  136  239.00000  232.33333  2.79%  14.7  570s
 67610 20875     cutoff   35       239.00000  232.40000  2.76%  14.7  575s
 68088 20927  235.71429   42   31  239.00000  232.47059  2.73%  14.7  580s
 68585 21035  235.48936   29   55  239.00000  232.50000  2.72%  14.7  585s
 69153 21091  238.00000   34   31  239.00000  232.50000  2.72%  14.7  590s
 69719 21157  237.70345   49   82  239.00000  232.52874  2.71%  14.7  595s
 70235 21156  236.37500   33   15  239.00000  232.61404  2.67%  14.7  600s
 70733 21218  237.50000   44   13  239.00000  232.66667  2.65%  14.7  605s
 71307 21277  237.18750   39   27  239.00000  232.73387  2.62%  14.7  610s
 71810 21317     cutoff   60       239.00000  232.77273  2.61%  14.7  615s
 72314 21398  234.50000   33    8  239.00000  232.82927  2.58%  14.7  620s
 72858 21421     cutoff   46       239.00000  232.89076  2.56%  14.7  625s
 73335 21450  237.00000   41    9  239.00000  232.96970  2.52%  14.7  630s
 73850 21521  237.81250   47   32  239.00000  233.00000  2.51%  14.7  635s
 74414 21621  237.90196   43  135  239.00000  233.00000  2.51%  14.7  640s
 74944 21693     cutoff   35       239.00000  233.00000  2.51%  14.7  645s
 75479 21778  235.50000   41   10  239.00000  233.00000  2.51%  14.7  650s
 75973 21826  237.38889   32   34  239.00000  233.02655  2.50%  14.7  655s
 76536 21851  235.50000   38    8  239.00000  233.11111  2.46%  14.7  660s
 77041 21932  238.00000   31    8  239.00000  233.16667  2.44%  14.7  665s
 77582 21948  236.73282   41   89  239.00000  233.24286  2.41%  14.7  670s
 78107 21999  234.75000   33   13  239.00000  233.27778  2.39%  14.7  675s
 78591 22102  234.00000   35    6  239.00000  233.33333  2.37%  14.7  680s
 79088 22173  238.00000   35    6  239.00000  233.35354  2.36%  14.7  685s
 79619 22156  233.50000   32   25  239.00000  233.42857  2.33%  14.7  690s
 80087 22176  238.00000   30   25  239.00000  233.48148  2.31%  14.7  695s
 80586 22268  235.60000   40    9  239.00000  233.50000  2.30%  14.7  700s
 81171 22284  237.25000   45    8  239.00000  233.50000  2.30%  14.7  705s
 81726 22344  238.00000   35    6  239.00000  233.52941  2.29%  14.7  710s
 82251 22345  235.18182   54   53  239.00000  233.57143  2.27%  14.7  715s
 82790 22315  235.46667   40   32  239.00000  233.62319  2.25%  14.7  720s
 83348 22399  237.12500   35   14  239.00000  233.66667  2.23%  14.7  725s
 83898 22338  236.88608   38   55  239.00000  233.71429  2.21%  14.7  730s
 84444 22306  235.54762   31   65  239.00000  233.76316  2.19%  14.7  735s
 84970 22319     cutoff   19       239.00000  233.80000  2.18%  14.7  740s
 85523 22270  234.62500   22   41  239.00000  233.87500  2.14%  14.7  745s
 86070 22211     cutoff   39       239.00000  233.95238  2.11%  14.7  750s
 86588 22223     cutoff   36       239.00000  234.00000  2.09%  14.7  755s
 87198 22293  237.05263   55   23  239.00000  234.00000  2.09%  14.7  760s
 87804 22404  234.57216   44  134  239.00000  234.00000  2.09%  14.7  765s
 88367 22468  236.00000   23   12  239.00000  234.00000  2.09%  14.7  770s
 88937 22431  237.25000   36   10  239.00000  234.00000  2.09%  14.7  775s
 89525 22455  237.13043   32   45  239.00000  234.04167  2.07%  14.7  780s
 90052 22429  236.35407   36  114  239.00000  234.11111  2.05%  14.7  785s
 90610 22376  236.68627   34   52  239.00000  234.18182  2.02%  14.6  790s
 91174 22311     cutoff   65       239.00000  234.23333  1.99%  14.6  795s
 91684 22316  237.66667   51   37  239.00000  234.26596  1.98%  14.7  800s
 92271 22226  236.38235   43   90  239.00000  234.32609  1.96%  14.7  805s
 92831 22217  235.58065   52   55  239.00000  234.36000  1.94%  14.6  810s
 93396 22119  237.58333   37   25  239.00000  234.41819  1.92%  14.6  815s
 93978 22024  237.01224   56  101  239.00000  234.48849  1.89%  14.6  820s
 94559 22087  237.95000   37  140  239.00000  234.50000  1.88%  14.6  825s
 95150 22034  238.00000   34   10  239.00000  234.50000  1.88%  14.6  830s
 95756 21852  237.37037   32  138  239.00000  234.54000  1.87%  14.6  835s
 96354 21692  237.50000   42    8  239.00000  234.60000  1.84%  14.6  840s
 96915 21646     cutoff   21       239.00000  234.63740  1.83%  14.6  845s
 97517 21506  238.00000   23   44  239.00000  234.68750  1.80%  14.6  850s
 98131 21311  238.00000   60   19  239.00000  234.75000  1.78%  14.6  855s
 98724 21147  237.50000   29   20  239.00000  234.83333  1.74%  14.6  860s
 99316 20946     cutoff   39       239.00000  234.90000  1.72%  14.6  865s
 99921 20785     cutoff   35       239.00000  234.96667  1.69%  14.6  870s
 100533 20752     cutoff   54       239.00000  235.00000  1.67%  14.6  875s
 101186 20663     cutoff   44       239.00000  235.00000  1.67%  14.5  880s
 101784 20603  235.50000   32    6  239.00000  235.00000  1.67%  14.5  885s
 102414 20496  237.33828   42  136  239.00000  235.00000  1.67%  14.5  890s
 103032 20326  237.39073   52  132  239.00000  235.00000  1.67%  14.5  895s
 103662 20112  237.00000   30    6  239.00000  235.10000  1.63%  14.5  900s
 104279 19991     cutoff   58       239.00000  235.16667  1.60%  14.5  905s
 104869 19891  235.66667   44    7  239.00000  235.20313  1.59%  14.5  910s
 105432 19771  237.60000   36   15  239.00000  235.25000  1.57%  14.5  915s
 106073 19568  237.38462   37   29  239.00000  235.30000  1.55%  14.4  920s
 106678 19397  237.37500   32   16  239.00000  235.33621  1.53%  14.4  925s
 107290 19238     cutoff   33       239.00000  235.39583  1.51%  14.4  930s
 107911 19014  236.57343   32  143  239.00000  235.45536  1.48%  14.4  935s
 108575 18876  236.00000   32   16  239.00000  235.50000  1.46%  14.4  940s
 109145 18712  237.50000   50    8  239.00000  235.50000  1.46%  14.4  945s
 109876 18343  237.72727   32   26  239.00000  235.54639  1.45%  14.4  950s
 110552 17976  236.16667   35   48  239.00000  235.62500  1.41%  14.4  955s
 111232 17725  237.00000   22    6  239.00000  235.66667  1.39%  14.3  960s
 111921 17385  236.20000   32   13  239.00000  235.75000  1.36%  14.3  965s
 112582 17106  238.00000   38    6  239.00000  235.79762  1.34%  14.3  970s
 113310 16619  236.50000   58   10  239.00000  235.87500  1.31%  14.3  975s
 114053 16207     cutoff   56       239.00000  235.96988  1.27%  14.3  980s
 114704 15977     cutoff   39       239.00000  236.00000  1.26%  14.2  985s
 115317 15759     cutoff   34       239.00000  236.00000  1.26%  14.2  990s
 116037 15493  237.09259   29   30  239.00000  236.00000  1.26%  14.2  995s
 116819 15075  237.62069   38   34  239.00000  236.00541  1.25%  14.2 1000s
 117545 14772     cutoff   50       239.00000  236.10417  1.21%  14.2 1005s
 118229 14453  236.33333   34   16  239.00000  236.16981  1.18%  14.1 1010s
 118922 14193  238.00000   48    6  239.00000  236.22000  1.16%  14.1 1015s
 119609 13945  237.85106   32   38  239.00000  236.25455  1.15%  14.1 1020s
 120395 13512  238.00000   33   12  239.00000  236.33333  1.12%  14.1 1025s
 121147 13085     cutoff   55       239.00000  236.38636  1.09%  14.1 1030s
 121908 12622     cutoff   33       239.00000  236.45455  1.07%  14.0 1035s
 122664 12218  237.26724   49  120  239.00000  236.50000  1.05%  14.0 1040s
 123526 11674     cutoff   27       239.00000  236.52381  1.04%  14.0 1045s
 124318 11112  236.73077   35   54  239.00000  236.60345  1.00%  13.9 1050s
 125187 10444     cutoff   45       239.00000  236.69231  0.97%  13.9 1055s
 126031  9895  237.96610   33   36  239.00000  236.76087  0.94%  13.8 1060s
 126995  9173     cutoff   48       239.00000  236.85526  0.90%  13.8 1065s
 127921  8448     cutoff   47       239.00000  236.97826  0.85%  13.7 1070s
 128808  7830  237.50000   42    8  239.00000  237.00000  0.84%  13.7 1075s
 129784  7128     cutoff   60       239.00000  237.00000  0.84%  13.7 1080s
 130776  6389  237.10000   50   29  239.00000  237.10000  0.79%  13.6 1085s
 131691  5747  237.29412   42   31  239.00000  237.20000  0.75%  13.6 1090s
 132660  5028  237.50000   36    8  239.00000  237.29167  0.71%  13.5 1095s
 133745  4103     cutoff   53       239.00000  237.41954  0.66%  13.5 1100s
 134911  3100     cutoff   48       239.00000  237.50862  0.62%  13.4 1105s
 136149  1968     cutoff   44       239.00000  237.70588  0.54%  13.3 1110s
 137567   609  238.00000   27    6  239.00000  238.00000  0.42%  13.2 1115s

Cutting planes:
  Gomory: 2
  MIR: 2
  Flow cover: 22
  Zero half: 34
  Lazy constraints: 15450

Explored 138207 nodes (1817160 simplex iterations) in 1117.24 seconds
Thread count was 1 (of 16 available processors)

Solution count 7: 239 246 247 ... 284

Optimal solution found (tolerance 1.00e-04)
Best objective 2.390000000000e+02, best bound 2.390000000000e+02, gap 0.0000%
