
Gurobi 7.5.2 (linux64, C++) logging started Sat Mar 10 07:35:16 2018

Academic license - for non-commercial use only
Optimize a model with 6127 rows, 3124 columns and 21306 nonzeros
Variable types: 0 continuous, 3124 integer (3124 binary)
Coefficient statistics:
  Matrix range     [1e+00, 1e+00]
  Objective range  [1e+00, 1e+02]
  Bounds range     [1e+00, 1e+00]
  RHS range        [1e+00, 1e+00]

Loaded MIP start with objective 17

Presolve time: 0.02s
Presolved: 6127 rows, 3124 columns, 21306 nonzeros
Variable types: 0 continuous, 3124 integer (3124 binary)

Root relaxation: objective 9.265672e+00, 429 iterations, 0.02 seconds

    Nodes    |    Current Node    |     Objective Bounds      |     Work
 Expl Unexpl |  Obj  Depth IntInf | Incumbent    BestBd   Gap | It/Node Time

     0     0    9.26567    0  103   17.00000    9.26567  45.5%     -    0s
H    0     0                      15.0000000    9.26567  38.2%     -    0s
     0     0   10.06061    0   56   15.00000   10.06061  32.9%     -    0s
     0     0   10.06061    0  103   15.00000   10.06061  32.9%     -    0s
     0     0   10.06061    0   56   15.00000   10.06061  32.9%     -    0s
     0     0   10.25000    0   51   15.00000   10.25000  31.7%     -    0s
     0     0   10.34513    0   58   15.00000   10.34513  31.0%     -    0s
     0     0   10.35807    0   69   15.00000   10.35807  30.9%     -    0s
     0     0   10.37167    0   76   15.00000   10.37167  30.9%     -    0s
     0     0   10.51115    0   89   15.00000   10.51115  29.9%     -    0s
     0     0   10.67070    0  107   15.00000   10.67070  28.9%     -    0s
     0     0   10.67896    0   66   15.00000   10.67896  28.8%     -    0s
     0     0   10.68780    0   60   15.00000   10.68780  28.7%     -    0s
     0     0   10.70537    0   96   15.00000   10.70537  28.6%     -    0s
     0     0   10.70565    0   98   15.00000   10.70565  28.6%     -    0s
     0     0   10.75263    0   87   15.00000   10.75263  28.3%     -    0s
     0     0   10.75726    0   94   15.00000   10.75726  28.3%     -    0s
     0     0   10.75869    0   94   15.00000   10.75869  28.3%     -    0s
     0     0   10.78858    0  122   15.00000   10.78858  28.1%     -    0s
     0     0   10.80772    0  100   15.00000   10.80772  27.9%     -    0s
     0     0   10.81041    0  111   15.00000   10.81041  27.9%     -    0s
     0     0   10.82629    0   99   15.00000   10.82629  27.8%     -    0s
     0     0   10.82643    0  107   15.00000   10.82643  27.8%     -    0s
     0     0   10.83084    0  100   15.00000   10.83084  27.8%     -    0s
     0     0   10.83084    0   94   15.00000   10.83084  27.8%     -    0s
     0     0   10.83084    0   56   15.00000   10.83084  27.8%     -    0s
     0     0   10.83084    0   49   15.00000   10.83084  27.8%     -    0s
     0     0   10.83084    0   90   15.00000   10.83084  27.8%     -    0s
     0     0   10.83084    0   59   15.00000   10.83084  27.8%     -    0s
     0     0   10.83084    0   62   15.00000   10.83084  27.8%     -    0s
     0     0   10.83230    0   84   15.00000   10.83230  27.8%     -    0s
     0     0   10.84191    0  111   15.00000   10.84191  27.7%     -    0s
     0     0   10.84194    0  115   15.00000   10.84194  27.7%     -    0s
     0     0   10.85013    0  109   15.00000   10.85013  27.7%     -    0s
     0     2   10.86098    0  109   15.00000   10.86098  27.6%     -    0s

Cutting planes:
  Gomory: 2
  Zero half: 15

Explored 80 nodes (2485 simplex iterations) in 0.42 seconds
Thread count was 1 (of 16 available processors)

Solution count 2: 15 17 

Optimal solution found (tolerance 1.00e-04)
Best objective 1.500000000000e+01, best bound 1.500000000000e+01, gap 0.0000%
