
Gurobi 7.5.2 (linux64, C++) logging started Sat Mar 10 13:16:45 2018

Academic license - for non-commercial use only
Optimize a model with 4210 rows, 2189 columns and 14478 nonzeros
Variable types: 0 continuous, 2189 integer (2189 binary)
Coefficient statistics:
  Matrix range     [1e+00, 1e+00]
  Objective range  [1e+00, 1e+02]
  Bounds range     [1e+00, 1e+00]
  RHS range        [1e+00, 1e+00]

Loaded MIP start with objective 248

Presolve time: 0.01s
Presolved: 4210 rows, 2189 columns, 14478 nonzeros
Variable types: 0 continuous, 2189 integer (2189 binary)

Root relaxation: objective 1.631000e+02, 572 iterations, 0.02 seconds

    Nodes    |    Current Node    |     Objective Bounds      |     Work
 Expl Unexpl |  Obj  Depth IntInf | Incumbent    BestBd   Gap | It/Node Time

     0     0  163.10000    0   96  248.00000  163.10000  34.2%     -    0s
     0     0  174.82824    0  146  248.00000  174.82824  29.5%     -    0s
     0     0  175.10000    0  138  248.00000  175.10000  29.4%     -    0s
     0     0  175.32222    0  145  248.00000  175.32222  29.3%     -    0s
     0     0  175.88558    0  142  248.00000  175.88558  29.1%     -    0s
     0     0  175.95850    0  136  248.00000  175.95850  29.0%     -    0s
     0     0  175.98668    0  142  248.00000  175.98668  29.0%     -    0s
     0     0  176.92953    0  136  248.00000  176.92953  28.7%     -    0s
     0     0  177.23881    0  143  248.00000  177.23881  28.5%     -    0s
     0     0  177.33920    0  141  248.00000  177.33920  28.5%     -    0s
     0     0  178.37255    0  134  248.00000  178.37255  28.1%     -    0s
     0     0  178.79596    0  156  248.00000  178.79596  27.9%     -    0s
     0     0  178.80000    0  147  248.00000  178.80000  27.9%     -    0s
     0     0  178.80882    0  156  248.00000  178.80882  27.9%     -    0s
     0     0  178.80896    0  156  248.00000  178.80896  27.9%     -    0s
     0     0  178.91267    0  163  248.00000  178.91267  27.9%     -    0s
     0     0  179.18414    0  172  248.00000  179.18414  27.7%     -    0s
     0     0  179.19673    0  172  248.00000  179.19673  27.7%     -    0s
     0     0  179.38089    0  172  248.00000  179.38089  27.7%     -    0s
     0     0  179.43593    0  170  248.00000  179.43593  27.6%     -    0s
     0     0  179.44000    0  164  248.00000  179.44000  27.6%     -    0s
     0     0  179.44000    0  139  248.00000  179.44000  27.6%     -    0s
     0     0  179.44000    0  151  248.00000  179.44000  27.6%     -    0s
     0     0  179.44000    0  166  248.00000  179.44000  27.6%     -    0s
     0     0  179.48974    0  173  248.00000  179.48974  27.6%     -    0s
     0     0  179.49161    0  173  248.00000  179.49161  27.6%     -    0s
     0     0  180.11375    0  170  248.00000  180.11375  27.4%     -    0s
     0     0  180.12707    0  170  248.00000  180.12707  27.4%     -    0s
     0     0  180.49577    0  160  248.00000  180.49577  27.2%     -    0s
     0     0  180.49733    0  175  248.00000  180.49733  27.2%     -    0s
     0     0  180.82609    0  155  248.00000  180.82609  27.1%     -    0s
     0     0  180.91212    0  166  248.00000  180.91212  27.1%     -    0s
     0     0  180.91614    0  161  248.00000  180.91614  27.0%     -    0s
     0     0  180.91618    0  164  248.00000  180.91618  27.0%     -    0s
     0     0  180.93732    0  165  248.00000  180.93732  27.0%     -    0s
     0     0  180.93930    0  174  248.00000  180.93930  27.0%     -    0s
     0     0  180.94413    0  165  248.00000  180.94413  27.0%     -    0s
     0     0  181.21882    0  175  248.00000  181.21882  26.9%     -    0s
     0     0  181.26052    0  174  248.00000  181.26052  26.9%     -    0s
     0     0  181.32730    0  167  248.00000  181.32730  26.9%     -    0s
     0     0  181.51407    0  166  248.00000  181.51407  26.8%     -    1s
     0     0  181.56377    0  167  248.00000  181.56377  26.8%     -    1s
     0     0  181.57162    0  164  248.00000  181.57162  26.8%     -    1s
     0     0  181.75157    0  178  248.00000  181.75157  26.7%     -    1s
     0     0  181.77647    0  179  248.00000  181.77647  26.7%     -    1s
     0     0  181.87510    0  173  248.00000  181.87510  26.7%     -    1s
     0     0  181.90127    0  173  248.00000  181.90127  26.7%     -    1s
     0     0  181.90127    0  173  248.00000  181.90127  26.7%     -    1s
     0     2  183.07179    0  168  248.00000  183.07179  26.2%     -    2s
H   32    30                     229.0000000  183.10309  20.0%  32.9    2s
*   37    35              26     226.0000000  183.10309  19.0%  29.9    2s
*   91    63              19     225.0000000  186.32000  17.2%  26.5    2s
*  304   184              71     216.0000000  190.76190  11.7%  23.3    3s
*  320   121              17     211.0000000  191.43200  9.27%  23.6    3s
   535   146  210.00000   41  170  211.00000  200.05435  5.19%  24.9    5s
*  783   103              30     209.0000000  202.76106  2.99%  29.6    9s

Cutting planes:
  Gomory: 6
  MIR: 1
  Zero half: 24
  Mod-K: 2
  Lazy constraints: 136

Explored 876 nodes (26693 simplex iterations) in 9.25 seconds
Thread count was 1 (of 16 available processors)

Solution count 7: 209 211 216 ... 248

Optimal solution found (tolerance 1.00e-04)
Best objective 2.090000000000e+02, best bound 2.090000000000e+02, gap 0.0000%
