
Gurobi 7.5.2 (linux64, C++) logging started Fri Mar  9 21:09:01 2018

Academic license - for non-commercial use only
Optimize a model with 3492 rows, 1783 columns and 12091 nonzeros
Variable types: 0 continuous, 1783 integer (1783 binary)
Coefficient statistics:
  Matrix range     [1e+00, 1e+00]
  Objective range  [2e+00, 2e+02]
  Bounds range     [1e+00, 1e+00]
  RHS range        [1e+00, 1e+00]

Loaded MIP start with objective 236

Presolve time: 0.01s
Presolved: 3492 rows, 1783 columns, 12091 nonzeros
Variable types: 0 continuous, 1783 integer (1783 binary)

Root relaxation: objective 1.300278e+02, 285 iterations, 0.01 seconds

    Nodes    |    Current Node    |     Objective Bounds      |     Work
 Expl Unexpl |  Obj  Depth IntInf | Incumbent    BestBd   Gap | It/Node Time

     0     0  130.02778    0   73  236.00000  130.02778  44.9%     -    0s
     0     0  144.86538    0   73  236.00000  144.86538  38.6%     -    0s
     0     0  146.51111    0   77  236.00000  146.51111  37.9%     -    0s
     0     0  147.76288    0   81  236.00000  147.76288  37.4%     -    0s
     0     0  148.57143    0   75  236.00000  148.57143  37.0%     -    0s
     0     0  148.77137    0   96  236.00000  148.77137  37.0%     -    0s
     0     0  148.99167    0  111  236.00000  148.99167  36.9%     -    0s
     0     0  149.55208    0   87  236.00000  149.55208  36.6%     -    0s
     0     0  149.70992    0  101  236.00000  149.70992  36.6%     -    1s
     0     0  149.93066    0   94  236.00000  149.93066  36.5%     -    1s
     0     0  149.93066    0   94  236.00000  149.93066  36.5%     -    1s
     0     0  149.93066    0   76  236.00000  149.93066  36.5%     -    1s
H    0     0                     224.0000000  149.93066  33.1%     -    1s
     0     0  149.93066    0  102  224.00000  149.93066  33.1%     -    1s
     0     0  149.93066    0   94  224.00000  149.93066  33.1%     -    1s
     0     0  150.63433    0  116  224.00000  150.63433  32.8%     -    1s
     0     0  150.84623    0  122  224.00000  150.84623  32.7%     -    1s
     0     0  151.95659    0  121  224.00000  151.95659  32.2%     -    1s
     0     0  152.01451    0  121  224.00000  152.01451  32.1%     -    1s
     0     0  152.04740    0  124  224.00000  152.04740  32.1%     -    1s
     0     0  152.47174    0  116  224.00000  152.47174  31.9%     -    1s
     0     0  152.48414    0  138  224.00000  152.48414  31.9%     -    1s
     0     0  152.58744    0  141  224.00000  152.58744  31.9%     -    1s
     0     0  152.60013    0  144  224.00000  152.60013  31.9%     -    1s
     0     0  152.60013    0  144  224.00000  152.60013  31.9%     -    1s
     0     0  152.60013    0   76  224.00000  152.60013  31.9%     -    1s
     0     0  152.60013    0  103  224.00000  152.60013  31.9%     -    1s
     0     0  152.60013    0  115  224.00000  152.60013  31.9%     -    1s
     0     0  152.60032    0  115  224.00000  152.60032  31.9%     -    1s
     0     0  152.79866    0  118  224.00000  152.79866  31.8%     -    1s
     0     0  152.92125    0  128  224.00000  152.92125  31.7%     -    1s
     0     0  152.92389    0  127  224.00000  152.92389  31.7%     -    1s
     0     2  153.00000    0  127  224.00000  153.00000  31.7%     -    1s
   538   476  176.20000   10  133  224.00000  157.34263  29.8%  14.1    6s
H 1067   595                     218.0000000  160.30449  26.5%  21.4    8s
* 1147   462             148     202.0000000  160.30449  20.6%  20.4    8s
  1785   699  189.16667   22   49  202.00000  167.15842  17.2%  23.4   10s
  3546  1800  197.68000   30   58  202.00000  173.00000  14.4%  25.4   15s
  4867  2552  196.38281   22   85  202.00000  175.79167  13.0%  24.9   20s
  6128  3198  188.69444  107   72  202.00000  177.28767  12.2%  24.4   25s
* 7148  3205              32     199.0000000  178.73077  10.2%  24.7   29s
  7265  3234  193.80000   43   16  199.00000  178.93424  10.1%  24.7   30s
  8270  3618  181.57857   37  100  199.00000  180.24609  9.42%  24.9   35s
  9430  4061  184.00000   32    4  199.00000  181.52941  8.78%  24.7   40s
 10502  4292     cutoff   21       199.00000  182.83842  8.12%  24.8   45s
 11684  4625  196.82547   34  119  199.00000  183.71429  7.68%  24.8   50s
 12866  4779  194.88913   22   98  199.00000  184.75000  7.16%  24.8   55s
 14129  5108     cutoff   30       199.00000  185.57143  6.75%  24.5   60s
 15223  5231  194.00000   24   14  199.00000  186.50000  6.28%  24.6   65s
 16278  5392  190.35817   18   72  199.00000  187.25000  5.90%  24.4   70s
 17502  5360  190.18919   21   72  199.00000  188.16923  5.44%  24.3   75s
 18936  5499  189.50000   25   12  199.00000  189.00000  5.03%  24.0   80s
 20028  5381  193.91383   49  145  199.00000  189.74194  4.65%  23.9   85s
 21329  5155  195.63889   22  120  199.00000  190.55714  4.24%  23.7   90s
 22749  4800  196.14286   25   43  199.00000  191.50000  3.77%  23.5   95s
*24016  3926              34     198.0000000  192.29167  2.88%  23.2   99s
 24384  3666     cutoff   40       198.00000  192.65909  2.70%  23.0  100s
 26287  2483  196.56667   26   28  198.00000  194.09670  1.97%  22.4  105s
*27546   734              25     197.0000000  195.24533  0.89%  21.8  107s

Cutting planes:
  Gomory: 4
  MIR: 1
  Flow cover: 2
  Zero half: 26
  Lazy constraints: 4238

Explored 28302 nodes (604374 simplex iterations) in 108.48 seconds
Thread count was 1 (of 16 available processors)

Solution count 7: 197 198 199 ... 236

Optimal solution found (tolerance 1.00e-04)
Best objective 1.970000000000e+02, best bound 1.970000000000e+02, gap 0.0000%
