
Gurobi 7.5.2 (linux64, C++) logging started Sat Mar 10 11:31:15 2018

Academic license - for non-commercial use only
Optimize a model with 6519 rows, 3340 columns and 22606 nonzeros
Variable types: 0 continuous, 3340 integer (3340 binary)
Coefficient statistics:
  Matrix range     [1e+00, 1e+00]
  Objective range  [1e+00, 2e+02]
  Bounds range     [1e+00, 1e+00]
  RHS range        [1e+00, 1e+00]

Loaded MIP start with objective 218

Presolve time: 0.02s
Presolved: 6519 rows, 3340 columns, 22606 nonzeros
Variable types: 0 continuous, 3340 integer (3340 binary)

Root relaxation: objective 1.239467e+02, 676 iterations, 0.03 seconds

    Nodes    |    Current Node    |     Objective Bounds      |     Work
 Expl Unexpl |  Obj  Depth IntInf | Incumbent    BestBd   Gap | It/Node Time

     0     0  123.94667    0   93  218.00000  123.94667  43.1%     -    0s
     0     0  131.86667    0   96  218.00000  131.86667  39.5%     -    0s
     0     0  132.53961    0  104  218.00000  132.53961  39.2%     -    1s
     0     0  135.72340    0  110  218.00000  135.72340  37.7%     -    1s
     0     0  135.72340    0   92  218.00000  135.72340  37.7%     -    1s
H    0     0                     183.0000000  135.72340  25.8%     -    1s
     0     0  136.89562    0  116  183.00000  136.89562  25.2%     -    1s
     0     0  136.89562    0   97  183.00000  136.89562  25.2%     -    1s
     0     0  137.79805    0  114  183.00000  137.79805  24.7%     -    1s
     0     0  137.94118    0  124  183.00000  137.94118  24.6%     -    1s
     0     0  139.16378    0  133  183.00000  139.16378  24.0%     -    1s
     0     0  139.24564    0  132  183.00000  139.24564  23.9%     -    1s
     0     0  139.24726    0  132  183.00000  139.24726  23.9%     -    1s
     0     0  139.25792    0  133  183.00000  139.25792  23.9%     -    1s
     0     0  139.53581    0  120  183.00000  139.53581  23.8%     -    1s
     0     0  139.65972    0  126  183.00000  139.65972  23.7%     -    1s
     0     0  139.69906    0  137  183.00000  139.69906  23.7%     -    1s
     0     0  139.70224    0  143  183.00000  139.70224  23.7%     -    1s
     0     0  139.75576    0  143  183.00000  139.75576  23.6%     -    1s
     0     0  139.75882    0  146  183.00000  139.75882  23.6%     -    1s
     0     0  139.76031    0  147  183.00000  139.76031  23.6%     -    1s
     0     0  140.01097    0  146  183.00000  140.01097  23.5%     -    1s
     0     0  140.01781    0  142  183.00000  140.01781  23.5%     -    1s
     0     0  140.28510    0  135  183.00000  140.28510  23.3%     -    1s
     0     0  140.28799    0  138  183.00000  140.28799  23.3%     -    1s
     0     0  140.33032    0  147  183.00000  140.33032  23.3%     -    1s
     0     0  140.33544    0  147  183.00000  140.33544  23.3%     -    1s
     0     0  140.43058    0  141  183.00000  140.43058  23.3%     -    1s
     0     0  140.49039    0  147  183.00000  140.49039  23.2%     -    1s
     0     0  140.50456    0  153  183.00000  140.50456  23.2%     -    1s
     0     0  140.73781    0  129  183.00000  140.73781  23.1%     -    1s
     0     0  140.73933    0  148  183.00000  140.73933  23.1%     -    1s
     0     0  140.80870    0  132  183.00000  140.80870  23.1%     -    1s
     0     0  140.81463    0  151  183.00000  140.81463  23.1%     -    1s
     0     0  140.81515    0  153  183.00000  140.81515  23.1%     -    1s
     0     0  141.24483    0  159  183.00000  141.24483  22.8%     -    1s
     0     0  141.28314    0  157  183.00000  141.28314  22.8%     -    1s
     0     0  141.30462    0  159  183.00000  141.30462  22.8%     -    1s
     0     0  141.55421    0  150  183.00000  141.55421  22.6%     -    1s
     0     0  141.55930    0  151  183.00000  141.55930  22.6%     -    1s
     0     0  141.55930    0  149  183.00000  141.55930  22.6%     -    2s
     0     0  141.55930    0   98  183.00000  141.55930  22.6%     -    3s
     0     0  141.55930    0  128  183.00000  141.55930  22.6%     -    3s
     0     0  141.55930    0  140  183.00000  141.55930  22.6%     -    3s
     0     0  141.60032    0  149  183.00000  141.60032  22.6%     -    3s
     0     0  141.87104    0  143  183.00000  141.87104  22.5%     -    3s
     0     0  142.04708    0  166  183.00000  142.04708  22.4%     -    3s
     0     0  142.11621    0  149  183.00000  142.11621  22.3%     -    3s
     0     0  142.13022    0  151  183.00000  142.13022  22.3%     -    3s
     0     0  142.13566    0  153  183.00000  142.13566  22.3%     -    3s
     0     0  142.14983    0  156  183.00000  142.14983  22.3%     -    3s
     0     0  142.16841    0  163  183.00000  142.16841  22.3%     -    3s
     0     0  142.16856    0  163  183.00000  142.16856  22.3%     -    3s
     0     0  142.27290    0  147  183.00000  142.27290  22.3%     -    3s
     0     0  142.28221    0  146  183.00000  142.28221  22.3%     -    3s
     0     0  142.28290    0  151  183.00000  142.28290  22.2%     -    3s
     0     0  142.31100    0  171  183.00000  142.31100  22.2%     -    3s
     0     0  142.31118    0  169  183.00000  142.31118  22.2%     -    3s
     0     0  142.31584    0  167  183.00000  142.31584  22.2%     -    3s
     0     0  142.31584    0  166  183.00000  142.31584  22.2%     -    3s
     0     2  142.31836    0  164  183.00000  142.31836  22.2%     -    4s
   281   187  172.13706   10  140  183.00000  150.88095  17.6%  37.5    5s
H  525   281                     182.0000000  155.31250  14.7%  34.8    6s
   751   262  162.83871   18  140  182.00000  155.31250  14.7%  39.2   10s
*  837   243              25     179.0000000  155.56436  13.1%  39.2   10s
* 1564   175              25     177.0000000  169.80000  4.07%  34.3   12s

Cutting planes:
  Gomory: 3
  MIR: 1
  Flow cover: 1
  Zero half: 25
  Lazy constraints: 110

Explored 1782 nodes (61206 simplex iterations) in 12.36 seconds
Thread count was 1 (of 16 available processors)

Solution count 5: 177 179 182 ... 218

Optimal solution found (tolerance 1.00e-04)
Best objective 1.770000000000e+02, best bound 1.770000000000e+02, gap 0.0000%
