
Gurobi 7.5.2 (linux64, C++) logging started Fri Mar  9 21:29:30 2018

Academic license - for non-commercial use only
Optimize a model with 3775 rows, 1937 columns and 13089 nonzeros
Variable types: 0 continuous, 1937 integer (1937 binary)
Coefficient statistics:
  Matrix range     [1e+00, 1e+00]
  Objective range  [1e+00, 1e+02]
  Bounds range     [1e+00, 1e+00]
  RHS range        [1e+00, 1e+00]

Loaded MIP start with objective 96

Presolve time: 0.01s
Presolved: 3775 rows, 1937 columns, 13089 nonzeros
Variable types: 0 continuous, 1937 integer (1937 binary)

Root relaxation: objective 4.989744e+01, 415 iterations, 0.01 seconds

    Nodes    |    Current Node    |     Objective Bounds      |     Work
 Expl Unexpl |  Obj  Depth IntInf | Incumbent    BestBd   Gap | It/Node Time

     0     0   49.89744    0   71   96.00000   49.89744  48.0%     -    0s
     0     0   54.80577    0   69   96.00000   54.80577  42.9%     -    0s
     0     0   54.80577    0   98   96.00000   54.80577  42.9%     -    0s
H    0     0                      84.0000000   54.80577  34.8%     -    0s
     0     0   56.03849    0   70   84.00000   56.03849  33.3%     -    0s
     0     0   56.03849    0   87   84.00000   56.03849  33.3%     -    0s
H    0     0                      79.0000000   56.03849  29.1%     -    0s
     0     0   56.03849    0  108   79.00000   56.03849  29.1%     -    0s
     0     0   56.34224    0   85   79.00000   56.34224  28.7%     -    0s
     0     0   56.50270    0   90   79.00000   56.50270  28.5%     -    0s
     0     0   57.52507    0   82   79.00000   57.52507  27.2%     -    0s
     0     0   57.62001    0   81   79.00000   57.62001  27.1%     -    0s
     0     0   57.70567    0   78   79.00000   57.70567  27.0%     -    0s
     0     0   57.71260    0   94   79.00000   57.71260  26.9%     -    0s
     0     0   57.88556    0  106   79.00000   57.88556  26.7%     -    0s
H    0     0                      74.0000000   57.88556  21.8%     -    0s
     0     0   57.93066    0  102   74.00000   57.93066  21.7%     -    0s
     0     0   57.93066    0   59   74.00000   57.93066  21.7%     -    0s
     0     0   57.93066    0  107   74.00000   57.93066  21.7%     -    0s
     0     0   57.93066    0  113   74.00000   57.93066  21.7%     -    0s
     0     0   58.02370    0  108   74.00000   58.02370  21.6%     -    0s
     0     0   58.03899    0  108   74.00000   58.03899  21.6%     -    0s
     0     0   58.04016    0  108   74.00000   58.04016  21.6%     -    0s
     0     0   58.27672    0  106   74.00000   58.27672  21.2%     -    0s
     0     0   58.45197    0  107   74.00000   58.45197  21.0%     -    0s
     0     0   58.46706    0  112   74.00000   58.46706  21.0%     -    0s
     0     0   58.47685    0  100   74.00000   58.47685  21.0%     -    0s
     0     0   58.49810    0  107   74.00000   58.49810  20.9%     -    0s
     0     0   58.50468    0  101   74.00000   58.50468  20.9%     -    0s
     0     0   58.57100    0  116   74.00000   58.57100  20.8%     -    0s
     0     0   58.57100    0  116   74.00000   58.57100  20.8%     -    0s
     0     2   58.59600    0  112   74.00000   58.59600  20.8%     -    1s
*  105    24               8      69.0000000   63.80000  7.54%  19.5    1s

Cutting planes:
  Gomory: 7
  MIR: 2
  Zero half: 12
  Mod-K: 1
  Lazy constraints: 26

Explored 136 nodes (4732 simplex iterations) in 1.14 seconds
Thread count was 1 (of 16 available processors)

Solution count 5: 69 74 79 ... 96

Optimal solution found (tolerance 1.00e-04)
Best objective 6.900000000000e+01, best bound 6.900000000000e+01, gap 0.0000%

Gurobi 7.5.2 (linux64, C++) logging started Sat Mar 10 07:24:04 2018

Academic license - for non-commercial use only
Optimize a model with 3775 rows, 1937 columns and 13089 nonzeros
Variable types: 0 continuous, 1937 integer (1937 binary)
Coefficient statistics:
  Matrix range     [1e+00, 1e+00]
  Objective range  [1e+00, 1e+02]
  Bounds range     [1e+00, 1e+00]
  RHS range        [1e+00, 1e+00]

Loaded MIP start with objective 96

Presolve time: 0.01s
Presolved: 3775 rows, 1937 columns, 13089 nonzeros
Variable types: 0 continuous, 1937 integer (1937 binary)

Root relaxation: objective 4.989744e+01, 415 iterations, 0.01 seconds

    Nodes    |    Current Node    |     Objective Bounds      |     Work
 Expl Unexpl |  Obj  Depth IntInf | Incumbent    BestBd   Gap | It/Node Time

     0     0   49.89744    0   71   96.00000   49.89744  48.0%     -    0s
     0     0   54.80577    0   69   96.00000   54.80577  42.9%     -    0s
     0     0   54.80577    0   98   96.00000   54.80577  42.9%     -    0s
H    0     0                      84.0000000   54.80577  34.8%     -    0s
     0     0   56.03849    0   70   84.00000   56.03849  33.3%     -    0s
     0     0   56.03849    0   87   84.00000   56.03849  33.3%     -    0s
H    0     0                      79.0000000   56.03849  29.1%     -    0s
     0     0   56.03849    0  108   79.00000   56.03849  29.1%     -    0s
     0     0   56.34224    0   85   79.00000   56.34224  28.7%     -    0s
     0     0   56.50270    0   90   79.00000   56.50270  28.5%     -    0s
     0     0   57.52507    0   82   79.00000   57.52507  27.2%     -    0s
     0     0   57.62001    0   81   79.00000   57.62001  27.1%     -    0s
     0     0   57.70567    0   78   79.00000   57.70567  27.0%     -    0s
     0     0   57.71260    0   94   79.00000   57.71260  26.9%     -    0s
     0     0   57.88556    0  106   79.00000   57.88556  26.7%     -    0s
H    0     0                      74.0000000   57.88556  21.8%     -    0s
     0     0   57.93066    0  102   74.00000   57.93066  21.7%     -    0s
     0     0   57.93066    0   59   74.00000   57.93066  21.7%     -    0s
     0     0   57.93066    0  107   74.00000   57.93066  21.7%     -    0s
     0     0   57.93066    0  113   74.00000   57.93066  21.7%     -    0s
     0     0   58.02370    0  108   74.00000   58.02370  21.6%     -    0s
     0     0   58.03899    0  108   74.00000   58.03899  21.6%     -    0s
     0     0   58.04016    0  108   74.00000   58.04016  21.6%     -    0s
     0     0   58.27672    0  106   74.00000   58.27672  21.2%     -    0s
     0     0   58.45197    0  107   74.00000   58.45197  21.0%     -    0s
     0     0   58.46706    0  112   74.00000   58.46706  21.0%     -    0s
     0     0   58.47685    0  100   74.00000   58.47685  21.0%     -    0s
     0     0   58.49810    0  107   74.00000   58.49810  20.9%     -    0s
     0     0   58.50468    0  101   74.00000   58.50468  20.9%     -    0s
     0     0   58.57100    0  116   74.00000   58.57100  20.8%     -    0s
     0     0   58.57100    0  116   74.00000   58.57100  20.8%     -    0s
     0     2   58.59600    0  112   74.00000   58.59600  20.8%     -    1s
*  105    24               8      69.0000000   63.80000  7.54%  19.5    1s

Cutting planes:
  Gomory: 7
  MIR: 2
  Zero half: 12
  Mod-K: 1
  Lazy constraints: 26

Explored 136 nodes (4732 simplex iterations) in 1.14 seconds
Thread count was 1 (of 16 available processors)

Solution count 5: 69 74 79 ... 96

Optimal solution found (tolerance 1.00e-04)
Best objective 6.900000000000e+01, best bound 6.900000000000e+01, gap 0.0000%
