
Gurobi 7.5.2 (linux64, C++) logging started Sat Mar 10 07:35:18 2018

Academic license - for non-commercial use only
Optimize a model with 6392 rows, 3254 columns and 22147 nonzeros
Variable types: 0 continuous, 3254 integer (3254 binary)
Coefficient statistics:
  Matrix range     [1e+00, 1e+00]
  Objective range  [1e+00, 2e+02]
  Bounds range     [1e+00, 1e+00]
  RHS range        [1e+00, 1e+00]

Loaded MIP start with objective 316

Presolve time: 0.02s
Presolved: 6392 rows, 3254 columns, 22147 nonzeros
Variable types: 0 continuous, 3254 integer (3254 binary)

Root relaxation: objective 1.935333e+02, 401 iterations, 0.01 seconds

    Nodes    |    Current Node    |     Objective Bounds      |     Work
 Expl Unexpl |  Obj  Depth IntInf | Incumbent    BestBd   Gap | It/Node Time

     0     0  193.53333    0   44  316.00000  193.53333  38.8%     -    0s
     0     0  211.66667    0   67  316.00000  211.66667  33.0%     -    0s
     0     0  216.33333    0   64  316.00000  216.33333  31.5%     -    0s
     0     0  218.56250    0  108  316.00000  218.56250  30.8%     -    0s
     0     0  218.85949    0  145  316.00000  218.85949  30.7%     -    0s
     0     0  219.66667    0  160  316.00000  219.66667  30.5%     -    0s
     0     0  221.77143    0  140  316.00000  221.77143  29.8%     -    1s
     0     0  222.32653    0  173  316.00000  222.32653  29.6%     -    1s
     0     0  222.32653    0  171  316.00000  222.32653  29.6%     -    1s
     0     0  222.32653    0  151  316.00000  222.32653  29.6%     -    2s
H    0     0                     302.0000000  222.32653  26.4%     -    2s
     0     0  223.05714    0  109  302.00000  223.05714  26.1%     -    2s
     0     0  223.35088    0  171  302.00000  223.35088  26.0%     -    3s
     0     0  223.36957    0  170  302.00000  223.36957  26.0%     -    3s
     0     0  224.30713    0  176  302.00000  224.30713  25.7%     -    3s
     0     0  224.79429    0  179  302.00000  224.79429  25.6%     -    3s
     0     0  224.94737    0   86  302.00000  224.94737  25.5%     -    3s
     0     0  224.94737    0   86  302.00000  224.94737  25.5%     -    3s
     0     0  224.94737    0   86  302.00000  224.94737  25.5%     -    5s
     0     0  224.94737    0  148  302.00000  224.94737  25.5%     -    5s
     0     0  225.65789    0   79  302.00000  225.65789  25.3%     -    5s
     0     0  226.77273    0   86  302.00000  226.77273  24.9%     -    5s
     0     0  227.18182    0   90  302.00000  227.18182  24.8%     -    5s
     0     0  227.21053    0   90  302.00000  227.21053  24.8%     -    6s
     0     0  227.28402    0  134  302.00000  227.28402  24.7%     -    6s
     0     0  227.32000    0  134  302.00000  227.32000  24.7%     -    6s
     0     0  227.60150    0  154  302.00000  227.60150  24.6%     -    6s
     0     0  227.61674    0  125  302.00000  227.61674  24.6%     -    6s
     0     0  227.62859    0  125  302.00000  227.62859  24.6%     -    6s
     0     0  227.63529    0  125  302.00000  227.63529  24.6%     -    6s
     0     0  227.64198    0  125  302.00000  227.64198  24.6%     -    6s
     0     0  227.64198    0  125  302.00000  227.64198  24.6%     -    6s
     0     0  227.64654    0  152  302.00000  227.64654  24.6%     -    6s
     0     0  227.64654    0  151  302.00000  227.64654  24.6%     -    6s
     0     2  228.84211    0  181  302.00000  228.84211  24.2%     -    7s
   511   479  276.88000   49  171  302.00000  232.58333  23.0%  17.9   10s
   532   493  262.60000   29  212  302.00000  232.58333  23.0%  17.2   15s
   705   575  300.83333   93   27  302.00000  232.58333  23.0%  24.3   20s
  1593   957  262.64869   43  255  302.00000  233.65750  22.6%  28.1   25s
  2893  1926  282.79070  200   89  302.00000  234.87884  22.2%  24.2   30s
* 2921  1595             228     289.0000000  234.87884  18.7%  24.0   30s
  3802  2339  242.22981   24   96  289.00000  236.10098  18.3%  24.3   35s
  4641  3072  254.20833   71   41  289.00000  237.36364  17.9%  24.0   40s
* 4966  3166             219     285.0000000  237.40741  16.7%  23.5   41s
  5464  3557  278.12644   96  184  285.00000  237.92797  16.5%  24.1   45s
  6334  4329  278.27273   59   54  285.00000  238.41647  16.3%  23.7   50s
H 6887  3654                     277.0000000  238.58730  13.9%  23.2   52s
  7138  3832  254.05882   37  214  277.00000  238.78694  13.8%  23.7   55s
* 7650  3954             172     275.0000000  239.41954  12.9%  23.7   59s
  7752  4037  244.29270   25   95  275.00000  239.50000  12.9%  23.8   60s
  8492  4682  270.53846   79   36  275.00000  240.00000  12.7%  23.9   65s
  9125  5196  249.50000   28    8  275.00000  240.37016  12.6%  24.1   70s
  9963  5878  258.12500   52   61  275.00000  240.79162  12.4%  24.1   75s
 10637  6423  273.18873   52  148  275.00000  241.20000  12.3%  24.1   80s
 11208  6861  248.82864   23  128  275.00000  241.61498  12.1%  24.3   85s
 11896  7404  268.08333   98   72  275.00000  241.85227  12.1%  24.6   90s
 12617  7962  250.82713   37  184  275.00000  242.00000  12.0%  24.7   95s
 13344  8565  272.38462   77   30  275.00000  242.12329  12.0%  24.7  100s
 13969  9093  266.50000   91   16  275.00000  242.46338  11.8%  24.9  105s
H14356  8740                     273.0000000  242.60422  11.1%  25.0  108s
 14550  8894  247.00000   20   20  273.00000  242.76000  11.1%  25.0  110s
 15051  9301  258.42500   54   60  273.00000  242.87805  11.0%  25.1  115s
 15682  9773  262.71278   57  231  273.00000  243.00000  11.0%  25.2  120s
 16184 10136  254.26000   26   90  273.00000  243.14407  10.9%  25.4  125s
 16865 10662  255.50000   26   10  273.00000  243.40839  10.8%  25.5  130s
 17525 11155  263.78378   33   66  273.00000  243.56948  10.8%  25.5  135s
 18152 11615  251.33333   29   41  273.00000  243.76978  10.7%  25.6  140s
 18690 12006  248.51724   31  123  273.00000  243.96737  10.6%  25.7  145s
 19351 12558  260.17391   28   40  273.00000  244.00000  10.6%  25.7  150s
 19916 12972  267.01992   45  165  273.00000  244.15075  10.6%  25.8  155s
 20501 13392  268.25000   34   13  273.00000  244.26305  10.5%  25.9  160s
 21106 13848  271.11538   34   72  273.00000  244.37466  10.5%  25.9  165s
 21717 14300     cutoff   56       273.00000  244.50000  10.4%  25.9  170s
 22270 14680  247.99140   24  113  273.00000  244.67416  10.4%  26.0  175s
 22825 15086  255.18182   38   29  273.00000  244.81667  10.3%  26.1  180s
 23220 15381  258.35593   34  223  273.00000  244.88889  10.3%  26.2  185s
 23799 15790  260.42857   28   29  273.00000  245.00000  10.3%  26.3  190s
 24325 16153  263.14552   58  305  273.00000  245.09913  10.2%  26.4  195s
 24864 16564  260.41026   69  204  273.00000  245.25000  10.2%  26.4  200s
 25431 16948  267.13043   49   51  273.00000  245.38433  10.1%  26.5  205s
 26027 17400  270.25000  101   91  273.00000  245.50000  10.1%  26.6  210s
 26606 17816  271.40000   32    9  273.00000  245.57143  10.0%  26.6  215s
 26892 18004  258.71164   26  154  273.00000  245.61638  10.0%  26.7  220s
 27471 18482  268.50000   34    6  273.00000  245.67632  10.0%  26.7  225s
 28072 18868  258.71388   33   74  273.00000  245.79710  10.0%  26.7  230s
 28622 19198  252.42949   25   89  273.00000  245.84769  9.95%  26.8  235s
 29130 19549  263.44380   62  169  273.00000  245.92958  9.92%  26.8  240s
 29671 19928  265.41404   26  103  273.00000  246.00000  9.89%  26.8  245s
 30153 20259  265.35047   56  113  273.00000  246.03556  9.88%  26.9  250s
 30697 20645  256.86500   53  167  273.00000  246.20455  9.82%  27.0  255s
 31265 21028  252.70588   22   41  273.00000  246.28844  9.78%  26.9  260s
 31816 21365  258.55556   33   32  273.00000  246.35088  9.76%  27.0  265s
 32327 21673  268.97962   48  230  273.00000  246.42063  9.74%  27.1  270s
 32897 22070  259.13281   34   70  273.00000  246.50000  9.71%  27.1  275s
 33452 22384  254.99262   24   85  273.00000  246.59301  9.67%  27.1  280s
 34009 22788  268.29412   37  141  273.00000  246.66667  9.65%  27.1  285s
 34431 23057  248.42489   22  169  273.00000  246.73733  9.62%  27.2  290s
 34912 23391  269.22609   30  108  273.00000  246.80357  9.60%  27.3  295s
 35353 23679  265.60294   36  118  273.00000  246.89565  9.56%  27.4  300s
 35910 24112  266.34615   26   20  273.00000  246.96667  9.54%  27.3  305s
 36409 24474  263.61250   75  236  273.00000  247.00000  9.52%  27.4  310s
 36873 24736  263.22481   49  161  273.00000  247.01667  9.52%  27.4  315s
 37385 25070  271.55556   33   33  273.00000  247.08333  9.49%  27.5  320s
 37857 25431  261.66667   33   35  273.00000  247.12891  9.48%  27.5  325s
 38290 25731  268.12214   78  168  273.00000  247.18942  9.45%  27.6  330s
 38833 26171  261.66667   34    7  273.00000  247.22917  9.44%  27.6  335s
 39326 26501  265.87755  124   53  273.00000  247.30000  9.41%  27.7  340s
 39873 26878  269.91304   62   59  273.00000  247.38453  9.38%  27.7  345s
 40429 27319  256.33333   24   13  273.00000  247.47826  9.35%  27.7  350s
 40903 27641  268.45455   60   72  273.00000  247.51515  9.34%  27.7  355s
 41341 27946  269.48485   36  167  273.00000  247.58218  9.31%  27.7  360s
 41787 28251  255.90427   43  182  273.00000  247.66667  9.28%  27.8  365s
 42205 28533  260.68571   32   67  273.00000  247.75000  9.25%  27.8  370s
 42738 28908  256.63636   43  110  273.00000  247.82402  9.22%  27.9  375s
 43237 29277  254.89796   38  231  273.00000  247.86850  9.21%  27.8  380s
 43778 29689  268.00000   39  202  273.00000  247.90455  9.19%  27.9  385s
 44212 29940  267.33621   51  136  273.00000  248.00000  9.16%  27.9  390s
 44663 30239     cutoff   32       273.00000  248.00000  9.16%  27.9  395s
 45081 30488  263.00000   28    8  273.00000  248.06757  9.13%  28.0  400s
 45484 30790  264.23333   58  131  273.00000  248.13636  9.11%  28.1  405s
 45962 31121  271.20690   33   80  273.00000  248.16667  9.10%  28.1  410s
 46363 31392  257.40455   39  195  273.00000  248.21703  9.08%  28.1  415s
 46743 31643  268.65079   52   47  273.00000  248.26389  9.06%  28.2  420s
 47145 31907     cutoff   43       273.00000  248.32738  9.04%  28.2  425s
 47597 32198  262.76783   44  121  273.00000  248.35704  9.03%  28.3  430s
 48027 32501  271.99225   32  114  273.00000  248.40000  9.01%  28.3  435s
 48505 32845  258.53237   53  269  273.00000  248.47107  8.98%  28.3  440s
 49014 33257  263.24348   30  128  273.00000  248.50000  8.97%  28.3  445s
 49437 33554  260.53333   30   31  273.00000  248.52381  8.97%  28.3  450s
 49850 33749  258.20000   30   26  273.00000  248.55978  8.95%  28.4  455s
 50243 34046  264.23529   54  125  273.00000  248.60211  8.94%  28.4  460s
 50687 34382  263.84000   34   70  273.00000  248.62500  8.93%  28.4  465s
 51102 34644  262.54605   35  111  273.00000  248.66667  8.91%  28.5  470s
 51540 34932  254.32143   33   29  273.00000  248.69444  8.90%  28.4  475s
 51948 35162  266.25000   71   12  273.00000  248.74648  8.88%  28.5  480s
 52384 35429  259.07759   42   75  273.00000  248.79137  8.87%  28.5  485s
 52796 35633  261.96798   39  126  273.00000  248.82465  8.86%  28.5  490s
 53229 35928  253.37500   35   36  273.00000  248.88462  8.83%  28.5  495s
 53610 36154  269.59255   40  171  273.00000  248.93571  8.81%  28.6  500s
 54077 36463  271.00000  122    5  273.00000  249.00000  8.79%  28.6  505s
 54530 36776  271.68750   42   54  273.00000  249.00000  8.79%  28.6  510s
 54950 37110  268.44371   32  121  273.00000  249.00000  8.79%  28.6  515s
 55419 37376  255.50000   27   36  273.00000  249.02821  8.78%  28.6  520s
 55846 37615  270.62613   36   78  273.00000  249.06809  8.77%  28.6  525s
 56236 37878  256.80000   34   18  273.00000  249.10000  8.75%  28.6  530s
 56738 38251  269.17857   40   34  273.00000  249.13824  8.74%  28.6  535s
 57105 38522  268.62179   32  101  273.00000  249.15000  8.74%  28.6  540s
 57551 38822  259.11340   28   90  273.00000  249.20000  8.72%  28.7  545s
 58011 39158  261.91045   50  116  273.00000  249.25000  8.70%  28.7  550s
 58443 39364  261.35960   70  192  273.00000  249.26087  8.70%  28.7  555s
 58857 39657  262.93750   34   18  273.00000  249.29167  8.68%  28.7  560s
 59291 39928  268.05263   70  207  273.00000  249.32229  8.67%  28.7  565s
 59702 40212  270.33333   76    6  273.00000  249.34494  8.66%  28.8  570s
 60086 40473  259.69903   25   58  273.00000  249.38525  8.65%  28.8  575s
 60492 40691  268.62657   57  228  273.00000  249.40000  8.64%  28.8  580s
 60869 40935  270.11594   36  105  273.00000  249.41545  8.64%  28.8  585s
 61246 41157  265.83368   29  100  273.00000  249.45833  8.62%  28.9  590s
 61643 41432  261.04361   33  238  273.00000  249.50000  8.61%  28.9  595s
 62085 41700  268.93750   25   52  273.00000  249.50000  8.61%  28.9  600s
 62517 41996  272.00000   27    8  273.00000  249.51922  8.60%  28.9  605s
 62899 42242  258.38021   41  271  273.00000  249.55000  8.59%  28.9  610s
 63260 42478  267.83562   58  122  273.00000  249.57798  8.58%  28.9  615s
 63689 42755  267.40000   85  119  273.00000  249.60110  8.57%  28.9  620s
 64059 43000  257.81479   36  200  273.00000  249.61905  8.56%  28.9  625s
 64447 43230  268.00000   59   23  273.00000  249.65147  8.55%  28.9  630s
 64846 43485  270.60000   31   17  273.00000  249.66667  8.55%  28.9  635s
 65188 43702  270.13514   50   33  273.00000  249.70270  8.53%  29.0  640s
 65588 43922  268.62500   58   24  273.00000  249.74936  8.52%  29.0  645s
 65955 44157  269.37864   44   97  273.00000  249.76504  8.51%  29.0  650s
 66329 44382  267.76000   54   63  273.00000  249.79630  8.50%  29.0  655s
 66708 44605  259.74803   29  128  273.00000  249.82673  8.49%  29.1  660s
 67107 44854  258.22222   26   18  273.00000  249.88462  8.47%  29.1  665s
 67448 45065  269.01299   35  108  273.00000  249.90323  8.46%  29.1  670s
 67842 45268  258.28834   30   78  273.00000  249.96552  8.44%  29.1  675s
 68191 45458  270.66667   60   11  273.00000  250.00000  8.42%  29.2  680s
 68548 45709  264.40416   29  157  273.00000  250.00000  8.42%  29.2  685s
 68997 46024  265.50000   88    6  273.00000  250.00000  8.42%  29.2  690s
 69416 46276  264.60736   39  206  273.00000  250.00000  8.42%  29.2  695s
 69807 46568  271.65005   32  161  273.00000  250.01190  8.42%  29.2  700s
 70196 46788  256.82759   39  106  273.00000  250.06897  8.40%  29.2  705s
 70596 47007     cutoff   41       273.00000  250.09701  8.39%  29.2  710s
 70994 47318  265.07851   51  196  273.00000  250.11111  8.38%  29.2  715s
 71386 47600  261.50000   30   12  273.00000  250.12500  8.38%  29.2  720s
 71745 47844  262.06061   30   47  273.00000  250.16119  8.37%  29.2  725s
 72107 48103  263.20000   28   19  273.00000  250.18251  8.36%  29.2  730s
 72443 48313  267.91703   58  284  273.00000  250.20000  8.35%  29.3  735s
 72838 48530  266.66667   58   12  273.00000  250.21706  8.35%  29.3  740s
 73254 48799     cutoff   34       273.00000  250.24065  8.34%  29.3  745s
 73621 49013  268.10427   53  211  273.00000  250.26912  8.33%  29.3  750s
 74017 49277     cutoff   86       273.00000  250.29114  8.32%  29.3  755s
 74384 49493  266.10000   29   24  273.00000  250.33083  8.30%  29.3  760s
 74751 49762  266.90909   42   29  273.00000  250.33739  8.30%  29.3  765s
 75150 49975  270.15591   42  173  273.00000  250.36773  8.29%  29.3  770s
 75517 50219  270.25000   28   11  273.00000  250.40000  8.28%  29.3  775s
 75831 50432  270.18519   39  106  273.00000  250.41463  8.27%  29.3  780s
 76166 50635  257.91139   43  214  273.00000  250.45474  8.26%  29.4  785s
 76559 50898  263.53110   49  140  273.00000  250.50000  8.24%  29.4  790s
 76966 51200  258.21843   38  109  273.00000  250.50000  8.24%  29.4  795s
 77338 51408  271.09195   80  144  273.00000  250.51264  8.24%  29.4  800s
 77704 51644  265.87500   31   48  273.00000  250.53846  8.23%  29.4  805s
 78056 51876  268.11700   42  157  273.00000  250.55488  8.22%  29.4  810s
 78448 52143  267.50000   55   23  273.00000  250.58333  8.21%  29.4  815s
 78839 52371  264.57576   51   39  273.00000  250.60351  8.20%  29.4  820s
 79212 52591  268.56863   44  179  273.00000  250.62500  8.20%  29.4  825s
 79634 52871  266.47059  102   26  273.00000  250.65296  8.19%  29.4  830s
 79964 53054  264.70833   36   35  273.00000  250.66667  8.18%  29.5  835s
 80246 53212  263.00000   34   41  273.00000  250.68750  8.17%  29.5  840s
 80637 53416  271.76190   42  124  273.00000  250.70833  8.17%  29.5  845s
 81026 53614  264.83333   54   28  273.00000  250.75000  8.15%  29.5  850s
 81395 53817  262.88889   36   27  273.00000  250.79814  8.13%  29.5  855s
 81771 54056  257.83636   55   91  273.00000  250.80769  8.13%  29.5  860s
 82141 54231  268.38462   40   15  273.00000  250.82609  8.12%  29.5  865s
 82485 54479  262.51118   40  218  273.00000  250.84664  8.11%  29.5  870s
 82836 54709     cutoff   30       273.00000  250.87500  8.10%  29.6  875s
 83195 54931  271.67857   36   25  273.00000  250.90909  8.09%  29.6  880s
 83549 55184  266.03247   45  116  273.00000  250.93182  8.08%  29.6  885s
 83883 55376  258.45455   54   54  273.00000  250.94928  8.08%  29.6  890s
 84284 55615  254.71600   28   82  273.00000  250.95974  8.07%  29.6  895s
 84587 55776  259.53571   36   70  273.00000  251.00000  8.06%  29.6  900s
 84952 56006  267.61017   32   61  273.00000  251.00000  8.06%  29.6  905s
 85326 56232  265.14000   32   68  273.00000  251.00000  8.06%  29.7  910s
 85708 56481  269.00000   60    7  273.00000  251.00000  8.06%  29.7  915s
 86049 56567  253.84000   29  113  273.00000  251.05469  8.04%  29.7  920s
 86367 56784  258.71429   36   73  273.00000  251.07000  8.03%  29.7  925s
 86743 57053  256.79545   37   37  273.00000  251.11111  8.02%  29.7  930s
 87103 57244  260.87610   66  305  273.00000  251.14352  8.01%  29.7  935s
 87496 57498  265.64341   44  216  273.00000  251.16667  8.00%  29.7  940s
 87776 57685  258.26442   31  115  273.00000  251.18232  7.99%  29.7  945s
 88163 57927  264.50000   60   10  273.00000  251.20536  7.98%  29.7  950s
 88511 58133  260.66667   28   16  273.00000  251.23684  7.97%  29.7  955s
 88900 58315  263.81884   33   79  273.00000  251.25000  7.97%  29.8  960s
 89288 58567  263.64527   52  245  273.00000  251.26866  7.96%  29.8  965s
 89646 58787  253.50000   34    6  273.00000  251.29167  7.95%  29.8  970s
 90018 59032  270.51180   44  229  273.00000  251.32623  7.94%  29.8  975s
 90353 59181  271.66667   48   18  273.00000  251.33824  7.93%  29.8  980s
 90707 59353  254.66667   31   22  273.00000  251.37500  7.92%  29.8  985s
 91042 59572  269.40000   29   26  273.00000  251.39513  7.91%  29.8  990s
 91362 59714  260.93846   40   44  273.00000  251.41667  7.91%  29.8  995s
 91741 59861  260.36413   36  185  273.00000  251.43182  7.90%  29.8 1000s
 92126 60120  269.46154  111   45  273.00000  251.44891  7.89%  29.8 1005s
 92468 60304  272.00000   35    8  273.00000  251.49206  7.88%  29.8 1010s
 92721 60447  255.50000   29   20  273.00000  251.50000  7.88%  29.8 1015s
 93072 60705     cutoff   41       273.00000  251.50000  7.88%  29.9 1020s
 93476 60979  257.00000   26    8  273.00000  251.50000  7.88%  29.9 1025s
 93876 61227  265.20697   50  118  273.00000  251.52490  7.87%  29.9 1030s
 94276 61507  266.50000   60   40  273.00000  251.54545  7.86%  29.9 1035s
 94634 61684  265.22222   26   18  273.00000  251.58450  7.84%  29.9 1040s
 94963 61896  271.35294   39   81  273.00000  251.60000  7.84%  29.9 1045s
 95309 62079     cutoff   42       273.00000  251.61942  7.83%  29.9 1050s
 95686 62307  271.05357   61  126  273.00000  251.63636  7.83%  29.9 1055s
 96021 62482  259.86208   48  200  273.00000  251.66013  7.82%  29.9 1060s
 96368 62705  268.23831   40   93  273.00000  251.66667  7.81%  29.9 1065s
 96705 62953  271.28571   43   20  273.00000  251.69048  7.81%  29.9 1070s
 97049 63123     cutoff   41       273.00000  251.71154  7.80%  29.9 1075s
 97383 63252     cutoff   62       273.00000  251.73750  7.79%  29.9 1080s
 97687 63453  269.50000   34   15  273.00000  251.75000  7.78%  29.9 1085s
 98055 63664  254.86909   32  217  273.00000  251.79762  7.77%  29.9 1090s
 98408 63903  269.57422   44   86  273.00000  251.81329  7.76%  29.9 1095s
 98742 64059  257.84375   30  150  273.00000  251.83333  7.75%  29.9 1100s
 99083 64234  270.47525   40  143  273.00000  251.86301  7.74%  29.9 1105s
 99393 64432  271.00000   37   16  273.00000  251.87500  7.74%  30.0 1110s
 99765 64678  263.92857   51  159  273.00000  251.89606  7.73%  30.0 1115s
 100118 64849  272.00000   40    8  273.00000  251.91667  7.72%  30.0 1120s
 100484 65097  264.50000   44   28  273.00000  251.94118  7.71%  30.0 1125s
 100826 65314  268.58716   41  106  273.00000  251.96667  7.70%  30.0 1130s
 101167 65503  264.30835   24   95  273.00000  251.99468  7.69%  30.0 1135s
 101488 65645  260.00000   32   15  273.00000  252.00000  7.69%  30.0 1140s
 101818 65787  271.36462   46  111  273.00000  252.00000  7.69%  30.0 1145s
*102037 63555             157     272.0000000  252.00000  7.35%  30.0 1147s
 102170 63645  269.00000   38    6  272.00000  252.00000  7.35%  30.0 1150s
 102486 63794     cutoff   26       272.00000  252.00000  7.35%  30.0 1155s
 102820 63973  257.60000   22   43  272.00000  252.00000  7.35%  30.0 1160s
 103067 64132  270.26667   81   40  272.00000  252.00000  7.35%  30.0 1165s
 103345 64285  263.63823   50  123  272.00000  252.00000  7.35%  30.0 1170s
 103661 64462     cutoff   37       272.00000  252.02000  7.35%  30.0 1175s
 104008 64603  256.72222   37   64  272.00000  252.03571  7.34%  30.0 1180s
 104291 64763  269.50000   41    4  272.00000  252.05042  7.33%  30.0 1185s
 104600 64966  261.40201   30   65  272.00000  252.06252  7.33%  30.0 1190s
 104825 65116  268.88235   41   70  272.00000  252.08333  7.32%  30.0 1195s
 105107 65238  262.54545   35   34  272.00000  252.11111  7.31%  30.0 1200s
 105404 65377  269.78244   32  111  272.00000  252.12500  7.31%  30.0 1205s
 105709 65522  259.31579   25   35  272.00000  252.15625  7.30%  30.0 1210s
 105990 65656  264.00000   33    6  272.00000  252.18056  7.29%  30.1 1215s
 106277 65814     cutoff   45       272.00000  252.18788  7.28%  30.1 1220s
 106516 65912  262.57895   64   31  272.00000  252.20657  7.28%  30.1 1225s
 106783 66078  266.28070   56   95  272.00000  252.22222  7.27%  30.1 1230s
 107109 66300  260.11111   27   26  272.00000  252.25000  7.26%  30.1 1235s
 107365 66444  267.58000   24   41  272.00000  252.25758  7.26%  30.1 1240s
 107639 66582  267.60000   60    9  272.00000  252.26786  7.25%  30.1 1245s
 107990 66772  263.85321   32   88  272.00000  252.29167  7.25%  30.1 1250s
 108340 66954  267.22222   62   27  272.00000  252.31647  7.24%  30.1 1255s
 108673 67124  266.33333   43   37  272.00000  252.33333  7.23%  30.1 1260s
 109005 67313  261.90000   26   25  272.00000  252.34513  7.23%  30.1 1265s
 109320 67512  262.29552   28   85  272.00000  252.35429  7.22%  30.1 1270s
 109602 67636  265.22581   28   41  272.00000  252.37850  7.21%  30.1 1275s
 109913 67767  261.59091   31   35  272.00000  252.40649  7.20%  30.2 1280s
 110224 67962  262.62500   38   19  272.00000  252.42373  7.20%  30.2 1285s
 110549 68135  258.66667   34   21  272.00000  252.43992  7.19%  30.2 1290s
 110838 68300  269.26259   43  103  272.00000  252.45777  7.18%  30.2 1295s
 111120 68489  266.55091   69  175  272.00000  252.46429  7.18%  30.2 1300s
 111486 68694  260.33333   49   18  272.00000  252.48810  7.17%  30.2 1305s
 111782 68828     cutoff   35       272.00000  252.50000  7.17%  30.2 1310s
 112089 69048  269.75325   30   84  272.00000  252.50000  7.17%  30.2 1315s
 112443 69247  270.50000   39    4  272.00000  252.50000  7.17%  30.2 1320s
 112801 69454  265.94706   90  184  272.00000  252.51587  7.16%  30.2 1325s
 113167 69663  256.06452   30   59  272.00000  252.53333  7.16%  30.2 1330s
 113535 69861  261.14286   36   38  272.00000  252.55541  7.15%  30.2 1335s
 113886 70086  266.67606   35   92  272.00000  252.57143  7.14%  30.2 1340s
 114235 70309  254.00000   36   77  272.00000  252.58865  7.14%  30.2 1345s
 114433 70411  267.06618   65   83  272.00000  252.59680  7.13%  30.2 1350s
 114722 70581  266.08000   39   85  272.00000  252.61207  7.13%  30.2 1355s
 115072 70775  268.94375   44  120  272.00000  252.62500  7.12%  30.2 1360s
 115430 70993  263.14286   42   19  272.00000  252.63889  7.12%  30.2 1365s
 115668 71137  266.06813   56  186  272.00000  252.64970  7.11%  30.3 1370s
 116008 71297  270.35052   36   37  272.00000  252.66667  7.11%  30.3 1375s
 116360 71425  269.71429   33   19  272.00000  252.68750  7.10%  30.3 1380s
 116702 71609  259.98876   65  243  272.00000  252.70455  7.09%  30.3 1385s
 117075 71816  264.25641   37   97  272.00000  252.72872  7.09%  30.3 1390s
 117411 71955  264.00000   30    4  272.00000  252.76271  7.07%  30.3 1395s
 117686 72057  267.11111   38   29  272.00000  252.78571  7.06%  30.3 1400s
 118016 72215  268.56667   35   94  272.00000  252.80000  7.06%  30.3 1405s
 118392 72453  262.75697   45  185  272.00000  252.83359  7.05%  30.3 1410s
 118743 72634  269.38830   76  155  272.00000  252.85507  7.04%  30.3 1415s
 119121 72845  270.94000   36   28  272.00000  252.88021  7.03%  30.3 1420s
 119460 73004  265.28846   35  197  272.00000  252.90317  7.02%  30.3 1425s
 119868 73238  263.50000   34   18  272.00000  252.91667  7.02%  30.3 1430s
 120195 73423  269.05571   35  220  272.00000  252.93679  7.01%  30.3 1435s
 120507 73524  263.50000   33   12  272.00000  252.96094  7.00%  30.3 1440s
 120834 73687  263.66667   36   21  272.00000  252.99267  6.99%  30.4 1445s
 121214 73901  262.21818   31   70  272.00000  253.00000  6.99%  30.3 1450s
 121570 74149  263.50000   66    8  272.00000  253.00000  6.99%  30.3 1455s
 121930 74333  263.77364   29  102  272.00000  253.00000  6.99%  30.4 1460s
 122249 74463  268.44800   40  178  272.00000  253.00000  6.99%  30.4 1465s
 122609 74642  270.75000   39   20  272.00000  253.00000  6.99%  30.4 1470s
 122976 74854  255.66667   29   12  272.00000  253.00000  6.99%  30.4 1475s
 123352 74980  258.00000   27    6  272.00000  253.03304  6.97%  30.4 1480s
 123711 75176  263.56583   44  166  272.00000  253.04348  6.97%  30.4 1485s
 124073 75404  270.66138   45   78  272.00000  253.06928  6.96%  30.4 1490s
 124441 75545  258.78000   35  107  272.00000  253.08333  6.95%  30.4 1495s
 124829 75729  269.90698   71  245  272.00000  253.10284  6.95%  30.4 1500s
 125179 75902  259.00000   26    8  272.00000  253.12500  6.94%  30.4 1505s
 125561 76084  268.22485   41   61  272.00000  253.15000  6.93%  30.4 1510s
 125897 76214  256.50000   41   20  272.00000  253.16667  6.92%  30.4 1515s
 126199 76400  270.47761   54   79  272.00000  253.19355  6.91%  30.4 1520s
 126504 76564  268.65385   54   35  272.00000  253.20000  6.91%  30.4 1525s
 126858 76770  268.09787   49  251  272.00000  253.22259  6.90%  30.4 1530s
 127202 76971  262.41807   30  196  272.00000  253.23704  6.90%  30.4 1535s
 127535 77122  266.67355   39  168  272.00000  253.25000  6.89%  30.4 1540s
 127842 77257     cutoff   44       272.00000  253.26139  6.89%  30.4 1545s
 128152 77405  266.20000   40   47  272.00000  253.27860  6.88%  30.4 1550s
 128492 77574  263.51875   28  103  272.00000  253.30540  6.87%  30.4 1555s
 128846 77752  270.53925   39  115  272.00000  253.33333  6.86%  30.4 1560s
 129195 77925  264.08824   37  126  272.00000  253.33333  6.86%  30.4 1565s
 129524 78093  266.61479   40  199  272.00000  253.35000  6.86%  30.4 1570s
 129867 78279  270.75000   47   45  272.00000  253.37398  6.85%  30.4 1575s
 130174 78427  267.97297   28   35  272.00000  253.39466  6.84%  30.4 1580s
 130496 78568  262.30769   31   36  272.00000  253.41176  6.83%  30.5 1585s
 130784 78701  259.20874   32  120  272.00000  253.43347  6.83%  30.5 1590s
 131103 78877  268.00000   26    8  272.00000  253.45455  6.82%  30.5 1595s
 131408 78989  266.63158   54   34  272.00000  253.46667  6.81%  30.5 1600s
 131699 79150  270.34615   33   88  272.00000  253.48750  6.81%  30.5 1605s
 132050 79329  263.04762   51   33  272.00000  253.50000  6.80%  30.5 1610s
 132378 79531  258.50000   31   12  272.00000  253.50000  6.80%  30.5 1615s
 132668 79640  269.05000   66   50  272.00000  253.50000  6.80%  30.5 1620s
 133011 79810  267.77804   38  134  272.00000  253.51023  6.80%  30.5 1625s
 133299 79965  262.42857   37   49  272.00000  253.51871  6.79%  30.5 1630s
 133627 80120  265.61905   42   31  272.00000  253.52632  6.79%  30.5 1635s
 133993 80293  268.12500   39  120  272.00000  253.54229  6.79%  30.5 1640s
 134333 80524  269.26316   40  177  272.00000  253.55172  6.78%  30.5 1645s
 134679 80733  255.66667   26   18  272.00000  253.56250  6.78%  30.5 1650s
 135000 80918  260.66667   25   19  272.00000  253.57371  6.77%  30.5 1655s
 135329 81122  266.83814   43  187  272.00000  253.58456  6.77%  30.5 1660s
 135622 81256  267.66667   29   24  272.00000  253.60000  6.76%  30.5 1665s
 135916 81420  268.52402   46  191  272.00000  253.61301  6.76%  30.5 1670s
 136216 81531  267.00000   31   46  272.00000  253.63037  6.75%  30.5 1675s
 136565 81697  269.66000   35   66  272.00000  253.65217  6.75%  30.5 1680s
 136910 81886  266.50000   38    6  272.00000  253.66667  6.74%  30.5 1685s
 137210 82062  270.66667   67   20  272.00000  253.68254  6.73%  30.5 1690s
 137530 82226  269.66667   62   24  272.00000  253.70588  6.73%  30.5 1695s
 137812 82381  270.11364   29   56  272.00000  253.71839  6.72%  30.5 1700s
 138128 82523  267.63867   48  109  272.00000  253.72789  6.72%  30.5 1705s
 138473 82731  270.00000   46    8  272.00000  253.74576  6.71%  30.5 1710s
 138801 82899     cutoff   42       272.00000  253.75645  6.71%  30.5 1715s
 139126 83021  263.00000   24   24  272.00000  253.78233  6.70%  30.5 1720s
 139402 83137  268.94860   41  191  272.00000  253.78923  6.70%  30.5 1725s
 139718 83302  263.80269   43  115  272.00000  253.80492  6.69%  30.5 1730s
 140028 83474  269.88889   32   34  272.00000  253.81653  6.69%  30.5 1735s
 140358 83672  269.63192   50  287  272.00000  253.83505  6.68%  30.5 1740s
 140658 83798  268.85246   48   78  272.00000  253.85263  6.67%  30.6 1745s
 140972 83991  265.43411   51  145  272.00000  253.86207  6.67%  30.6 1750s
 141309 84184  270.25000   47   20  272.00000  253.88000  6.66%  30.6 1755s
 141605 84316  269.05263   54   39  272.00000  253.90000  6.65%  30.6 1760s
 141905 84456  265.00620   34  258  272.00000  253.91667  6.65%  30.6 1765s
 142215 84607     cutoff   43       272.00000  253.93752  6.64%  30.6 1770s
 142571 84816  257.48219   37   99  272.00000  253.95833  6.63%  30.6 1775s
 142878 84954  267.77885   36   92  272.00000  253.98110  6.62%  30.6 1780s
 143205 85147  264.91594   42  195  272.00000  254.00000  6.62%  30.6 1785s
 143513 85293  265.83333   44   25  272.00000  254.00000  6.62%  30.6 1790s
 143840 85478  261.09091   26   36  272.00000  254.00000  6.62%  30.6 1795s
 144163 85638     cutoff   31       272.00000  254.00000  6.62%  30.6 1800s
 144455 85793  261.46154   38  119  272.00000  254.00000  6.62%  30.6 1805s
 144802 85947  259.75000   32   19  272.00000  254.00000  6.62%  30.6 1810s
 145081 86046  270.50000   50    8  272.00000  254.00000  6.62%  30.6 1815s
 145397 86141     cutoff   38       272.00000  254.00000  6.62%  30.6 1820s
 145703 86188  263.16000   37  157  272.00000  254.02632  6.61%  30.6 1825s
 146039 86411  264.20087   88  214  272.00000  254.03779  6.60%  30.6 1830s
 146348 86583  264.85714   26   22  272.00000  254.05114  6.60%  30.6 1835s
 146651 86732  265.30000   36   41  272.00000  254.06250  6.59%  30.6 1840s
 146936 86849  265.22857   37   40  272.00000  254.08654  6.59%  30.6 1845s
 147258 87043  268.82278   40   72  272.00000  254.10000  6.58%  30.6 1850s
 147584 87231  258.54962   50  192  272.00000  254.12055  6.57%  30.6 1855s
 147915 87332  269.00000   25   11  272.00000  254.13333  6.57%  30.6 1860s
 148258 87493  266.00000   28    8  272.00000  254.15827  6.56%  30.6 1865s
 148584 87636  266.78571   35   18  272.00000  254.16667  6.56%  30.6 1870s
 148895 87774  260.36325   38  113  272.00000  254.17710  6.55%  30.6 1875s
 149224 87969  269.25000   35   41  272.00000  254.19318  6.55%  30.6 1880s
 149505 88132  264.90426   74  193  272.00000  254.20000  6.54%  30.6 1885s
 149828 88309  262.37143   49   66  272.00000  254.21098  6.54%  30.6 1890s
 150160 88475  264.29167   42   47  272.00000  254.22449  6.54%  30.6 1895s
 150467 88643  266.00000   32    4  272.00000  254.23590  6.53%  30.6 1900s
 150737 88792  261.06987   39  114  272.00000  254.25000  6.53%  30.6 1905s
 151056 88997  268.10656   51   79  272.00000  254.25237  6.52%  30.6 1910s
 151350 89110  261.83333   28   18  272.00000  254.26667  6.52%  30.7 1915s
 151652 89256  259.05128   38  216  272.00000  254.28333  6.51%  30.7 1920s
 151959 89443  268.85714   30   10  272.00000  254.29545  6.51%  30.7 1925s
 152269 89619  268.46080   48  137  272.00000  254.31165  6.50%  30.7 1930s
 152564 89735  263.52000   49   42  272.00000  254.33158  6.50%  30.7 1935s
 152858 89875  270.22222   84   43  272.00000  254.33333  6.50%  30.7 1940s
 153156 89993  263.75000   32   10  272.00000  254.33560  6.49%  30.7 1945s
 153480 90118  268.31361   45  237  272.00000  254.34444  6.49%  30.7 1950s
*153793 58123              33     268.0000000  254.35802  5.09%  30.7 1954s
 153812 58126  263.17647   54   52  268.00000  254.35965  5.09%  30.7 1955s
H153875 23820                     263.0000000  254.36463  3.28%  30.7 1956s
 154066 23818  259.71739   38   30  263.00000  254.40000  3.27%  30.7 1960s
 154311 23839  258.00000   32   19  263.00000  254.43103  3.26%  30.7 1965s
 154473 23853  261.02013   30  144  263.00000  254.47148  3.24%  30.7 1970s
 154652 23830  260.66667   30   16  263.00000  254.50000  3.23%  30.7 1975s
 154824 23842  259.50000   27   14  263.00000  254.50000  3.23%  30.7 1980s
 155059 23808     cutoff   28       263.00000  254.52247  3.22%  30.7 1985s
 155260 23817  259.26667   50  145  263.00000  254.54687  3.21%  30.7 1990s
 155615 23812     cutoff   23       263.00000  254.60000  3.19%  30.7 1995s
 155977 23818  261.03297   31  164  263.00000  254.65517  3.17%  30.7 2000s
 156332 23816  258.50000   24    6  263.00000  254.70323  3.15%  30.7 2005s
 156708 23794  261.60000   37    9  263.00000  254.75965  3.13%  30.7 2010s
 157043 23768  260.30594   39  136  263.00000  254.81481  3.11%  30.7 2015s
 157366 23782  260.93991   41  203  263.00000  254.85714  3.10%  30.7 2020s
 157693 23720  261.73958   30   58  263.00000  254.92126  3.07%  30.7 2025s
 158059 23708  259.85556   33   99  263.00000  255.00000  3.04%  30.7 2030s
 158383 23688     cutoff   36       263.00000  255.00000  3.04%  30.7 2035s
 158708 23648  260.08009   38  185  263.00000  255.01149  3.04%  30.7 2040s
 159068 23582     cutoff   31       263.00000  255.09251  3.01%  30.7 2045s
 159424 23564  261.80000   52   27  263.00000  255.16216  2.98%  30.7 2050s
 159739 23498  257.79056   31  114  263.00000  255.21723  2.96%  30.7 2055s
 160126 23509  259.00000   38    6  263.00000  255.26923  2.94%  30.7 2060s
 160489 23450  260.00000   34    8  263.00000  255.33333  2.92%  30.7 2065s
 160809 23447  260.94737   31   75  263.00000  255.37500  2.90%  30.7 2070s
 161141 23478  256.02308   35   97  263.00000  255.41379  2.88%  30.7 2075s
 161483 23441  261.54777   36  148  263.00000  255.46774  2.86%  30.7 2080s
 161873 23412  260.00000   30    6  263.00000  255.50000  2.85%  30.7 2085s
 162234 23378  260.88235   41   40  263.00000  255.54175  2.84%  30.7 2090s
 162565 23341  261.26984   31   38  263.00000  255.60000  2.81%  30.7 2095s
 162905 23291  260.50000   33   12  263.00000  255.64706  2.80%  30.7 2100s
 163286 23224  261.64527   36   81  263.00000  255.72634  2.77%  30.7 2105s
 163640 23159  260.08000   26   77  263.00000  255.77586  2.75%  30.7 2110s
 163997 23118  259.75000   44   11  263.00000  255.84077  2.72%  30.7 2115s
 164360 23041  258.53229   44  233  263.00000  255.91270  2.69%  30.7 2120s
 164741 22937  258.37879   31  103  263.00000  256.00000  2.66%  30.7 2125s
 165131 22878  262.00000   36   34  263.00000  256.00000  2.66%  30.7 2130s
 165522 22819     cutoff   47       263.00000  256.04837  2.64%  30.7 2135s
 165893 22790     cutoff   30       263.00000  256.10563  2.62%  30.7 2140s
 166239 22719  262.00000   49   33  263.00000  256.16138  2.60%  30.7 2145s
 166457 22698  260.98824   30   75  263.00000  256.19608  2.59%  30.7 2150s
 166845 22664  259.84270   30   47  263.00000  256.25000  2.57%  30.7 2155s
 167247 22591  258.12000   29   30  263.00000  256.30392  2.55%  30.7 2160s
 167638 22540  261.00000   31   17  263.00000  256.34752  2.53%  30.7 2165s
 168020 22450     cutoff   42       263.00000  256.40000  2.51%  30.7 2170s
 168402 22342     cutoff   30       263.00000  256.45941  2.49%  30.7 2175s
 168745 22279  260.38095   31   71  263.00000  256.50000  2.47%  30.7 2180s
 169142 22152     cutoff   26       263.00000  256.55556  2.45%  30.7 2185s
 169537 22042  260.50000   34    8  263.00000  256.62424  2.42%  30.7 2190s
 169915 21916  260.00000   30   24  263.00000  256.68396  2.40%  30.7 2195s
 170266 21853  261.84091   47   57  263.00000  256.73327  2.38%  30.7 2200s
 170661 21751  258.12941   30   74  263.00000  256.78416  2.36%  30.7 2205s
 171055 21685  260.88496   30   91  263.00000  256.83600  2.34%  30.7 2210s
 171452 21536     cutoff   35       263.00000  256.91099  2.32%  30.7 2215s
 171856 21368     cutoff   34       263.00000  257.00000  2.28%  30.7 2220s
 172263 21257     cutoff   28       263.00000  257.00000  2.28%  30.7 2225s
 172636 21176  260.00000   34    6  263.00000  257.02381  2.27%  30.6 2230s
 173034 21097     cutoff   52       263.00000  257.08696  2.25%  30.6 2235s
 173443 21015  261.07639   30   60  263.00000  257.13333  2.23%  30.6 2240s
 173824 20917  258.63063   44  258  263.00000  257.19444  2.21%  30.6 2245s
 174238 20831  262.00000   26   12  263.00000  257.24484  2.19%  30.6 2250s
 174632 20727     cutoff   35       263.00000  257.28278  2.17%  30.6 2255s
 175056 20586     cutoff   31       263.00000  257.33852  2.15%  30.6 2260s
 175358 20504     cutoff   70       263.00000  257.38510  2.13%  30.6 2265s
 175761 20368  260.25806   38  104  263.00000  257.45513  2.11%  30.6 2270s
 176176 20196  261.75000   31   38  263.00000  257.50000  2.09%  30.6 2275s
 176593 20067  259.84127   37  115  263.00000  257.55882  2.07%  30.6 2280s
 177026 19948     cutoff   32       263.00000  257.63256  2.04%  30.6 2285s
 177454 19737  262.00000   41   25  263.00000  257.71429  2.01%  30.6 2290s
 177867 19602  260.64000   46  179  263.00000  257.77778  1.99%  30.6 2295s
 178337 19358  260.56250   33   39  263.00000  257.87500  1.95%  30.6 2300s
 178787 19185  260.29327   31  165  263.00000  257.94710  1.92%  30.5 2305s
 179257 19046     cutoff   28       263.00000  258.00000  1.90%  30.5 2310s
 179725 18862  259.03927   34  183  263.00000  258.00000  1.90%  30.5 2315s
 180157 18665     cutoff   26       263.00000  258.08333  1.87%  30.5 2320s
 180646 18439  261.93548   31   54  263.00000  258.16935  1.84%  30.5 2325s
 181087 18247  259.50000   25   12  263.00000  258.22917  1.81%  30.5 2330s
 181533 18070  260.57143   50   20  263.00000  258.29529  1.79%  30.5 2335s
 181978 17864  259.38483   44   88  263.00000  258.35088  1.77%  30.4 2340s
 182489 17596     cutoff   38       263.00000  258.44444  1.73%  30.4 2345s
 182937 17418  261.00000   29   10  263.00000  258.50000  1.71%  30.4 2350s
 183370 17175  259.52058   37  198  263.00000  258.55184  1.69%  30.4 2355s
 183830 16942     cutoff   32       263.00000  258.62500  1.66%  30.4 2360s
 184310 16697  261.50000   35   12  263.00000  258.69938  1.64%  30.4 2365s
 184743 16452  261.61458   30   65  263.00000  258.76923  1.61%  30.4 2370s
 185262 16150     cutoff   33       263.00000  258.85938  1.57%  30.3 2375s
 185796 15811     cutoff   48       263.00000  258.95789  1.54%  30.3 2380s
 186317 15509     cutoff   87       263.00000  259.00000  1.52%  30.3 2385s
 186543 15361  259.22917   40   92  263.00000  259.01064  1.52%  30.3 2390s
 187075 15069     cutoff   33       263.00000  259.09454  1.48%  30.2 2395s
 187563 14851  261.56818   34   50  263.00000  259.16052  1.46%  30.2 2400s
 188101 14534  261.66781   41  204  263.00000  259.24722  1.43%  30.2 2405s
 188634 14195     cutoff   34       263.00000  259.33333  1.39%  30.2 2410s
 189174 13852     cutoff   38       263.00000  259.40517  1.37%  30.1 2415s
 189670 13540  260.21084   52  199  263.00000  259.48098  1.34%  30.1 2420s
 190250 13151     cutoff   55       263.00000  259.54412  1.31%  30.1 2425s
 190851 12708     cutoff   50       263.00000  259.64744  1.27%  30.1 2430s
 191473 12281     cutoff   70       263.00000  259.74235  1.24%  30.0 2435s
 192067 11840     cutoff   38       263.00000  259.83436  1.20%  30.0 2440s
 192660 11435     cutoff   30       263.00000  259.92857  1.17%  29.9 2445s
 193255 11032  261.79920   39  181  263.00000  260.00000  1.14%  29.9 2450s
 193881 10624  260.49777   44  186  263.00000  260.04969  1.12%  29.9 2455s
 194471 10238     cutoff   50       263.00000  260.14318  1.09%  29.8 2460s
 195061  9806     cutoff   53       263.00000  260.23333  1.05%  29.8 2465s
 195705  9276  261.52941   27   72  263.00000  260.33333  1.01%  29.7 2470s
 196428  8674     cutoff   31       263.00000  260.44907  0.97%  29.7 2475s
 197134  8092     cutoff   40       263.00000  260.54167  0.93%  29.6 2480s
 197719  7610  261.84483   37  144  263.00000  260.63953  0.90%  29.6 2485s
 198515  6937  261.50000   40   26  263.00000  260.75943  0.85%  29.5 2490s
 199004  6510     cutoff   44       263.00000  260.83812  0.82%  29.4 2495s
 199868  5778  261.15385   29   19  263.00000  261.00000  0.76%  29.4 2500s
 200727  5025  262.00000   28   21  263.00000  261.09143  0.73%  29.3 2505s
 201623  4246     cutoff   28       263.00000  261.25000  0.67%  29.2 2510s
 202601  3333     cutoff   31       263.00000  261.41358  0.60%  29.1 2515s
 203701  2288     cutoff   62       263.00000  261.60000  0.53%  29.0 2520s
 204958  1064     cutoff   35       263.00000  261.85132  0.44%  28.8 2525s

Cutting planes:
  Gomory: 3
  MIR: 5
  Flow cover: 28
  Zero half: 42
  Lazy constraints: 11737

Explored 206033 nodes (5912286 simplex iterations) in 2528.81 seconds
Thread count was 1 (of 16 available processors)

Solution count 10: 263 268 272 ... 316

Optimal solution found (tolerance 1.00e-04)
Best objective 2.630000000000e+02, best bound 2.630000000000e+02, gap 0.0000%
