
Gurobi 7.5.2 (linux64, C++) logging started Sat Mar 10 07:35:16 2018

Academic license - for non-commercial use only
Optimize a model with 1034 rows, 574 columns and 3428 nonzeros
Variable types: 0 continuous, 574 integer (574 binary)
Coefficient statistics:
  Matrix range     [1e+00, 1e+00]
  Objective range  [1e+00, 2e+02]
  Bounds range     [1e+00, 1e+00]
  RHS range        [1e+00, 1e+00]

Loaded MIP start with objective 391

Presolve removed 2 rows and 1 columns
Presolve time: 0.00s
Presolved: 1032 rows, 573 columns, 3422 nonzeros
Variable types: 0 continuous, 573 integer (573 binary)

Root relaxation: objective 3.405000e+02, 278 iterations, 0.00 seconds

    Nodes    |    Current Node    |     Objective Bounds      |     Work
 Expl Unexpl |  Obj  Depth IntInf | Incumbent    BestBd   Gap | It/Node Time

     0     0  340.50000    0   32  391.00000  340.50000  12.9%     -    0s
H    0     0                     372.0000000  340.50000  8.47%     -    0s
     0     0  356.00000    0   40  372.00000  356.00000  4.30%     -    0s
     0     0  356.00000    0   49  372.00000  356.00000  4.30%     -    0s
     0     0  358.50000    0   21  372.00000  358.50000  3.63%     -    0s
     0     0  358.50000    0   19  372.00000  358.50000  3.63%     -    0s
     0     0  364.00000    0   17  372.00000  364.00000  2.15%     -    0s
     0     0  365.06667    0   34  372.00000  365.06667  1.86%     -    0s
     0     0  365.42857    0   32  372.00000  365.42857  1.77%     -    0s
     0     0  367.00000    0   18  372.00000  367.00000  1.34%     -    0s
     0     0  367.00000    0   17  372.00000  367.00000  1.34%     -    0s
     0     0  367.00000    0   22  372.00000  367.00000  1.34%     -    0s
     0     0  367.00000    0   12  372.00000  367.00000  1.34%     -    0s
     0     0  367.50000    0   14  372.00000  367.50000  1.21%     -    0s
     0     0  367.80000    0   21  372.00000  367.80000  1.13%     -    0s
     0     0  368.40000    0   21  372.00000  368.40000  0.97%     -    0s
     0     0  368.42308    0   23  372.00000  368.42308  0.96%     -    0s

Cutting planes:
  Gomory: 2
  Implied bound: 1
  Clique: 1
  Zero half: 5
  Mod-K: 1
  Lazy constraints: 7

Explored 1 nodes (636 simplex iterations) in 0.05 seconds
Thread count was 1 (of 16 available processors)

Solution count 2: 372 391 

Optimal solution found (tolerance 1.00e-04)
Best objective 3.720000000000e+02, best bound 3.720000000000e+02, gap 0.0000%
