
Gurobi 7.5.2 (linux64, C++) logging started Fri Mar  9 21:08:49 2018

Academic license - for non-commercial use only
Optimize a model with 2332 rows, 1202 columns and 8056 nonzeros
Variable types: 0 continuous, 1202 integer (1202 binary)
Coefficient statistics:
  Matrix range     [1e+00, 1e+00]
  Objective range  [1e+00, 2e+02]
  Bounds range     [1e+00, 1e+00]
  RHS range        [1e+00, 1e+00]

Loaded MIP start with objective 90

Presolve time: 0.01s
Presolved: 2332 rows, 1202 columns, 8056 nonzeros
Variable types: 0 continuous, 1202 integer (1202 binary)

Root relaxation: objective 4.500000e+01, 165 iterations, 0.00 seconds

    Nodes    |    Current Node    |     Objective Bounds      |     Work
 Expl Unexpl |  Obj  Depth IntInf | Incumbent    BestBd   Gap | It/Node Time

     0     0   45.00000    0   20   90.00000   45.00000  50.0%     -    0s
     0     0   63.34783    0   50   90.00000   63.34783  29.6%     -    0s
     0     0   63.34783    0   20   90.00000   63.34783  29.6%     -    0s
     0     0   63.34783    0   50   90.00000   63.34783  29.6%     -    0s
     0     0   63.48485    0   55   90.00000   63.48485  29.5%     -    0s
     0     0   63.61538    0   41   90.00000   63.61538  29.3%     -    0s
     0     0   64.62824    0   50   90.00000   64.62824  28.2%     -    0s
     0     0   64.62824    0   20   90.00000   64.62824  28.2%     -    0s
     0     0   64.62824    0   58   90.00000   64.62824  28.2%     -    0s
     0     0   64.69585    0   51   90.00000   64.69585  28.1%     -    0s
     0     0   64.73864    0   54   90.00000   64.73864  28.1%     -    0s
     0     0   65.20370    0   63   90.00000   65.20370  27.6%     -    0s
     0     0   65.42898    0   59   90.00000   65.42898  27.3%     -    0s
     0     0   65.62596    0   82   90.00000   65.62596  27.1%     -    0s
     0     0   65.63668    0   97   90.00000   65.63668  27.1%     -    0s
     0     0   65.63757    0   96   90.00000   65.63757  27.1%     -    0s
     0     0   65.76177    0   82   90.00000   65.76177  26.9%     -    0s
     0     0   65.92208    0   49   90.00000   65.92208  26.8%     -    0s
     0     0   65.93190    0   74   90.00000   65.93190  26.7%     -    0s
     0     0   65.93962    0   74   90.00000   65.93962  26.7%     -    0s
     0     0   65.98465    0   77   90.00000   65.98465  26.7%     -    0s
     0     0   65.98465    0   77   90.00000   65.98465  26.7%     -    0s
H    0     0                      85.0000000   65.98465  22.4%     -    0s
     0     0   65.98465    0   43   85.00000   65.98465  22.4%     -    0s
     0     0   65.98465    0   52   85.00000   65.98465  22.4%     -    0s
     0     0   66.42424    0   67   85.00000   66.42424  21.9%     -    0s
     0     0   66.67667    0   72   85.00000   66.67667  21.6%     -    0s
     0     0   66.97950    0   77   85.00000   66.97950  21.2%     -    0s
     0     0   67.36111    0   65   85.00000   67.36111  20.8%     -    0s
     0     0   67.42136    0   78   85.00000   67.42136  20.7%     -    0s
     0     0   67.48568    0   95   85.00000   67.48568  20.6%     -    0s
     0     0   67.48687    0   94   85.00000   67.48687  20.6%     -    0s
     0     0   67.61765    0   80   85.00000   67.61765  20.4%     -    0s
     0     0   67.62500    0   80   85.00000   67.62500  20.4%     -    0s
     0     0   67.68455    0   79   85.00000   67.68455  20.4%     -    0s
     0     0   67.68455    0   79   85.00000   67.68455  20.4%     -    0s
     0     2   67.72404    0   79   85.00000   67.72404  20.3%     -    0s

Cutting planes:
  Gomory: 1
  MIR: 1
  Zero half: 18
  Lazy constraints: 11

Explored 60 nodes (2154 simplex iterations) in 0.59 seconds
Thread count was 1 (of 16 available processors)

Solution count 2: 85 90 

Optimal solution found (tolerance 1.00e-04)
Best objective 8.500000000000e+01, best bound 8.500000000000e+01, gap 0.0000%
