
Gurobi 7.5.2 (linux64, C++) logging started Sat Mar 10 11:31:14 2018

Academic license - for non-commercial use only
Optimize a model with 4987 rows, 2578 columns and 17306 nonzeros
Variable types: 0 continuous, 2578 integer (2578 binary)
Coefficient statistics:
  Matrix range     [1e+00, 1e+00]
  Objective range  [1e+00, 1e+02]
  Bounds range     [1e+00, 1e+00]
  RHS range        [1e+00, 1e+00]

Loaded MIP start with objective 66

Presolve time: 0.01s
Presolved: 4987 rows, 2578 columns, 17306 nonzeros
Variable types: 0 continuous, 2578 integer (2578 binary)

Root relaxation: objective 4.312360e+01, 453 iterations, 0.02 seconds

    Nodes    |    Current Node    |     Objective Bounds      |     Work
 Expl Unexpl |  Obj  Depth IntInf | Incumbent    BestBd   Gap | It/Node Time

     0     0   43.12360    0   50   66.00000   43.12360  34.7%     -    0s
H    0     0                      59.0000000   43.12360  26.9%     -    0s
     0     0   48.16663    0   51   59.00000   48.16663  18.4%     -    0s
     0     0   48.16663    0   62   59.00000   48.16663  18.4%     -    0s
     0     0   49.89916    0   51   59.00000   49.89916  15.4%     -    0s
     0     0   50.00229    0   61   59.00000   50.00229  15.3%     -    0s
     0     0   50.22597    0   59   59.00000   50.22597  14.9%     -    0s
     0     0   50.22597    0   44   59.00000   50.22597  14.9%     -    0s
     0     0   50.22597    0   58   59.00000   50.22597  14.9%     -    0s
     0     0   50.22597    0   47   59.00000   50.22597  14.9%     -    0s
     0     0   50.63421    0   55   59.00000   50.63421  14.2%     -    0s
     0     0   50.63925    0   55   59.00000   50.63925  14.2%     -    0s
     0     0   50.64898    0   55   59.00000   50.64898  14.2%     -    0s
     0     0   51.23897    0   62   59.00000   51.23897  13.2%     -    0s
     0     0   51.47057    0   73   59.00000   51.47057  12.8%     -    0s
     0     0   51.50921    0   75   59.00000   51.50921  12.7%     -    0s
     0     0   51.65197    0   51   59.00000   51.65197  12.5%     -    0s
     0     0   51.73676    0   58   59.00000   51.73676  12.3%     -    0s
     0     0   51.74722    0   59   59.00000   51.74722  12.3%     -    0s
     0     0   51.78759    0   66   59.00000   51.78759  12.2%     -    0s
     0     0   51.85001    0   74   59.00000   51.85001  12.1%     -    0s
     0     0   51.89762    0   80   59.00000   51.89762  12.0%     -    0s
     0     0   51.90133    0   70   59.00000   51.90133  12.0%     -    0s
     0     0   52.04694    0   77   59.00000   52.04694  11.8%     -    0s
     0     0   52.09807    0   79   59.00000   52.09807  11.7%     -    0s
     0     0   52.10579    0   78   59.00000   52.10579  11.7%     -    0s
     0     0   52.10579    0   37   59.00000   52.10579  11.7%     -    0s
     0     0   52.10579    0   61   59.00000   52.10579  11.7%     -    0s
     0     0   52.10579    0   76   59.00000   52.10579  11.7%     -    0s
     0     0   52.10579    0   68   59.00000   52.10579  11.7%     -    0s
     0     0   52.13902    0   66   59.00000   52.13902  11.6%     -    0s
     0     0   52.14761    0   73   59.00000   52.14761  11.6%     -    0s
     0     0   52.20016    0   73   59.00000   52.20016  11.5%     -    0s
     0     0   52.30407    0   69   59.00000   52.30407  11.3%     -    0s
     0     0   52.36968    0   74   59.00000   52.36968  11.2%     -    0s
     0     0   52.37775    0   74   59.00000   52.37775  11.2%     -    0s
     0     0   52.38751    0   76   59.00000   52.38751  11.2%     -    0s
     0     0   52.39997    0   71   59.00000   52.39997  11.2%     -    0s
     0     0   52.41779    0   74   59.00000   52.41779  11.2%     -    0s
     0     0   52.47968    0   78   59.00000   52.47968  11.1%     -    0s
     0     0   52.48112    0   85   59.00000   52.48112  11.0%     -    0s
     0     0   52.74289    0   83   59.00000   52.74289  10.6%     -    0s
     0     0   52.74450    0   79   59.00000   52.74450  10.6%     -    0s
     0     0   52.77374    0   79   59.00000   52.77374  10.6%     -    0s
     0     0   52.81020    0   70   59.00000   52.81020  10.5%     -    0s
H    0     0                      56.0000000   52.81020  5.70%     -    0s
     0     0     cutoff    0        56.00000   56.00000  0.00%     -    0s

Explored 1 nodes (2075 simplex iterations) in 0.47 seconds
Thread count was 1 (of 16 available processors)

Solution count 3: 56 59 66 

Optimal solution found (tolerance 1.00e-04)
Best objective 5.600000000000e+01, best bound 5.600000000000e+01, gap 0.0000%
